#
# A fatal error has been detected by the Java Runtime Environment:
#
#  SIGSEGV (0xb) at pc=0x00007fc152a9e037, pid=8344, tid=17395
#
# JRE version: Java(TM) SE Runtime Environment (10.0.2+13) (build 10.0.2+13)
# Java VM: Java HotSpot(TM) 64-Bit Server VM (10.0.2+13, mixed mode, tiered, compressed oops, g1 gc, linux-amd64)
# Problematic frame:
# C  [libGLX_nvidia.so.0+0x53037]
#
# Core dump will be written. Default location: Core dumps may be processed with "/usr/share/apport/apport %p %s %c %d %P" (or dumping to /home/sarah/NetBeansProjects/StellarOPUSConverter-master/core.8344)
#
# If you would like to submit a bug report, please visit:
#   http://bugreport.java.com/bugreport/crash.jsp
# The crash happened outside the Java Virtual Machine in native code.
# See problematic frame for where to report the bug.
#

---------------  S U M M A R Y ------------

Command Line: -Xmx1G com.protonmail.sarahszabo.stellaropusconverter.Main Space-Bridge

Host: Intel(R) Core(TM) i7-4702MQ CPU @ 2.20GHz, 8 cores, 15G, Ubuntu 18.04.1 LTS
Time: Fri Dec 14 03:13:03 2018 EST elapsed time: 1177 seconds (0d 0h 19m 37s)

---------------  T H R E A D  ---------------

Current thread (0x00007fc2546c9000):  JavaThread "QuantumRenderer-0" daemon [_thread_in_native, id=17395, stack(0x00007fc1d5fe8000,0x00007fc1d60e9000)]

Stack: [0x00007fc1d5fe8000,0x00007fc1d60e9000],  sp=0x00007fc1d60e6bf0,  free space=1018k
Native frames: (J=compiled Java code, A=aot compiled Java code, j=interpreted, Vv=VM code, C=native code)
C  [libGLX_nvidia.so.0+0x53037]

Java frames: (J=compiled Java code, j=interpreted, Vv=VM code)
j  com.sun.prism.es2.X11GLFactory.nInitialize([I)J+0 javafx.graphics@10.0.2
j  com.sun.prism.es2.X11GLFactory.initialize(Ljava/lang/Class;Lcom/sun/prism/es2/GLPixelFormat$Attributes;)Z+73 javafx.graphics@10.0.2
j  com.sun.prism.es2.ES2Pipeline.<clinit>()V+49 javafx.graphics@10.0.2
v  ~StubRoutines::call_stub
j  java.lang.Class.forName0(Ljava/lang/String;ZLjava/lang/ClassLoader;Ljava/lang/Class;)Ljava/lang/Class;+0 java.base@10.0.2
j  java.lang.Class.forName(Ljava/lang/String;)Ljava/lang/Class;+11 java.base@10.0.2
j  com.sun.prism.GraphicsPipeline.createPipeline()Lcom/sun/prism/GraphicsPipeline;+180 javafx.graphics@10.0.2
j  com.sun.javafx.tk.quantum.QuantumRenderer$PipelineRunnable.init()V+0 javafx.graphics@10.0.2
j  com.sun.javafx.tk.quantum.QuantumRenderer$PipelineRunnable.run()V+1 javafx.graphics@10.0.2
j  java.lang.Thread.run()V+11 java.base@10.0.2
v  ~StubRoutines::call_stub

siginfo: si_signo: 11 (SIGSEGV), si_code: 1 (SEGV_MAPERR), si_addr: 0x0000000000028870

Register to memory mapping:

RAX=
[error occurred during error reporting (printing register info), id 0xb]

Registers:
RAX=0x00000000ffffffff, RBX=0x00007fc170046200, RCX=0x0000000000000000, RDX=0x0000000000000000
RSP=0x00007fc1d60e6bf0, RBP=0x0000000000000000, RSI=0x00007fc170000038, RDI=0x0000000000000000
R8 =0x00007fc1d60e60b0, R9 =0x00007fc1d60e8700, R10=0x0000000000000022, R11=0x00007fc152afc770
R12=0x0000000000000000, R13=0x0000000000000000, R14=0x00007fc1700498d0, R15=0x0000000000000000
RIP=0x00007fc152a9e037, EFLAGS=0x0000000000010246, CSGSFS=0x002b000000000033, ERR=0x0000000000000004
  TRAPNO=0x000000000000000e

Top of Stack: (sp=0x00007fc1d60e6bf0)
0x00007fc1d60e6bf0:   0000000000000000 0000000000000000
0x00007fc1d60e6c00:   9cc2692e00000000 0000000000000000
0x00007fc1d60e6c10:   00007fc1d60e6d80 00007fc152840ce0
0x00007fc1d60e6c20:   00007fc1700498d0 00007fc1700cf6e0 

Instructions: (pc=0x00007fc152a9e037)
0x00007fc152a9e017:   2d 00 31 f6 48 89 df 48 8b 02 ff 90 58 02 00 00
0x00007fc152a9e027:   48 85 c0 74 d4 3b a8 94 88 02 00 49 89 c4 75 c9
0x00007fc152a9e037:   4d 8b bc 24 70 88 02 00 4c 89 e5 41 80 bf dc 2e
0x00007fc152a9e047:   02 00 00 0f 85 c0 00 00 00 49 63 c5 48 8d 14 c5 


---------------  P R O C E S S  ---------------

Threads class SMR info:
_java_thread_list=0x00007fc184000b20, length=21, elements={
0x00007fc254012000, 0x00007fc254194000, 0x00007fc254196000, 0x00007fc2541a9000,
0x00007fc2541ab000, 0x00007fc2541ad000, 0x00007fc2541af000, 0x00007fc2541b1000,
0x00007fc2541b3000, 0x00007fc25428f800, 0x00007fc25429a000, 0x00007fc1a8002000,
0x00007fc25455e800, 0x00007fc1ac004800, 0x00007fc254560000, 0x00007fc1ac006000,
0x00007fc1a8029000, 0x00007fc18c048000, 0x00007fc254687800, 0x00007fc254689000,
0x00007fc2546c9000
}

Java Threads: ( => current thread )
  0x00007fc254012000 JavaThread "main" [_thread_blocked, id=8345, stack(0x00007fc25d5ef000,0x00007fc25d6f0000)]
  0x00007fc254194000 JavaThread "Reference Handler" daemon [_thread_blocked, id=8375, stack(0x00007fc2182f7000,0x00007fc2183f8000)]
  0x00007fc254196000 JavaThread "Finalizer" daemon [_thread_blocked, id=8376, stack(0x00007fc2181f6000,0x00007fc2182f7000)]
  0x00007fc2541a9000 JavaThread "Signal Dispatcher" daemon [_thread_blocked, id=8377, stack(0x00007fc2180f5000,0x00007fc2181f6000)]
  0x00007fc2541ab000 JavaThread "C2 CompilerThread0" daemon [_thread_blocked, id=8378, stack(0x00007fc1d7c21000,0x00007fc1d7d22000)]
  0x00007fc2541ad000 JavaThread "C2 CompilerThread1" daemon [_thread_blocked, id=8379, stack(0x00007fc1d7b20000,0x00007fc1d7c21000)]
  0x00007fc2541af000 JavaThread "C2 CompilerThread2" daemon [_thread_blocked, id=8380, stack(0x00007fc1d7a1f000,0x00007fc1d7b20000)]
  0x00007fc2541b1000 JavaThread "C1 CompilerThread3" daemon [_thread_blocked, id=8381, stack(0x00007fc1d791e000,0x00007fc1d7a1f000)]
  0x00007fc2541b3000 JavaThread "Sweeper thread" daemon [_thread_blocked, id=8382, stack(0x00007fc1d781d000,0x00007fc1d791e000)]
  0x00007fc25428f800 JavaThread "Service Thread" daemon [_thread_blocked, id=8383, stack(0x00007fc1d771c000,0x00007fc1d781d000)]
  0x00007fc25429a000 JavaThread "Common-Cleaner" daemon [_thread_blocked, id=8384, stack(0x00007fc1d761b000,0x00007fc1d771c000)]
  0x00007fc1a8002000 JavaThread "ForkJoinPool.commonPool-worker-2" daemon [_thread_blocked, id=14790, stack(0x00007fc1d66ef000,0x00007fc1d67f0000)]
  0x00007fc25455e800 JavaThread "ForkJoinPool.commonPool-worker-11" daemon [_thread_blocked, id=17257, stack(0x00007fc1d65ee000,0x00007fc1d66ef000)]
  0x00007fc1ac004800 JavaThread "ForkJoinPool.commonPool-worker-4" daemon [_thread_blocked, id=17258, stack(0x00007fc1d5ce5000,0x00007fc1d5de6000)]
  0x00007fc254560000 JavaThread "ForkJoinPool.commonPool-worker-13" daemon [_thread_blocked, id=17259, stack(0x00007fc1d61ea000,0x00007fc1d62eb000)]
  0x00007fc1ac006000 JavaThread "ForkJoinPool.commonPool-worker-6" daemon [_thread_blocked, id=17260, stack(0x00007fc1d67f0000,0x00007fc1d68f1000)]
  0x00007fc1a8029000 JavaThread "ForkJoinPool.commonPool-worker-15" daemon [_thread_blocked, id=17262, stack(0x00007fc1d64ed000,0x00007fc1d65ee000)]
  0x00007fc18c048000 JavaThread "ForkJoinPool.commonPool-worker-8" daemon [_thread_blocked, id=17263, stack(0x00007fc1d63ec000,0x00007fc1d64ed000)]
  0x00007fc254687800 JavaThread "Java2D Disposer" daemon [_thread_blocked, id=17393, stack(0x00007fc1d5ee7000,0x00007fc1d5fe8000)]
  0x00007fc254689000 JavaThread "AWT-XAWT" daemon [_thread_in_native, id=17394, stack(0x00007fc1d62eb000,0x00007fc1d63ec000)]
=>0x00007fc2546c9000 JavaThread "QuantumRenderer-0" daemon [_thread_in_native, id=17395, stack(0x00007fc1d5fe8000,0x00007fc1d60e9000)]

Other Threads:
  0x00007fc25418a000 VMThread "VM Thread" [stack: 0x00007fc2183fa000,0x00007fc2184fa000] [id=8374]
  0x00007fc25429d800 WatcherThread [stack: 0x00007fc1d751b000,0x00007fc1d761b000] [id=8385]
  0x00007fc25402b000 GCTaskThread "GC Thread#0" [stack: 0x00007fc259b20000,0x00007fc259c20000] [id=8348]
  0x00007fc25402c800 GCTaskThread "GC Thread#1" [stack: 0x00007fc259a1e000,0x00007fc259b1e000] [id=8353]
  0x00007fc25402e000 GCTaskThread "GC Thread#2" [stack: 0x00007fc25991c000,0x00007fc259a1c000] [id=8354]
  0x00007fc254030000 GCTaskThread "GC Thread#3" [stack: 0x00007fc25981a000,0x00007fc25991a000] [id=8355]
  0x00007fc254031800 GCTaskThread "GC Thread#4" [stack: 0x00007fc259718000,0x00007fc259818000] [id=8356]
  0x00007fc254033800 GCTaskThread "GC Thread#5" [stack: 0x00007fc259616000,0x00007fc259716000] [id=8357]
  0x00007fc254035000 GCTaskThread "GC Thread#6" [stack: 0x00007fc259514000,0x00007fc259614000] [id=8358]
  0x00007fc254037000 GCTaskThread "GC Thread#7" [stack: 0x00007fc259412000,0x00007fc259512000] [id=8359]
  0x00007fc25404f000 ConcurrentGCThread "G1 Main Marker" [stack: 0x00007fc258508000,0x00007fc258608000] [id=8360]
  0x00007fc254050800 ConcurrentGCThread "G1 Conc#0" [stack: 0x00007fc258406000,0x00007fc258506000] [id=8361]
  0x00007fc254052800 ConcurrentGCThread "G1 Conc#1" [stack: 0x00007fc258304000,0x00007fc258404000] [id=8362]
  0x00007fc25411b800 ConcurrentGCThread "G1 Refine#0" [stack: 0x00007fc238534000,0x00007fc238634000] [id=8363]
  0x00007fc25411d000 ConcurrentGCThread "G1 Refine#1" [stack: 0x00007fc238432000,0x00007fc238532000] [id=8364]
  0x00007fc25411f000 ConcurrentGCThread "G1 Refine#2" [stack: 0x00007fc238330000,0x00007fc238430000] [id=8365]
  0x00007fc254120800 ConcurrentGCThread "G1 Refine#3" [stack: 0x00007fc23822e000,0x00007fc23832e000] [id=8366]
  0x00007fc254122800 ConcurrentGCThread "G1 Refine#4" [stack: 0x00007fc23812c000,0x00007fc23822c000] [id=8367]
  0x00007fc254124000 ConcurrentGCThread "G1 Refine#5" [stack: 0x00007fc23802a000,0x00007fc23812a000] [id=8368]
  0x00007fc254126000 ConcurrentGCThread "G1 Refine#6" [stack: 0x00007fc218f00000,0x00007fc219000000] [id=8369]
  0x00007fc254127800 ConcurrentGCThread "G1 Refine#7" [stack: 0x00007fc218dfe000,0x00007fc218efe000] [id=8370]
  0x00007fc254129800 ConcurrentGCThread "G1 Young RemSet Sampling" [stack: 0x00007fc218cfc000,0x00007fc218dfc000] [id=8371]

Threads with active compile tasks:

VM state:not at safepoint (normal execution)

VM Mutex/Monitor currently owned by a thread: None

Heap address: 0x00000000c0000000, size: 1024 MB, Compressed Oops mode: 32-bit
Narrow klass base: 0x0000000000000000, Narrow klass shift: 3
Compressed class space size: 1073741824 Address: 0x0000000100000000

Heap:
 garbage-first heap   total 256000K, used 7635K [0x00000000c0000000, 0x0000000100000000)
  region size 1024K, 8 young (8192K), 4 survivors (4096K)
 Metaspace       used 22644K, capacity 23261K, committed 23728K, reserved 1071104K
  class space    used 2107K, capacity 2362K, committed 2480K, reserved 1048576K
Heap Regions: E=young(eden), S=young(survivor), O=old, HS=humongous(starts), HC=humongous(continues), CS=collection set, F=free, A=archive, TS=gc time stamp, AC=allocation context, TAMS=top-at-mark-start (previous, next)
|   0|0x00000000c0000000, 0x00000000c0090400, 0x00000000c0100000| 56%| O|  |TS  0|AC  0|TAMS 0x00000000c0090400, 0x00000000c0090400|
|   1|0x00000000c0100000, 0x00000000c0100000, 0x00000000c0200000|  0%| F|  |TS  0|AC  0|TAMS 0x00000000c0100000, 0x00000000c0100000|
|   2|0x00000000c0200000, 0x00000000c0200000, 0x00000000c0300000|  0%| F|  |TS  0|AC  0|TAMS 0x00000000c0200000, 0x00000000c0200000|
|   3|0x00000000c0300000, 0x00000000c0300000, 0x00000000c0400000|  0%| F|  |TS  0|AC  0|TAMS 0x00000000c0300000, 0x00000000c0300000|
|   4|0x00000000c0400000, 0x00000000c0400000, 0x00000000c0500000|  0%| F|  |TS  0|AC  0|TAMS 0x00000000c0400000, 0x00000000c0400000|
|   5|0x00000000c0500000, 0x00000000c0500000, 0x00000000c0600000|  0%| F|  |TS  0|AC  0|TAMS 0x00000000c0500000, 0x00000000c0500000|
|   6|0x00000000c0600000, 0x00000000c0600000, 0x00000000c0700000|  0%| F|  |TS  0|AC  0|TAMS 0x00000000c0600000, 0x00000000c0600000|
|   7|0x00000000c0700000, 0x00000000c0700000, 0x00000000c0800000|  0%| F|  |TS  0|AC  0|TAMS 0x00000000c0700000, 0x00000000c0700000|
|   8|0x00000000c0800000, 0x00000000c0800000, 0x00000000c0900000|  0%| F|  |TS  0|AC  0|TAMS 0x00000000c0800000, 0x00000000c0800000|
|   9|0x00000000c0900000, 0x00000000c0900000, 0x00000000c0a00000|  0%| F|  |TS  0|AC  0|TAMS 0x00000000c0900000, 0x00000000c0900000|
|  10|0x00000000c0a00000, 0x00000000c0a00000, 0x00000000c0b00000|  0%| F|  |TS  0|AC  0|TAMS 0x00000000c0a00000, 0x00000000c0a00000|
|  11|0x00000000c0b00000, 0x00000000c0b00000, 0x00000000c0c00000|  0%| F|  |TS  0|AC  0|TAMS 0x00000000c0b00000, 0x00000000c0b00000|
|  12|0x00000000c0c00000, 0x00000000c0c00000, 0x00000000c0d00000|  0%| F|  |TS  0|AC  0|TAMS 0x00000000c0c00000, 0x00000000c0c00000|
|  13|0x00000000c0d00000, 0x00000000c0d00000, 0x00000000c0e00000|  0%| F|  |TS  0|AC  0|TAMS 0x00000000c0d00000, 0x00000000c0d00000|
|  14|0x00000000c0e00000, 0x00000000c0e00000, 0x00000000c0f00000|  0%| F|  |TS  0|AC  0|TAMS 0x00000000c0e00000, 0x00000000c0e00000|
|  15|0x00000000c0f00000, 0x00000000c0f00000, 0x00000000c1000000|  0%| F|  |TS  0|AC  0|TAMS 0x00000000c0f00000, 0x00000000c0f00000|
|  16|0x00000000c1000000, 0x00000000c1000000, 0x00000000c1100000|  0%| F|  |TS  0|AC  0|TAMS 0x00000000c1000000, 0x00000000c1000000|
|  17|0x00000000c1100000, 0x00000000c1100000, 0x00000000c1200000|  0%| F|  |TS  0|AC  0|TAMS 0x00000000c1100000, 0x00000000c1100000|
|  18|0x00000000c1200000, 0x00000000c1200000, 0x00000000c1300000|  0%| F|  |TS  0|AC  0|TAMS 0x00000000c1200000, 0x00000000c1200000|
|  19|0x00000000c1300000, 0x00000000c1300000, 0x00000000c1400000|  0%| F|  |TS  0|AC  0|TAMS 0x00000000c1300000, 0x00000000c1300000|
|  20|0x00000000c1400000, 0x00000000c1400000, 0x00000000c1500000|  0%| F|  |TS  0|AC  0|TAMS 0x00000000c1400000, 0x00000000c1400000|
|  21|0x00000000c1500000, 0x00000000c1500000, 0x00000000c1600000|  0%| F|  |TS  0|AC  0|TAMS 0x00000000c1500000, 0x00000000c1500000|
|  22|0x00000000c1600000, 0x00000000c1600000, 0x00000000c1700000|  0%| F|  |TS  0|AC  0|TAMS 0x00000000c1600000, 0x00000000c1600000|
|  23|0x00000000c1700000, 0x00000000c1700000, 0x00000000c1800000|  0%| F|  |TS  0|AC  0|TAMS 0x00000000c1700000, 0x00000000c1700000|
|  24|0x00000000c1800000, 0x00000000c1800000, 0x00000000c1900000|  0%| F|  |TS  0|AC  0|TAMS 0x00000000c1800000, 0x00000000c1800000|
|  25|0x00000000c1900000, 0x00000000c1900000, 0x00000000c1a00000|  0%| F|  |TS  0|AC  0|TAMS 0x00000000c1900000, 0x00000000c1900000|
|  26|0x00000000c1a00000, 0x00000000c1a00000, 0x00000000c1b00000|  0%| F|  |TS  0|AC  0|TAMS 0x00000000c1a00000, 0x00000000c1a00000|
|  27|0x00000000c1b00000, 0x00000000c1b00000, 0x00000000c1c00000|  0%| F|  |TS  0|AC  0|TAMS 0x00000000c1b00000, 0x00000000c1b00000|
|  28|0x00000000c1c00000, 0x00000000c1c00000, 0x00000000c1d00000|  0%| F|  |TS  0|AC  0|TAMS 0x00000000c1c00000, 0x00000000c1c00000|
|  29|0x00000000c1d00000, 0x00000000c1d00000, 0x00000000c1e00000|  0%| F|  |TS  0|AC  0|TAMS 0x00000000c1d00000, 0x00000000c1d00000|
|  30|0x00000000c1e00000, 0x00000000c1e00000, 0x00000000c1f00000|  0%| F|  |TS  0|AC  0|TAMS 0x00000000c1e00000, 0x00000000c1e00000|
|  31|0x00000000c1f00000, 0x00000000c1f00000, 0x00000000c2000000|  0%| F|  |TS  0|AC  0|TAMS 0x00000000c1f00000, 0x00000000c1f00000|
|  32|0x00000000c2000000, 0x00000000c2000000, 0x00000000c2100000|  0%| F|  |TS  0|AC  0|TAMS 0x00000000c2000000, 0x00000000c2000000|
|  33|0x00000000c2100000, 0x00000000c2100000, 0x00000000c2200000|  0%| F|  |TS  0|AC  0|TAMS 0x00000000c2100000, 0x00000000c2100000|
|  34|0x00000000c2200000, 0x00000000c2200000, 0x00000000c2300000|  0%| F|  |TS  0|AC  0|TAMS 0x00000000c2200000, 0x00000000c2200000|
|  35|0x00000000c2300000, 0x00000000c2300000, 0x00000000c2400000|  0%| F|  |TS  0|AC  0|TAMS 0x00000000c2300000, 0x00000000c2300000|
|  36|0x00000000c2400000, 0x00000000c2400000, 0x00000000c2500000|  0%| F|  |TS  0|AC  0|TAMS 0x00000000c2400000, 0x00000000c2400000|
|  37|0x00000000c2500000, 0x00000000c2500000, 0x00000000c2600000|  0%| F|  |TS  0|AC  0|TAMS 0x00000000c2500000, 0x00000000c2500000|
|  38|0x00000000c2600000, 0x00000000c2600000, 0x00000000c2700000|  0%| F|  |TS  0|AC  0|TAMS 0x00000000c2600000, 0x00000000c2600000|
|  39|0x00000000c2700000, 0x00000000c2700000, 0x00000000c2800000|  0%| F|  |TS  0|AC  0|TAMS 0x00000000c2700000, 0x00000000c2700000|
|  40|0x00000000c2800000, 0x00000000c2800000, 0x00000000c2900000|  0%| F|  |TS  0|AC  0|TAMS 0x00000000c2800000, 0x00000000c2800000|
|  41|0x00000000c2900000, 0x00000000c2900000, 0x00000000c2a00000|  0%| F|  |TS  0|AC  0|TAMS 0x00000000c2900000, 0x00000000c2900000|
|  42|0x00000000c2a00000, 0x00000000c2a00000, 0x00000000c2b00000|  0%| F|  |TS  0|AC  0|TAMS 0x00000000c2a00000, 0x00000000c2a00000|
|  43|0x00000000c2b00000, 0x00000000c2b00000, 0x00000000c2c00000|  0%| F|  |TS  0|AC  0|TAMS 0x00000000c2b00000, 0x00000000c2b00000|
|  44|0x00000000c2c00000, 0x00000000c2c00000, 0x00000000c2d00000|  0%| F|  |TS  0|AC  0|TAMS 0x00000000c2c00000, 0x00000000c2c00000|
|  45|0x00000000c2d00000, 0x00000000c2d00000, 0x00000000c2e00000|  0%| F|  |TS  0|AC  0|TAMS 0x00000000c2d00000, 0x00000000c2d00000|
|  46|0x00000000c2e00000, 0x00000000c2e00000, 0x00000000c2f00000|  0%| F|  |TS  0|AC  0|TAMS 0x00000000c2e00000, 0x00000000c2e00000|
|  47|0x00000000c2f00000, 0x00000000c2f00000, 0x00000000c3000000|  0%| F|  |TS  0|AC  0|TAMS 0x00000000c2f00000, 0x00000000c2f00000|
|  48|0x00000000c3000000, 0x00000000c3000000, 0x00000000c3100000|  0%| F|  |TS  0|AC  0|TAMS 0x00000000c3000000, 0x00000000c3000000|
|  49|0x00000000c3100000, 0x00000000c3100000, 0x00000000c3200000|  0%| F|  |TS  0|AC  0|TAMS 0x00000000c3100000, 0x00000000c3100000|
|  50|0x00000000c3200000, 0x00000000c3200000, 0x00000000c3300000|  0%| F|  |TS  0|AC  0|TAMS 0x00000000c3200000, 0x00000000c3200000|
|  51|0x00000000c3300000, 0x00000000c3300000, 0x00000000c3400000|  0%| F|  |TS  0|AC  0|TAMS 0x00000000c3300000, 0x00000000c3300000|
|  52|0x00000000c3400000, 0x00000000c3400000, 0x00000000c3500000|  0%| F|  |TS  0|AC  0|TAMS 0x00000000c3400000, 0x00000000c3400000|
|  53|0x00000000c3500000, 0x00000000c3500000, 0x00000000c3600000|  0%| F|  |TS  0|AC  0|TAMS 0x00000000c3500000, 0x00000000c3500000|
|  54|0x00000000c3600000, 0x00000000c3600000, 0x00000000c3700000|  0%| F|  |TS  0|AC  0|TAMS 0x00000000c3600000, 0x00000000c3600000|
|  55|0x00000000c3700000, 0x00000000c3700000, 0x00000000c3800000|  0%| F|  |TS  0|AC  0|TAMS 0x00000000c3700000, 0x00000000c3700000|
|  56|0x00000000c3800000, 0x00000000c3800000, 0x00000000c3900000|  0%| F|  |TS  0|AC  0|TAMS 0x00000000c3800000, 0x00000000c3800000|
|  57|0x00000000c3900000, 0x00000000c3900000, 0x00000000c3a00000|  0%| F|  |TS  0|AC  0|TAMS 0x00000000c3900000, 0x00000000c3900000|
|  58|0x00000000c3a00000, 0x00000000c3a00000, 0x00000000c3b00000|  0%| F|  |TS  0|AC  0|TAMS 0x00000000c3a00000, 0x00000000c3a00000|
|  59|0x00000000c3b00000, 0x00000000c3b00000, 0x00000000c3c00000|  0%| F|  |TS  0|AC  0|TAMS 0x00000000c3b00000, 0x00000000c3b00000|
|  60|0x00000000c3c00000, 0x00000000c3c00000, 0x00000000c3d00000|  0%| F|  |TS  0|AC  0|TAMS 0x00000000c3c00000, 0x00000000c3c00000|
|  61|0x00000000c3d00000, 0x00000000c3d00000, 0x00000000c3e00000|  0%| F|  |TS  0|AC  0|TAMS 0x00000000c3d00000, 0x00000000c3d00000|
|  62|0x00000000c3e00000, 0x00000000c3e00000, 0x00000000c3f00000|  0%| F|  |TS  0|AC  0|TAMS 0x00000000c3e00000, 0x00000000c3e00000|
|  63|0x00000000c3f00000, 0x00000000c3f00000, 0x00000000c4000000|  0%| F|  |TS  0|AC  0|TAMS 0x00000000c3f00000, 0x00000000c3f00000|
|  64|0x00000000c4000000, 0x00000000c4000000, 0x00000000c4100000|  0%| F|  |TS  0|AC  0|TAMS 0x00000000c4000000, 0x00000000c4000000|
|  65|0x00000000c4100000, 0x00000000c4100000, 0x00000000c4200000|  0%| F|  |TS  0|AC  0|TAMS 0x00000000c4100000, 0x00000000c4100000|
|  66|0x00000000c4200000, 0x00000000c4200000, 0x00000000c4300000|  0%| F|  |TS  0|AC  0|TAMS 0x00000000c4200000, 0x00000000c4200000|
|  67|0x00000000c4300000, 0x00000000c4300000, 0x00000000c4400000|  0%| F|  |TS  0|AC  0|TAMS 0x00000000c4300000, 0x00000000c4300000|
|  68|0x00000000c4400000, 0x00000000c4400000, 0x00000000c4500000|  0%| F|  |TS  0|AC  0|TAMS 0x00000000c4400000, 0x00000000c4400000|
|  69|0x00000000c4500000, 0x00000000c4500000, 0x00000000c4600000|  0%| F|  |TS  0|AC  0|TAMS 0x00000000c4500000, 0x00000000c4500000|
|  70|0x00000000c4600000, 0x00000000c4600000, 0x00000000c4700000|  0%| F|  |TS  0|AC  0|TAMS 0x00000000c4600000, 0x00000000c4600000|
|  71|0x00000000c4700000, 0x00000000c4700000, 0x00000000c4800000|  0%| F|  |TS  0|AC  0|TAMS 0x00000000c4700000, 0x00000000c4700000|
|  72|0x00000000c4800000, 0x00000000c4800000, 0x00000000c4900000|  0%| F|  |TS  0|AC  0|TAMS 0x00000000c4800000, 0x00000000c4800000|
|  73|0x00000000c4900000, 0x00000000c4900000, 0x00000000c4a00000|  0%| F|  |TS  0|AC  0|TAMS 0x00000000c4900000, 0x00000000c4900000|
|  74|0x00000000c4a00000, 0x00000000c4a00000, 0x00000000c4b00000|  0%| F|  |TS  0|AC  0|TAMS 0x00000000c4a00000, 0x00000000c4a00000|
|  75|0x00000000c4b00000, 0x00000000c4b00000, 0x00000000c4c00000|  0%| F|  |TS  0|AC  0|TAMS 0x00000000c4b00000, 0x00000000c4b00000|
|  76|0x00000000c4c00000, 0x00000000c4c00000, 0x00000000c4d00000|  0%| F|  |TS  0|AC  0|TAMS 0x00000000c4c00000, 0x00000000c4c00000|
|  77|0x00000000c4d00000, 0x00000000c4d00000, 0x00000000c4e00000|  0%| F|  |TS  0|AC  0|TAMS 0x00000000c4d00000, 0x00000000c4d00000|
|  78|0x00000000c4e00000, 0x00000000c4e00000, 0x00000000c4f00000|  0%| F|  |TS  0|AC  0|TAMS 0x00000000c4e00000, 0x00000000c4e00000|
|  79|0x00000000c4f00000, 0x00000000c4f00000, 0x00000000c5000000|  0%| F|  |TS  0|AC  0|TAMS 0x00000000c4f00000, 0x00000000c4f00000|
|  80|0x00000000c5000000, 0x00000000c5000000, 0x00000000c5100000|  0%| F|  |TS  0|AC  0|TAMS 0x00000000c5000000, 0x00000000c5000000|
|  81|0x00000000c5100000, 0x00000000c5100000, 0x00000000c5200000|  0%| F|  |TS  0|AC  0|TAMS 0x00000000c5100000, 0x00000000c5100000|
|  82|0x00000000c5200000, 0x00000000c5200000, 0x00000000c5300000|  0%| F|  |TS  0|AC  0|TAMS 0x00000000c5200000, 0x00000000c5200000|
|  83|0x00000000c5300000, 0x00000000c5300000, 0x00000000c5400000|  0%| F|  |TS  0|AC  0|TAMS 0x00000000c5300000, 0x00000000c5300000|
|  84|0x00000000c5400000, 0x00000000c5400000, 0x00000000c5500000|  0%| F|  |TS  0|AC  0|TAMS 0x00000000c5400000, 0x00000000c5400000|
|  85|0x00000000c5500000, 0x00000000c5500000, 0x00000000c5600000|  0%| F|  |TS  0|AC  0|TAMS 0x00000000c5500000, 0x00000000c5500000|
|  86|0x00000000c5600000, 0x00000000c5600000, 0x00000000c5700000|  0%| F|  |TS  0|AC  0|TAMS 0x00000000c5600000, 0x00000000c5600000|
|  87|0x00000000c5700000, 0x00000000c5700000, 0x00000000c5800000|  0%| F|  |TS  0|AC  0|TAMS 0x00000000c5700000, 0x00000000c5700000|
|  88|0x00000000c5800000, 0x00000000c5800000, 0x00000000c5900000|  0%| F|  |TS  0|AC  0|TAMS 0x00000000c5800000, 0x00000000c5800000|
|  89|0x00000000c5900000, 0x00000000c5900000, 0x00000000c5a00000|  0%| F|  |TS  0|AC  0|TAMS 0x00000000c5900000, 0x00000000c5900000|
|  90|0x00000000c5a00000, 0x00000000c5a00000, 0x00000000c5b00000|  0%| F|  |TS  0|AC  0|TAMS 0x00000000c5a00000, 0x00000000c5a00000|
|  91|0x00000000c5b00000, 0x00000000c5b00000, 0x00000000c5c00000|  0%| F|  |TS  0|AC  0|TAMS 0x00000000c5b00000, 0x00000000c5b00000|
|  92|0x00000000c5c00000, 0x00000000c5c00000, 0x00000000c5d00000|  0%| F|  |TS  0|AC  0|TAMS 0x00000000c5c00000, 0x00000000c5c00000|
|  93|0x00000000c5d00000, 0x00000000c5d00000, 0x00000000c5e00000|  0%| F|  |TS  0|AC  0|TAMS 0x00000000c5d00000, 0x00000000c5d00000|
|  94|0x00000000c5e00000, 0x00000000c5e00000, 0x00000000c5f00000|  0%| F|  |TS  0|AC  0|TAMS 0x00000000c5e00000, 0x00000000c5e00000|
|  95|0x00000000c5f00000, 0x00000000c5f00000, 0x00000000c6000000|  0%| F|  |TS  0|AC  0|TAMS 0x00000000c5f00000, 0x00000000c5f00000|
|  96|0x00000000c6000000, 0x00000000c6000000, 0x00000000c6100000|  0%| F|  |TS  0|AC  0|TAMS 0x00000000c6000000, 0x00000000c6000000|
|  97|0x00000000c6100000, 0x00000000c6100000, 0x00000000c6200000|  0%| F|  |TS  0|AC  0|TAMS 0x00000000c6100000, 0x00000000c6100000|
|  98|0x00000000c6200000, 0x00000000c6200000, 0x00000000c6300000|  0%| F|  |TS  0|AC  0|TAMS 0x00000000c6200000, 0x00000000c6200000|
|  99|0x00000000c6300000, 0x00000000c6300000, 0x00000000c6400000|  0%| F|  |TS  0|AC  0|TAMS 0x00000000c6300000, 0x00000000c6300000|
| 100|0x00000000c6400000, 0x00000000c6400000, 0x00000000c6500000|  0%| F|  |TS  0|AC  0|TAMS 0x00000000c6400000, 0x00000000c6400000|
| 101|0x00000000c6500000, 0x00000000c6500000, 0x00000000c6600000|  0%| F|  |TS  0|AC  0|TAMS 0x00000000c6500000, 0x00000000c6500000|
| 102|0x00000000c6600000, 0x00000000c6600000, 0x00000000c6700000|  0%| F|  |TS  0|AC  0|TAMS 0x00000000c6600000, 0x00000000c6600000|
| 103|0x00000000c6700000, 0x00000000c6700000, 0x00000000c6800000|  0%| F|  |TS  0|AC  0|TAMS 0x00000000c6700000, 0x00000000c6700000|
| 104|0x00000000c6800000, 0x00000000c6800000, 0x00000000c6900000|  0%| F|  |TS  0|AC  0|TAMS 0x00000000c6800000, 0x00000000c6800000|
| 105|0x00000000c6900000, 0x00000000c6900000, 0x00000000c6a00000|  0%| F|  |TS  0|AC  0|TAMS 0x00000000c6900000, 0x00000000c6900000|
| 106|0x00000000c6a00000, 0x00000000c6a00000, 0x00000000c6b00000|  0%| F|  |TS  0|AC  0|TAMS 0x00000000c6a00000, 0x00000000c6a00000|
| 107|0x00000000c6b00000, 0x00000000c6b00000, 0x00000000c6c00000|  0%| F|  |TS  0|AC  0|TAMS 0x00000000c6b00000, 0x00000000c6b00000|
| 108|0x00000000c6c00000, 0x00000000c6c00000, 0x00000000c6d00000|  0%| F|  |TS  0|AC  0|TAMS 0x00000000c6c00000, 0x00000000c6c00000|
| 109|0x00000000c6d00000, 0x00000000c6d00000, 0x00000000c6e00000|  0%| F|  |TS  0|AC  0|TAMS 0x00000000c6d00000, 0x00000000c6d00000|
| 110|0x00000000c6e00000, 0x00000000c6e00000, 0x00000000c6f00000|  0%| F|  |TS  0|AC  0|TAMS 0x00000000c6e00000, 0x00000000c6e00000|
| 111|0x00000000c6f00000, 0x00000000c6f00000, 0x00000000c7000000|  0%| F|  |TS  0|AC  0|TAMS 0x00000000c6f00000, 0x00000000c6f00000|
| 112|0x00000000c7000000, 0x00000000c70e4a60, 0x00000000c7100000| 89%| S|CS|TS  0|AC  0|TAMS 0x00000000c7000000, 0x00000000c7000000|
| 113|0x00000000c7100000, 0x00000000c7200000, 0x00000000c7200000|100%| S|CS|TS  0|AC  0|TAMS 0x00000000c7100000, 0x00000000c7100000|
| 114|0x00000000c7200000, 0x00000000c7300000, 0x00000000c7300000|100%| S|CS|TS  0|AC  0|TAMS 0x00000000c7200000, 0x00000000c7200000|
| 115|0x00000000c7300000, 0x00000000c7400000, 0x00000000c7400000|100%| S|CS|TS  0|AC  0|TAMS 0x00000000c7300000, 0x00000000c7300000|
| 116|0x00000000c7400000, 0x00000000c7400000, 0x00000000c7500000|  0%| F|  |TS  0|AC  0|TAMS 0x00000000c7400000, 0x00000000c7400000|
| 117|0x00000000c7500000, 0x00000000c7500000, 0x00000000c7600000|  0%| F|  |TS  0|AC  0|TAMS 0x00000000c7500000, 0x00000000c7500000|
| 118|0x00000000c7600000, 0x00000000c7600000, 0x00000000c7700000|  0%| F|  |TS  0|AC  0|TAMS 0x00000000c7600000, 0x00000000c7600000|
| 119|0x00000000c7700000, 0x00000000c7700000, 0x00000000c7800000|  0%| F|  |TS  0|AC  0|TAMS 0x00000000c7700000, 0x00000000c7700000|
| 120|0x00000000c7800000, 0x00000000c7800000, 0x00000000c7900000|  0%| F|  |TS  0|AC  0|TAMS 0x00000000c7800000, 0x00000000c7800000|
| 121|0x00000000c7900000, 0x00000000c7900000, 0x00000000c7a00000|  0%| F|  |TS  0|AC  0|TAMS 0x00000000c7900000, 0x00000000c7900000|
| 122|0x00000000c7a00000, 0x00000000c7a00000, 0x00000000c7b00000|  0%| F|  |TS  0|AC  0|TAMS 0x00000000c7a00000, 0x00000000c7a00000|
| 123|0x00000000c7b00000, 0x00000000c7b00000, 0x00000000c7c00000|  0%| F|  |TS  0|AC  0|TAMS 0x00000000c7b00000, 0x00000000c7b00000|
| 124|0x00000000c7c00000, 0x00000000c7c00000, 0x00000000c7d00000|  0%| F|  |TS  0|AC  0|TAMS 0x00000000c7c00000, 0x00000000c7c00000|
| 125|0x00000000c7d00000, 0x00000000c7d00000, 0x00000000c7e00000|  0%| F|  |TS  0|AC  0|TAMS 0x00000000c7d00000, 0x00000000c7d00000|
| 126|0x00000000c7e00000, 0x00000000c7e00000, 0x00000000c7f00000|  0%| F|  |TS  0|AC  0|TAMS 0x00000000c7e00000, 0x00000000c7e00000|
| 127|0x00000000c7f00000, 0x00000000c7f00000, 0x00000000c8000000|  0%| F|  |TS  0|AC  0|TAMS 0x00000000c7f00000, 0x00000000c7f00000|
| 128|0x00000000c8000000, 0x00000000c8000000, 0x00000000c8100000|  0%| F|  |TS  0|AC  0|TAMS 0x00000000c8000000, 0x00000000c8000000|
| 129|0x00000000c8100000, 0x00000000c8100000, 0x00000000c8200000|  0%| F|  |TS  0|AC  0|TAMS 0x00000000c8100000, 0x00000000c8100000|
| 130|0x00000000c8200000, 0x00000000c8200000, 0x00000000c8300000|  0%| F|  |TS  0|AC  0|TAMS 0x00000000c8200000, 0x00000000c8200000|
| 131|0x00000000c8300000, 0x00000000c8300000, 0x00000000c8400000|  0%| F|  |TS  0|AC  0|TAMS 0x00000000c8300000, 0x00000000c8300000|
| 132|0x00000000c8400000, 0x00000000c8400000, 0x00000000c8500000|  0%| F|  |TS  0|AC  0|TAMS 0x00000000c8400000, 0x00000000c8400000|
| 133|0x00000000c8500000, 0x00000000c8500000, 0x00000000c8600000|  0%| F|  |TS  0|AC  0|TAMS 0x00000000c8500000, 0x00000000c8500000|
| 134|0x00000000c8600000, 0x00000000c8600000, 0x00000000c8700000|  0%| F|  |TS  0|AC  0|TAMS 0x00000000c8600000, 0x00000000c8600000|
| 135|0x00000000c8700000, 0x00000000c8700000, 0x00000000c8800000|  0%| F|  |TS  0|AC  0|TAMS 0x00000000c8700000, 0x00000000c8700000|
| 136|0x00000000c8800000, 0x00000000c8800000, 0x00000000c8900000|  0%| F|  |TS  0|AC  0|TAMS 0x00000000c8800000, 0x00000000c8800000|
| 137|0x00000000c8900000, 0x00000000c8900000, 0x00000000c8a00000|  0%| F|  |TS  0|AC  0|TAMS 0x00000000c8900000, 0x00000000c8900000|
| 138|0x00000000c8a00000, 0x00000000c8a00000, 0x00000000c8b00000|  0%| F|  |TS  0|AC  0|TAMS 0x00000000c8a00000, 0x00000000c8a00000|
| 139|0x00000000c8b00000, 0x00000000c8b00000, 0x00000000c8c00000|  0%| F|  |TS  0|AC  0|TAMS 0x00000000c8b00000, 0x00000000c8b00000|
| 140|0x00000000c8c00000, 0x00000000c8c00000, 0x00000000c8d00000|  0%| F|  |TS  0|AC  0|TAMS 0x00000000c8c00000, 0x00000000c8c00000|
| 141|0x00000000c8d00000, 0x00000000c8d00000, 0x00000000c8e00000|  0%| F|  |TS  0|AC  0|TAMS 0x00000000c8d00000, 0x00000000c8d00000|
| 142|0x00000000c8e00000, 0x00000000c8e00000, 0x00000000c8f00000|  0%| F|  |TS  0|AC  0|TAMS 0x00000000c8e00000, 0x00000000c8e00000|
| 143|0x00000000c8f00000, 0x00000000c8f00000, 0x00000000c9000000|  0%| F|  |TS  0|AC  0|TAMS 0x00000000c8f00000, 0x00000000c8f00000|
| 144|0x00000000c9000000, 0x00000000c9000000, 0x00000000c9100000|  0%| F|  |TS  0|AC  0|TAMS 0x00000000c9000000, 0x00000000c9000000|
| 145|0x00000000c9100000, 0x00000000c9100000, 0x00000000c9200000|  0%| F|  |TS  0|AC  0|TAMS 0x00000000c9100000, 0x00000000c9100000|
| 146|0x00000000c9200000, 0x00000000c9200000, 0x00000000c9300000|  0%| F|  |TS  0|AC  0|TAMS 0x00000000c9200000, 0x00000000c9200000|
| 147|0x00000000c9300000, 0x00000000c9300000, 0x00000000c9400000|  0%| F|  |TS  0|AC  0|TAMS 0x00000000c9300000, 0x00000000c9300000|
| 148|0x00000000c9400000, 0x00000000c9400000, 0x00000000c9500000|  0%| F|  |TS  0|AC  0|TAMS 0x00000000c9400000, 0x00000000c9400000|
| 149|0x00000000c9500000, 0x00000000c9500000, 0x00000000c9600000|  0%| F|  |TS  0|AC  0|TAMS 0x00000000c9500000, 0x00000000c9500000|
| 150|0x00000000c9600000, 0x00000000c9600000, 0x00000000c9700000|  0%| F|  |TS  0|AC  0|TAMS 0x00000000c9600000, 0x00000000c9600000|
| 151|0x00000000c9700000, 0x00000000c9700000, 0x00000000c9800000|  0%| F|  |TS  0|AC  0|TAMS 0x00000000c9700000, 0x00000000c9700000|
| 152|0x00000000c9800000, 0x00000000c9800000, 0x00000000c9900000|  0%| F|  |TS  0|AC  0|TAMS 0x00000000c9800000, 0x00000000c9800000|
| 153|0x00000000c9900000, 0x00000000c9900000, 0x00000000c9a00000|  0%| F|  |TS  0|AC  0|TAMS 0x00000000c9900000, 0x00000000c9900000|
| 154|0x00000000c9a00000, 0x00000000c9a00000, 0x00000000c9b00000|  0%| F|  |TS  0|AC  0|TAMS 0x00000000c9a00000, 0x00000000c9a00000|
| 155|0x00000000c9b00000, 0x00000000c9b00000, 0x00000000c9c00000|  0%| F|  |TS  0|AC  0|TAMS 0x00000000c9b00000, 0x00000000c9b00000|
| 156|0x00000000c9c00000, 0x00000000c9c00000, 0x00000000c9d00000|  0%| F|  |TS  0|AC  0|TAMS 0x00000000c9c00000, 0x00000000c9c00000|
| 157|0x00000000c9d00000, 0x00000000c9d00000, 0x00000000c9e00000|  0%| F|  |TS  0|AC  0|TAMS 0x00000000c9d00000, 0x00000000c9d00000|
| 158|0x00000000c9e00000, 0x00000000c9e00000, 0x00000000c9f00000|  0%| F|  |TS  0|AC  0|TAMS 0x00000000c9e00000, 0x00000000c9e00000|
| 159|0x00000000c9f00000, 0x00000000c9f00000, 0x00000000ca000000|  0%| F|  |TS  0|AC  0|TAMS 0x00000000c9f00000, 0x00000000c9f00000|
| 160|0x00000000ca000000, 0x00000000ca000000, 0x00000000ca100000|  0%| F|  |TS  0|AC  0|TAMS 0x00000000ca000000, 0x00000000ca000000|
| 161|0x00000000ca100000, 0x00000000ca100000, 0x00000000ca200000|  0%| F|  |TS  0|AC  0|TAMS 0x00000000ca100000, 0x00000000ca100000|
| 162|0x00000000ca200000, 0x00000000ca200000, 0x00000000ca300000|  0%| F|  |TS  0|AC  0|TAMS 0x00000000ca200000, 0x00000000ca200000|
| 163|0x00000000ca300000, 0x00000000ca300000, 0x00000000ca400000|  0%| F|  |TS  0|AC  0|TAMS 0x00000000ca300000, 0x00000000ca300000|
| 164|0x00000000ca400000, 0x00000000ca400000, 0x00000000ca500000|  0%| F|  |TS  0|AC  0|TAMS 0x00000000ca400000, 0x00000000ca400000|
| 165|0x00000000ca500000, 0x00000000ca500000, 0x00000000ca600000|  0%| F|  |TS  0|AC  0|TAMS 0x00000000ca500000, 0x00000000ca500000|
| 166|0x00000000ca600000, 0x00000000ca600000, 0x00000000ca700000|  0%| F|  |TS  0|AC  0|TAMS 0x00000000ca600000, 0x00000000ca600000|
| 167|0x00000000ca700000, 0x00000000ca700000, 0x00000000ca800000|  0%| F|  |TS  0|AC  0|TAMS 0x00000000ca700000, 0x00000000ca700000|
| 168|0x00000000ca800000, 0x00000000ca800000, 0x00000000ca900000|  0%| F|  |TS  0|AC  0|TAMS 0x00000000ca800000, 0x00000000ca800000|
| 169|0x00000000ca900000, 0x00000000ca900000, 0x00000000caa00000|  0%| F|  |TS  0|AC  0|TAMS 0x00000000ca900000, 0x00000000ca900000|
| 170|0x00000000caa00000, 0x00000000caa00000, 0x00000000cab00000|  0%| F|  |TS  0|AC  0|TAMS 0x00000000caa00000, 0x00000000caa00000|
| 171|0x00000000cab00000, 0x00000000cab00000, 0x00000000cac00000|  0%| F|  |TS  0|AC  0|TAMS 0x00000000cab00000, 0x00000000cab00000|
| 172|0x00000000cac00000, 0x00000000cac00000, 0x00000000cad00000|  0%| F|  |TS  0|AC  0|TAMS 0x00000000cac00000, 0x00000000cac00000|
| 173|0x00000000cad00000, 0x00000000cad00000, 0x00000000cae00000|  0%| F|  |TS  0|AC  0|TAMS 0x00000000cad00000, 0x00000000cad00000|
| 174|0x00000000cae00000, 0x00000000cae00000, 0x00000000caf00000|  0%| F|  |TS  0|AC  0|TAMS 0x00000000cae00000, 0x00000000cae00000|
| 175|0x00000000caf00000, 0x00000000caf00000, 0x00000000cb000000|  0%| F|  |TS  0|AC  0|TAMS 0x00000000caf00000, 0x00000000caf00000|
| 176|0x00000000cb000000, 0x00000000cb000000, 0x00000000cb100000|  0%| F|  |TS  0|AC  0|TAMS 0x00000000cb000000, 0x00000000cb000000|
| 177|0x00000000cb100000, 0x00000000cb100000, 0x00000000cb200000|  0%| F|  |TS  0|AC  0|TAMS 0x00000000cb100000, 0x00000000cb100000|
| 178|0x00000000cb200000, 0x00000000cb200000, 0x00000000cb300000|  0%| F|  |TS  0|AC  0|TAMS 0x00000000cb200000, 0x00000000cb200000|
| 179|0x00000000cb300000, 0x00000000cb300000, 0x00000000cb400000|  0%| F|  |TS  0|AC  0|TAMS 0x00000000cb300000, 0x00000000cb300000|
| 180|0x00000000cb400000, 0x00000000cb400000, 0x00000000cb500000|  0%| F|  |TS  0|AC  0|TAMS 0x00000000cb400000, 0x00000000cb400000|
| 181|0x00000000cb500000, 0x00000000cb500000, 0x00000000cb600000|  0%| F|  |TS  0|AC  0|TAMS 0x00000000cb500000, 0x00000000cb500000|
| 182|0x00000000cb600000, 0x00000000cb600000, 0x00000000cb700000|  0%| F|  |TS  0|AC  0|TAMS 0x00000000cb600000, 0x00000000cb600000|
| 183|0x00000000cb700000, 0x00000000cb700000, 0x00000000cb800000|  0%| F|  |TS  0|AC  0|TAMS 0x00000000cb700000, 0x00000000cb700000|
| 184|0x00000000cb800000, 0x00000000cb800000, 0x00000000cb900000|  0%| F|  |TS  0|AC  0|TAMS 0x00000000cb800000, 0x00000000cb800000|
| 185|0x00000000cb900000, 0x00000000cb900000, 0x00000000cba00000|  0%| F|  |TS  0|AC  0|TAMS 0x00000000cb900000, 0x00000000cb900000|
| 186|0x00000000cba00000, 0x00000000cba00000, 0x00000000cbb00000|  0%| F|  |TS  0|AC  0|TAMS 0x00000000cba00000, 0x00000000cba00000|
| 187|0x00000000cbb00000, 0x00000000cbb00000, 0x00000000cbc00000|  0%| F|  |TS  0|AC  0|TAMS 0x00000000cbb00000, 0x00000000cbb00000|
| 188|0x00000000cbc00000, 0x00000000cbc00000, 0x00000000cbd00000|  0%| F|  |TS  0|AC  0|TAMS 0x00000000cbc00000, 0x00000000cbc00000|
| 189|0x00000000cbd00000, 0x00000000cbd00000, 0x00000000cbe00000|  0%| F|  |TS  0|AC  0|TAMS 0x00000000cbd00000, 0x00000000cbd00000|
| 190|0x00000000cbe00000, 0x00000000cbe00000, 0x00000000cbf00000|  0%| F|  |TS  0|AC  0|TAMS 0x00000000cbe00000, 0x00000000cbe00000|
| 191|0x00000000cbf00000, 0x00000000cbf00000, 0x00000000cc000000|  0%| F|  |TS  0|AC  0|TAMS 0x00000000cbf00000, 0x00000000cbf00000|
| 192|0x00000000cc000000, 0x00000000cc000000, 0x00000000cc100000|  0%| F|  |TS  0|AC  0|TAMS 0x00000000cc000000, 0x00000000cc000000|
| 193|0x00000000cc100000, 0x00000000cc100000, 0x00000000cc200000|  0%| F|  |TS  0|AC  0|TAMS 0x00000000cc100000, 0x00000000cc100000|
| 194|0x00000000cc200000, 0x00000000cc200000, 0x00000000cc300000|  0%| F|  |TS  0|AC  0|TAMS 0x00000000cc200000, 0x00000000cc200000|
| 195|0x00000000cc300000, 0x00000000cc300000, 0x00000000cc400000|  0%| F|  |TS  0|AC  0|TAMS 0x00000000cc300000, 0x00000000cc300000|
| 196|0x00000000cc400000, 0x00000000cc400000, 0x00000000cc500000|  0%| F|  |TS  0|AC  0|TAMS 0x00000000cc400000, 0x00000000cc400000|
| 197|0x00000000cc500000, 0x00000000cc500000, 0x00000000cc600000|  0%| F|  |TS  0|AC  0|TAMS 0x00000000cc500000, 0x00000000cc500000|
| 198|0x00000000cc600000, 0x00000000cc600000, 0x00000000cc700000|  0%| F|  |TS  0|AC  0|TAMS 0x00000000cc600000, 0x00000000cc600000|
| 199|0x00000000cc700000, 0x00000000cc700000, 0x00000000cc800000|  0%| F|  |TS  0|AC  0|TAMS 0x00000000cc700000, 0x00000000cc700000|
| 200|0x00000000cc800000, 0x00000000cc800000, 0x00000000cc900000|  0%| F|  |TS  0|AC  0|TAMS 0x00000000cc800000, 0x00000000cc800000|
| 201|0x00000000cc900000, 0x00000000cc900000, 0x00000000cca00000|  0%| F|  |TS  0|AC  0|TAMS 0x00000000cc900000, 0x00000000cc900000|
| 202|0x00000000cca00000, 0x00000000cca00000, 0x00000000ccb00000|  0%| F|  |TS  0|AC  0|TAMS 0x00000000cca00000, 0x00000000cca00000|
| 203|0x00000000ccb00000, 0x00000000ccb00000, 0x00000000ccc00000|  0%| F|  |TS  0|AC  0|TAMS 0x00000000ccb00000, 0x00000000ccb00000|
| 204|0x00000000ccc00000, 0x00000000ccc00000, 0x00000000ccd00000|  0%| F|  |TS  0|AC  0|TAMS 0x00000000ccc00000, 0x00000000ccc00000|
| 205|0x00000000ccd00000, 0x00000000ccd00000, 0x00000000cce00000|  0%| F|  |TS  0|AC  0|TAMS 0x00000000ccd00000, 0x00000000ccd00000|
| 206|0x00000000cce00000, 0x00000000cce00000, 0x00000000ccf00000|  0%| F|  |TS  0|AC  0|TAMS 0x00000000cce00000, 0x00000000cce00000|
| 207|0x00000000ccf00000, 0x00000000ccf00000, 0x00000000cd000000|  0%| F|  |TS  0|AC  0|TAMS 0x00000000ccf00000, 0x00000000ccf00000|
| 208|0x00000000cd000000, 0x00000000cd000000, 0x00000000cd100000|  0%| F|  |TS  0|AC  0|TAMS 0x00000000cd000000, 0x00000000cd000000|
| 209|0x00000000cd100000, 0x00000000cd100000, 0x00000000cd200000|  0%| F|  |TS  0|AC  0|TAMS 0x00000000cd100000, 0x00000000cd100000|
| 210|0x00000000cd200000, 0x00000000cd200000, 0x00000000cd300000|  0%| F|  |TS  0|AC  0|TAMS 0x00000000cd200000, 0x00000000cd200000|
| 211|0x00000000cd300000, 0x00000000cd300000, 0x00000000cd400000|  0%| F|  |TS  0|AC  0|TAMS 0x00000000cd300000, 0x00000000cd300000|
| 212|0x00000000cd400000, 0x00000000cd400000, 0x00000000cd500000|  0%| F|  |TS  0|AC  0|TAMS 0x00000000cd400000, 0x00000000cd400000|
| 213|0x00000000cd500000, 0x00000000cd500000, 0x00000000cd600000|  0%| F|  |TS  0|AC  0|TAMS 0x00000000cd500000, 0x00000000cd500000|
| 214|0x00000000cd600000, 0x00000000cd600000, 0x00000000cd700000|  0%| F|  |TS  0|AC  0|TAMS 0x00000000cd600000, 0x00000000cd600000|
| 215|0x00000000cd700000, 0x00000000cd700000, 0x00000000cd800000|  0%| F|  |TS  0|AC  0|TAMS 0x00000000cd700000, 0x00000000cd700000|
| 216|0x00000000cd800000, 0x00000000cd800000, 0x00000000cd900000|  0%| F|  |TS  0|AC  0|TAMS 0x00000000cd800000, 0x00000000cd800000|
| 217|0x00000000cd900000, 0x00000000cd900000, 0x00000000cda00000|  0%| F|  |TS  0|AC  0|TAMS 0x00000000cd900000, 0x00000000cd900000|
| 218|0x00000000cda00000, 0x00000000cda00000, 0x00000000cdb00000|  0%| F|  |TS  0|AC  0|TAMS 0x00000000cda00000, 0x00000000cda00000|
| 219|0x00000000cdb00000, 0x00000000cdb00000, 0x00000000cdc00000|  0%| F|  |TS  0|AC  0|TAMS 0x00000000cdb00000, 0x00000000cdb00000|
| 220|0x00000000cdc00000, 0x00000000cdc00000, 0x00000000cdd00000|  0%| F|  |TS  0|AC  0|TAMS 0x00000000cdc00000, 0x00000000cdc00000|
| 221|0x00000000cdd00000, 0x00000000cdd00000, 0x00000000cde00000|  0%| F|  |TS  0|AC  0|TAMS 0x00000000cdd00000, 0x00000000cdd00000|
| 222|0x00000000cde00000, 0x00000000cde00000, 0x00000000cdf00000|  0%| F|  |TS  0|AC  0|TAMS 0x00000000cde00000, 0x00000000cde00000|
| 223|0x00000000cdf00000, 0x00000000cdf00000, 0x00000000ce000000|  0%| F|  |TS  0|AC  0|TAMS 0x00000000cdf00000, 0x00000000cdf00000|
| 224|0x00000000ce000000, 0x00000000ce000000, 0x00000000ce100000|  0%| F|  |TS  0|AC  0|TAMS 0x00000000ce000000, 0x00000000ce000000|
| 225|0x00000000ce100000, 0x00000000ce100000, 0x00000000ce200000|  0%| F|  |TS  0|AC  0|TAMS 0x00000000ce100000, 0x00000000ce100000|
| 226|0x00000000ce200000, 0x00000000ce200000, 0x00000000ce300000|  0%| F|  |TS  0|AC  0|TAMS 0x00000000ce200000, 0x00000000ce200000|
| 227|0x00000000ce300000, 0x00000000ce300000, 0x00000000ce400000|  0%| F|  |TS  0|AC  0|TAMS 0x00000000ce300000, 0x00000000ce300000|
| 228|0x00000000ce400000, 0x00000000ce400000, 0x00000000ce500000|  0%| F|  |TS  0|AC  0|TAMS 0x00000000ce400000, 0x00000000ce400000|
| 229|0x00000000ce500000, 0x00000000ce500000, 0x00000000ce600000|  0%| F|  |TS  0|AC  0|TAMS 0x00000000ce500000, 0x00000000ce500000|
| 230|0x00000000ce600000, 0x00000000ce600000, 0x00000000ce700000|  0%| F|  |TS  0|AC  0|TAMS 0x00000000ce600000, 0x00000000ce600000|
| 231|0x00000000ce700000, 0x00000000ce700000, 0x00000000ce800000|  0%| F|  |TS  0|AC  0|TAMS 0x00000000ce700000, 0x00000000ce700000|
| 232|0x00000000ce800000, 0x00000000ce800000, 0x00000000ce900000|  0%| F|  |TS  0|AC  0|TAMS 0x00000000ce800000, 0x00000000ce800000|
| 233|0x00000000ce900000, 0x00000000ce900000, 0x00000000cea00000|  0%| F|  |TS  0|AC  0|TAMS 0x00000000ce900000, 0x00000000ce900000|
| 234|0x00000000cea00000, 0x00000000cea00000, 0x00000000ceb00000|  0%| F|  |TS  0|AC  0|TAMS 0x00000000cea00000, 0x00000000cea00000|
| 235|0x00000000ceb00000, 0x00000000ceb00000, 0x00000000cec00000|  0%| F|  |TS  0|AC  0|TAMS 0x00000000ceb00000, 0x00000000ceb00000|
| 236|0x00000000cec00000, 0x00000000cec00000, 0x00000000ced00000|  0%| F|  |TS  0|AC  0|TAMS 0x00000000cec00000, 0x00000000cec00000|
| 237|0x00000000ced00000, 0x00000000ced00000, 0x00000000cee00000|  0%| F|  |TS  0|AC  0|TAMS 0x00000000ced00000, 0x00000000ced00000|
| 238|0x00000000cee00000, 0x00000000cee00000, 0x00000000cef00000|  0%| F|  |TS  0|AC  0|TAMS 0x00000000cee00000, 0x00000000cee00000|
| 239|0x00000000cef00000, 0x00000000cef00000, 0x00000000cf000000|  0%| F|  |TS  0|AC  0|TAMS 0x00000000cef00000, 0x00000000cef00000|
| 240|0x00000000cf000000, 0x00000000cf000000, 0x00000000cf100000|  0%| F|  |TS  0|AC  0|TAMS 0x00000000cf000000, 0x00000000cf000000|
| 241|0x00000000cf100000, 0x00000000cf100000, 0x00000000cf200000|  0%| F|  |TS  0|AC  0|TAMS 0x00000000cf100000, 0x00000000cf100000|
| 242|0x00000000cf200000, 0x00000000cf200000, 0x00000000cf300000|  0%| F|  |TS  0|AC  0|TAMS 0x00000000cf200000, 0x00000000cf200000|
| 243|0x00000000cf300000, 0x00000000cf300000, 0x00000000cf400000|  0%| F|  |TS  0|AC  0|TAMS 0x00000000cf300000, 0x00000000cf300000|
| 244|0x00000000cf400000, 0x00000000cf400000, 0x00000000cf500000|  0%| F|  |TS  0|AC  0|TAMS 0x00000000cf400000, 0x00000000cf400000|
| 245|0x00000000cf500000, 0x00000000cf500000, 0x00000000cf600000|  0%| F|  |TS  0|AC  0|TAMS 0x00000000cf500000, 0x00000000cf500000|
| 246|0x00000000cf600000, 0x00000000cf700000, 0x00000000cf700000|100%| E|  |TS  0|AC  0|TAMS 0x00000000cf600000, 0x00000000cf600000|
| 247|0x00000000cf700000, 0x00000000cf800000, 0x00000000cf800000|100%| E|CS|TS  0|AC  0|TAMS 0x00000000cf700000, 0x00000000cf700000|
| 248|0x00000000cf800000, 0x00000000cf900000, 0x00000000cf900000|100%| E|CS|TS  0|AC  0|TAMS 0x00000000cf800000, 0x00000000cf800000|
| 249|0x00000000cf900000, 0x00000000cfa00000, 0x00000000cfa00000|100%| E|CS|TS  0|AC  0|TAMS 0x00000000cf900000, 0x00000000cf900000|

Card table byte_map: [0x00007fc258808000,0x00007fc258a08000] byte_map_base: 0x00007fc258208000

Marking Bits (Prev, Next): (CMBitMap*) 0x00007fc25404dff8, (CMBitMap*) 0x00007fc25404dfc0
 Prev Bits: [0x00007fc21b000000, 0x00007fc21c000000)
 Next Bits: [0x00007fc238c3a000, 0x00007fc239c3a000)

Polling page: 0x00007fc25d71f000

CodeHeap 'non-profiled nmethods': size=120032Kb used=1965Kb max_used=1965Kb free=118066Kb
 bounds [0x00007fc241702000, 0x00007fc241972000, 0x00007fc248c3a000]
CodeHeap 'profiled nmethods': size=120028Kb used=6221Kb max_used=6221Kb free=113806Kb
 bounds [0x00007fc23a1cb000, 0x00007fc23a7eb000, 0x00007fc241702000]
CodeHeap 'non-nmethods': size=5700Kb used=1220Kb max_used=1233Kb free=4479Kb
 bounds [0x00007fc239c3a000, 0x00007fc239eaa000, 0x00007fc23a1cb000]
 total_blobs=4894 nmethods=3032 adapters=535
 compilation: enabled

Compilation events (10 events):
Event: 1177.337 Thread 0x00007fc2541b1000 3172       3       java.lang.invoke.LambdaFormEditor$Transform::ofBothArrays (139 bytes)
Event: 1177.338 Thread 0x00007fc2541b1000 nmethod 3172 0x00007fc23a7da990 code [0x00007fc23a7dac00, 0x00007fc23a7db6a8]
Event: 1177.338 Thread 0x00007fc2541b1000 3173       3       java.lang.invoke.MethodHandles::foldArgumentChecks (217 bytes)
Event: 1177.339 Thread 0x00007fc2541b1000 nmethod 3173 0x00007fc23a7dbb90 code [0x00007fc23a7dc040, 0x00007fc23a7ddf18]
Event: 1177.532 Thread 0x00007fc2541b1000 3174       3       jdk.internal.jimage.BasicImageReader::getAttributes (48 bytes)
Event: 1177.533 Thread 0x00007fc2541b1000 nmethod 3174 0x00007fc23a7deb90 code [0x00007fc23a7deda0, 0x00007fc23a7df488]
Event: 1177.533 Thread 0x00007fc2541b1000 3175       3       jdk.internal.jimage.ImageLocation::verify (50 bytes)
Event: 1177.533 Thread 0x00007fc2541b1000 nmethod 3175 0x00007fc23a7df690 code [0x00007fc23a7df8e0, 0x00007fc23a7e0088]
Event: 1177.533 Thread 0x00007fc2541b1000 3176       3       jdk.internal.module.SystemModuleFinders$SystemImage::reader (4 bytes)
Event: 1177.533 Thread 0x00007fc2541b1000 nmethod 3176 0x00007fc23a7e0410 code [0x00007fc23a7e05c0, 0x00007fc23a7e06f0]

GC Heap History (4 events):
Event: 125.466 GC heap before
{Heap before GC invocations=0 (full 0):
 garbage-first heap   total 256000K, used 24576K [0x00000000c0000000, 0x0000000100000000)
  region size 1024K, 24 young (24576K), 0 survivors (0K)
 Metaspace       used 15670K, capacity 15965K, committed 16256K, reserved 1064960K
  class space    used 1503K, capacity 1611K, committed 1664K, reserved 1048576K
}
Event: 125.470 GC heap after
{Heap after GC invocations=1 (full 0):
 garbage-first heap   total 256000K, used 3649K [0x00000000c0000000, 0x0000000100000000)
  region size 1024K, 3 young (3072K), 3 survivors (3072K)
 Metaspace       used 15670K, capacity 15965K, committed 16256K, reserved 1064960K
  class space    used 1503K, capacity 1611K, committed 1664K, reserved 1048576K
}
Event: 1174.798 GC heap before
{Heap before GC invocations=1 (full 0):
 garbage-first heap   total 256000K, used 136769K [0x00000000c0000000, 0x0000000100000000)
  region size 1024K, 134 young (137216K), 3 survivors (3072K)
 Metaspace       used 20683K, capacity 21127K, committed 21296K, reserved 1069056K
  class space    used 1885K, capacity 2073K, committed 2096K, reserved 1048576K
}
Event: 1174.808 GC heap after
{Heap after GC invocations=2 (full 0):
 garbage-first heap   total 256000K, used 4563K [0x00000000c0000000, 0x0000000100000000)
  region size 1024K, 4 young (4096K), 4 survivors (4096K)
 Metaspace       used 20683K, capacity 21127K, committed 21296K, reserved 1069056K
  class space    used 1885K, capacity 2073K, committed 2096K, reserved 1048576K
}

Deoptimization events (10 events):
Event: 1102.277 Thread 0x00007fc254012000 Uncommon trap: reason=unstable_if action=reinterpret pc=0x00007fc24188f9e0 method=com.fasterxml.jackson.core.json.UTF8JsonGenerator.writeFieldName(Lcom/fasterxml/jackson/core/SerializableString;)V @ 97 c2
Event: 1102.295 Thread 0x00007fc254012000 Uncommon trap: reason=unstable_if action=reinterpret pc=0x00007fc241890a78 method=com.fasterxml.jackson.core.json.UTF8JsonGenerator.writeFieldName(Lcom/fasterxml/jackson/core/SerializableString;)V @ 97 c2
Event: 1102.304 Thread 0x00007fc254012000 Uncommon trap: reason=unstable_if action=reinterpret pc=0x00007fc241897408 method=com.fasterxml.jackson.core.json.UTF8JsonGenerator.writeString(Ljava/lang/String;)V @ 25 c2
Event: 1102.308 Thread 0x00007fc254012000 Uncommon trap: reason=unstable_if action=reinterpret pc=0x00007fc241893554 method=com.fasterxml.jackson.core.json.UTF8JsonGenerator.writeString(Ljava/lang/String;)V @ 25 c2
Event: 1136.792 Thread 0x00007fc254012000 Uncommon trap: reason=unstable_if action=reinterpret pc=0x00007fc2418831a0 method=com.fasterxml.jackson.core.json.UTF8StreamJsonParser._skipWS()I @ 8 c2
Event: 1173.020 Thread 0x00007fc254012000 Uncommon trap: reason=unstable_if action=reinterpret pc=0x00007fc24189eda4 method=com.fasterxml.jackson.core.json.UTF8JsonGenerator.writeStartObject(Ljava/lang/Object;)V @ 56 c2
Event: 1175.153 Thread 0x00007fc254012000 Uncommon trap: reason=unstable_if action=reinterpret pc=0x00007fc241893c88 method=java.lang.reflect.Method.invoke(Ljava/lang/Object;[Ljava/lang/Object;)Ljava/lang/Object; @ 48 c2
Event: 1177.230 Thread 0x00007fc254012000 Uncommon trap: reason=uninitialized action=reinterpret pc=0x00007fc2417d4b1c method=java.util.regex.Pattern.sequence(Ljava/util/regex/Pattern$Node;)Ljava/util/regex/Pattern$Node; @ 399 c2
Event: 1177.231 Thread 0x00007fc254012000 Uncommon trap: reason=unstable_if action=reinterpret pc=0x00007fc24181d944 method=java.util.regex.Pattern.compile()V @ 340 c2
Event: 1177.336 Thread 0x00007fc2546c9000 Uncommon trap: reason=unstable_if action=reinterpret pc=0x00007fc2418aa204 method=java.net.URI$Parser.at(IIC)Z @ 14 c2

Classes redefined (0 events):
No events

Internal exceptions (10 events):
Event: 1174.166 Thread 0x00007fc254012000 Exception <a 'java/lang/NoSuchMethodError'{0x00000000c743b140}: java.lang.invoke.DirectMethodHandle$Holder.invokeStatic(Ljava/lang/Object;Ljava/lang/Object;Ljava/lang/Object;Ljava/lang/Object;IILjava/lang/Object;Ljava/lang/Object;Ljava/lang/Object;)Ljava/
Event: 1174.220 Thread 0x00007fc254012000 Exception <a 'java/io/FileNotFoundException'{0x00000000c7444aa0}> (0x00000000c7444aa0) thrown at [/scratch/opt/mach5/mesos/work_dir/slaves/c4ee7e63-1ded-4e8c-9581-ce26f27e3af4-S497/frameworks/1735e8a2-a1db-478c-8104-60c8b0af87dd-0196/executors/5297d4ef-73
Event: 1175.153 Thread 0x00007fc254012000 Implicit null exception at 0x00007fc241893bf9 to 0x00007fc241893c6f
Event: 1177.042 Thread 0x00007fc254012000 Exception <a 'java/lang/NoSuchMethodError'{0x00000000cf81e090}: java.lang.invoke.DirectMethodHandle$Holder.invokeSpecial(Ljava/lang/Object;Ljava/lang/Object;)V> (0x00000000cf81e090) thrown at [/scratch/opt/mach5/mesos/work_dir/slaves/c4ee7e63-1ded-4e8c-95
Event: 1177.086 Thread 0x00007fc254012000 Exception <a 'java/lang/NoSuchMethodError'{0x00000000cf839c58}: method resolution failed> (0x00000000cf839c58) thrown at [/scratch/opt/mach5/mesos/work_dir/slaves/c4ee7e63-1ded-4e8c-9581-ce26f27e3af4-S497/frameworks/1735e8a2-a1db-478c-8104-60c8b0af87dd-01
Event: 1177.087 Thread 0x00007fc254012000 Exception <a 'java/lang/NoSuchMethodError'{0x00000000cf83d870}: method resolution failed> (0x00000000cf83d870) thrown at [/scratch/opt/mach5/mesos/work_dir/slaves/c4ee7e63-1ded-4e8c-9581-ce26f27e3af4-S497/frameworks/1735e8a2-a1db-478c-8104-60c8b0af87dd-01
Event: 1177.088 Thread 0x00007fc254012000 Exception <a 'java/lang/NoSuchMethodError'{0x00000000cf849330}: method resolution failed> (0x00000000cf849330) thrown at [/scratch/opt/mach5/mesos/work_dir/slaves/c4ee7e63-1ded-4e8c-9581-ce26f27e3af4-S497/frameworks/1735e8a2-a1db-478c-8104-60c8b0af87dd-01
Event: 1177.088 Thread 0x00007fc254012000 Exception <a 'java/lang/NoSuchMethodError'{0x00000000cf851928}: method resolution failed> (0x00000000cf851928) thrown at [/scratch/opt/mach5/mesos/work_dir/slaves/c4ee7e63-1ded-4e8c-9581-ce26f27e3af4-S497/frameworks/1735e8a2-a1db-478c-8104-60c8b0af87dd-01
Event: 1177.090 Thread 0x00007fc254012000 Exception <a 'java/lang/NoSuchMethodError'{0x00000000cf8688b0}: java.lang.invoke.DirectMethodHandle$Holder.invokeSpecial(Ljava/lang/Object;Ljava/lang/Object;J)Ljava/lang/Object;> (0x00000000cf8688b0) thrown at [/scratch/opt/mach5/mesos/work_dir/slaves/c4e
Event: 1177.237 Thread 0x00007fc254012000 Exception <a 'java/lang/NoSuchMethodError'{0x00000000cf769760}: java.lang.invoke.DirectMethodHandle$Holder.invokeStatic(Ljava/lang/Object;Ljava/lang/Object;Ljava/lang/Object;Ljava/lang/Object;Ljava/lang/Object;Ljava/lang/Object;Ljava/lang/Object;Ljava/lan

Events (10 events):
Event: 1177.277 loading class java/lang/invoke/BoundMethodHandle$Species_LLLLLLLLLLLI done
Event: 1177.278 loading class java/lang/invoke/BoundMethodHandle$Species_LLLLLLLLLLLII
Event: 1177.278 loading class java/lang/invoke/BoundMethodHandle$Species_LLLLLLLLLLLII done
Event: 1177.280 Executing VM operation: RevokeBias
Event: 1177.280 Executing VM operation: RevokeBias done
Event: 1177.282 loading class java/lang/UnsatisfiedLinkError
Event: 1177.335 loading class java/lang/UnsatisfiedLinkError done
Event: 1177.336 Thread 0x00007fc2546c9000 Uncommon trap: trap_request=0xffffff55 fr.pc=0x00007fc2418aa204 relative=0x0000000000002cc4
Event: 1177.336 Thread 0x00007fc2546c9000 DEOPT PACKING pc=0x00007fc2418aa204 sp=0x00007fc1d60e55a0
Event: 1177.336 Thread 0x00007fc2546c9000 DEOPT UNPACKING pc=0x00007fc239c622a5 sp=0x00007fc1d60e5498 mode 2


Dynamic libraries:
00400000-00401000 r-xp 00000000 00:1a 2082385                            /usr/lib/jvm/java-10-oracle/bin/java
00600000-00601000 rw-p 00000000 00:1a 2082385                            /usr/lib/jvm/java-10-oracle/bin/java
01fda000-01ffb000 rw-p 00000000 00:00 0                                  [heap]
c0000000-cfa00000 rw-p 00000000 00:00 0 
cfa00000-100000000 ---p 00000000 00:00 0 
100000000-10026c000 rw-p 00000000 00:00 0 
10026c000-140000000 ---p 00000000 00:00 0 
7fc150c1b000-7fc15230e000 r-xp 00000000 00:1a 5912030                    /usr/lib/x86_64-linux-gnu/libnvidia-glcore.so.415.23
7fc15230e000-7fc15250e000 ---p 016f3000 00:1a 5912030                    /usr/lib/x86_64-linux-gnu/libnvidia-glcore.so.415.23
7fc15250e000-7fc152831000 rw-p 016f3000 00:1a 5912030                    /usr/lib/x86_64-linux-gnu/libnvidia-glcore.so.415.23
7fc152831000-7fc152847000 rw-p 00000000 00:00 0 
7fc152847000-7fc15284a000 r-xp 00000000 00:1a 5912034                    /usr/lib/x86_64-linux-gnu/libnvidia-tls.so.415.23
7fc15284a000-7fc152a4a000 ---p 00003000 00:1a 5912034                    /usr/lib/x86_64-linux-gnu/libnvidia-tls.so.415.23
7fc152a4a000-7fc152a4b000 rw-p 00003000 00:1a 5912034                    /usr/lib/x86_64-linux-gnu/libnvidia-tls.so.415.23
7fc152a4b000-7fc152b5e000 r-xp 00000000 00:1a 5912026                    /usr/lib/x86_64-linux-gnu/libGLX_nvidia.so.415.23
7fc152b5e000-7fc152d5d000 ---p 00113000 00:1a 5912026                    /usr/lib/x86_64-linux-gnu/libGLX_nvidia.so.415.23
7fc152d5d000-7fc152d83000 rw-p 00112000 00:1a 5912026                    /usr/lib/x86_64-linux-gnu/libGLX_nvidia.so.415.23
7fc152d83000-7fc152d8a000 rw-p 00000000 00:00 0 
7fc152d8a000-7fc152df8000 r-xp 00000000 00:1a 4348976                    /usr/lib/x86_64-linux-gnu/libGLdispatch.so.0.0.0
7fc152df8000-7fc152ff7000 ---p 0006e000 00:1a 4348976                    /usr/lib/x86_64-linux-gnu/libGLdispatch.so.0.0.0
7fc152ff7000-7fc15301f000 r--p 0006d000 00:1a 4348976                    /usr/lib/x86_64-linux-gnu/libGLdispatch.so.0.0.0
7fc15301f000-7fc153020000 rw-p 00095000 00:1a 4348976                    /usr/lib/x86_64-linux-gnu/libGLdispatch.so.0.0.0
7fc153020000-7fc153040000 rw-p 00000000 00:00 0 
7fc153040000-7fc153050000 r-xp 00000000 00:1a 4348918                    /usr/lib/x86_64-linux-gnu/libGLX.so.0.0.0
7fc153050000-7fc15324f000 ---p 00010000 00:1a 4348918                    /usr/lib/x86_64-linux-gnu/libGLX.so.0.0.0
7fc15324f000-7fc153250000 r--p 0000f000 00:1a 4348918                    /usr/lib/x86_64-linux-gnu/libGLX.so.0.0.0
7fc153250000-7fc153251000 rw-p 00010000 00:1a 4348918                    /usr/lib/x86_64-linux-gnu/libGLX.so.0.0.0
7fc153251000-7fc153271000 rw-p 00000000 00:00 0 
7fc153271000-7fc153288000 r-xp 00000000 00:1a 4542025                    /lib/x86_64-linux-gnu/libgcc_s.so.1
7fc153288000-7fc153487000 ---p 00017000 00:1a 4542025                    /lib/x86_64-linux-gnu/libgcc_s.so.1
7fc153487000-7fc153488000 r--p 00016000 00:1a 4542025                    /lib/x86_64-linux-gnu/libgcc_s.so.1
7fc153488000-7fc153489000 rw-p 00017000 00:1a 4542025                    /lib/x86_64-linux-gnu/libgcc_s.so.1
7fc153489000-7fc153602000 r-xp 00000000 00:1a 4541818                    /usr/lib/x86_64-linux-gnu/libstdc++.so.6.0.25
7fc153602000-7fc153802000 ---p 00179000 00:1a 4541818                    /usr/lib/x86_64-linux-gnu/libstdc++.so.6.0.25
7fc153802000-7fc15380c000 r--p 00179000 00:1a 4541818                    /usr/lib/x86_64-linux-gnu/libstdc++.so.6.0.25
7fc15380c000-7fc15380e000 rw-p 00183000 00:1a 4541818                    /usr/lib/x86_64-linux-gnu/libstdc++.so.6.0.25
7fc15380e000-7fc153812000 rw-p 00000000 00:00 0 
7fc153812000-7fc153883000 r-xp 00000000 00:1a 4348828                    /usr/lib/x86_64-linux-gnu/libGL.so.1.0.0
7fc153883000-7fc153a82000 ---p 00071000 00:1a 4348828                    /usr/lib/x86_64-linux-gnu/libGL.so.1.0.0
7fc153a82000-7fc153a9c000 r--p 00070000 00:1a 4348828                    /usr/lib/x86_64-linux-gnu/libGL.so.1.0.0
7fc153a9c000-7fc153a9d000 rw-p 0008a000 00:1a 4348828                    /usr/lib/x86_64-linux-gnu/libGL.so.1.0.0
7fc153a9d000-7fc153a9e000 rw-p 00000000 00:00 0 
7fc153a9e000-7fc153aa3000 r-xp 00000000 00:1a 27218                      /usr/lib/x86_64-linux-gnu/libXxf86vm.so.1.0.0
7fc153aa3000-7fc153ca2000 ---p 00005000 00:1a 27218                      /usr/lib/x86_64-linux-gnu/libXxf86vm.so.1.0.0
7fc153ca2000-7fc153ca3000 r--p 00004000 00:1a 27218                      /usr/lib/x86_64-linux-gnu/libXxf86vm.so.1.0.0
7fc153ca3000-7fc153ca4000 rw-p 00005000 00:1a 27218                      /usr/lib/x86_64-linux-gnu/libXxf86vm.so.1.0.0
7fc153ca4000-7fc153cb0000 r-xp 00000000 00:1a 2082396                    /usr/lib/jvm/java-10-oracle/lib/libprism_es2.so
7fc153cb0000-7fc153eaf000 ---p 0000c000 00:1a 2082396                    /usr/lib/jvm/java-10-oracle/lib/libprism_es2.so
7fc153eaf000-7fc153eb0000 r--p 0000b000 00:1a 2082396                    /usr/lib/jvm/java-10-oracle/lib/libprism_es2.so
7fc153eb0000-7fc153eb1000 rw-p 0000c000 00:1a 2082396                    /usr/lib/jvm/java-10-oracle/lib/libprism_es2.so
7fc153eb1000-7fc153f71000 rw-p 00000000 00:00 0 
7fc153f71000-7fc1540b1000 ---p 00000000 00:00 0 
7fc1540b1000-7fc1540b6000 r-xp 00000000 00:1a 27184                      /usr/lib/x86_64-linux-gnu/libXfixes.so.3.1.0
7fc1540b6000-7fc1542b5000 ---p 00005000 00:1a 27184                      /usr/lib/x86_64-linux-gnu/libXfixes.so.3.1.0
7fc1542b5000-7fc1542b6000 r--p 00004000 00:1a 27184                      /usr/lib/x86_64-linux-gnu/libXfixes.so.3.1.0
7fc1542b6000-7fc1542b7000 rw-p 00005000 00:1a 27184                      /usr/lib/x86_64-linux-gnu/libXfixes.so.3.1.0
7fc1542b7000-7fc1542c0000 r-xp 00000000 00:1a 27176                      /usr/lib/x86_64-linux-gnu/libXcursor.so.1.0.2
7fc1542c0000-7fc1544bf000 ---p 00009000 00:1a 27176                      /usr/lib/x86_64-linux-gnu/libXcursor.so.1.0.2
7fc1544bf000-7fc1544c0000 r--p 00008000 00:1a 27176                      /usr/lib/x86_64-linux-gnu/libXcursor.so.1.0.2
7fc1544c0000-7fc1544c1000 rw-p 00009000 00:1a 27176                      /usr/lib/x86_64-linux-gnu/libXcursor.so.1.0.2
7fc1544c1000-7fc1544c2000 ---p 00000000 00:00 0 
7fc1544c2000-7fc154cc2000 rw-p 00000000 00:00 0 
7fc154cc2000-7fc154cc3000 ---p 00000000 00:00 0 
7fc154cc3000-7fc1554c3000 rw-p 00000000 00:00 0 
7fc1554c3000-7fc1554c4000 ---p 00000000 00:00 0 
7fc1554c4000-7fc155cc4000 rw-p 00000000 00:00 0 
7fc155cc4000-7fc155cd0000 r-xp 00000000 00:1a 29538                      /usr/lib/x86_64-linux-gnu/gio/modules/libdconfsettings.so
7fc155cd0000-7fc155ecf000 ---p 0000c000 00:1a 29538                      /usr/lib/x86_64-linux-gnu/gio/modules/libdconfsettings.so
7fc155ecf000-7fc155ed0000 r--p 0000b000 00:1a 29538                      /usr/lib/x86_64-linux-gnu/gio/modules/libdconfsettings.so
7fc155ed0000-7fc155ed1000 rw-p 0000c000 00:1a 29538                      /usr/lib/x86_64-linux-gnu/gio/modules/libdconfsettings.so
7fc155ed1000-7fc155ed7000 r-xp 00000000 00:1a 4996667                    /lib/x86_64-linux-gnu/libuuid.so.1.3.0
7fc155ed7000-7fc1560d6000 ---p 00006000 00:1a 4996667                    /lib/x86_64-linux-gnu/libuuid.so.1.3.0
7fc1560d6000-7fc1560d7000 r--p 00005000 00:1a 4996667                    /lib/x86_64-linux-gnu/libuuid.so.1.3.0
7fc1560d7000-7fc1560d8000 rw-p 00006000 00:1a 4996667                    /lib/x86_64-linux-gnu/libuuid.so.1.3.0
7fc1560d8000-7fc15611f000 r-xp 00000000 00:1a 4996692                    /lib/x86_64-linux-gnu/libblkid.so.1.1.0
7fc15611f000-7fc15631f000 ---p 00047000 00:1a 4996692                    /lib/x86_64-linux-gnu/libblkid.so.1.1.0
7fc15631f000-7fc156323000 r--p 00047000 00:1a 4996692                    /lib/x86_64-linux-gnu/libblkid.so.1.1.0
7fc156323000-7fc156324000 rw-p 0004b000 00:1a 4996692                    /lib/x86_64-linux-gnu/libblkid.so.1.1.0
7fc156324000-7fc156325000 rw-p 00000000 00:00 0 
7fc156325000-7fc156395000 r-xp 00000000 00:1a 12111                      /lib/x86_64-linux-gnu/libpcre.so.3.13.3
7fc156395000-7fc156595000 ---p 00070000 00:1a 12111                      /lib/x86_64-linux-gnu/libpcre.so.3.13.3
7fc156595000-7fc156596000 r--p 00070000 00:1a 12111                      /lib/x86_64-linux-gnu/libpcre.so.3.13.3
7fc156596000-7fc156597000 rw-p 00071000 00:1a 12111                      /lib/x86_64-linux-gnu/libpcre.so.3.13.3
7fc156597000-7fc15659e000 r-xp 00000000 00:1a 27570                      /usr/lib/x86_64-linux-gnu/libffi.so.6.0.4
7fc15659e000-7fc15679d000 ---p 00007000 00:1a 27570                      /usr/lib/x86_64-linux-gnu/libffi.so.6.0.4
7fc15679d000-7fc15679e000 r--p 00006000 00:1a 27570                      /usr/lib/x86_64-linux-gnu/libffi.so.6.0.4
7fc15679e000-7fc15679f000 rw-p 00007000 00:1a 27570                      /usr/lib/x86_64-linux-gnu/libffi.so.6.0.4
7fc15679f000-7fc1567f0000 r-xp 00000000 00:1a 4996744                    /lib/x86_64-linux-gnu/libmount.so.1.1.0
7fc1567f0000-7fc1569ef000 ---p 00051000 00:1a 4996744                    /lib/x86_64-linux-gnu/libmount.so.1.1.0
7fc1569ef000-7fc1569f1000 r--p 00050000 00:1a 4996744                    /lib/x86_64-linux-gnu/libmount.so.1.1.0
7fc1569f1000-7fc1569f2000 rw-p 00052000 00:1a 4996744                    /lib/x86_64-linux-gnu/libmount.so.1.1.0
7fc1569f2000-7fc1569f3000 rw-p 00000000 00:00 0 
7fc1569f3000-7fc156a0a000 r-xp 00000000 00:1a 12128                      /lib/x86_64-linux-gnu/libresolv-2.27.so
7fc156a0a000-7fc156c0a000 ---p 00017000 00:1a 12128                      /lib/x86_64-linux-gnu/libresolv-2.27.so
7fc156c0a000-7fc156c0b000 r--p 00017000 00:1a 12128                      /lib/x86_64-linux-gnu/libresolv-2.27.so
7fc156c0b000-7fc156c0c000 rw-p 00018000 00:1a 12128                      /lib/x86_64-linux-gnu/libresolv-2.27.so
7fc156c0c000-7fc156c0e000 rw-p 00000000 00:00 0 
7fc156c0e000-7fc156c33000 r-xp 00000000 00:1a 12134                      /lib/x86_64-linux-gnu/libselinux.so.1
7fc156c33000-7fc156e32000 ---p 00025000 00:1a 12134                      /lib/x86_64-linux-gnu/libselinux.so.1
7fc156e32000-7fc156e33000 r--p 00024000 00:1a 12134                      /lib/x86_64-linux-gnu/libselinux.so.1
7fc156e33000-7fc156e34000 rw-p 00025000 00:1a 12134                      /lib/x86_64-linux-gnu/libselinux.so.1
7fc156e34000-7fc156e36000 rw-p 00000000 00:00 0 
7fc156e36000-7fc156f49000 r-xp 00000000 00:1a 5395992                    /usr/lib/x86_64-linux-gnu/libglib-2.0.so.0.5600.3
7fc156f49000-7fc157149000 ---p 00113000 00:1a 5395992                    /usr/lib/x86_64-linux-gnu/libglib-2.0.so.0.5600.3
7fc157149000-7fc15714a000 r--p 00113000 00:1a 5395992                    /usr/lib/x86_64-linux-gnu/libglib-2.0.so.0.5600.3
7fc15714a000-7fc15714b000 rw-p 00114000 00:1a 5395992                    /usr/lib/x86_64-linux-gnu/libglib-2.0.so.0.5600.3
7fc15714b000-7fc15714c000 rw-p 00000000 00:00 0 
7fc15714c000-7fc15714f000 r-xp 00000000 00:1a 5395993                    /usr/lib/x86_64-linux-gnu/libgmodule-2.0.so.0.5600.3
7fc15714f000-7fc15734e000 ---p 00003000 00:1a 5395993                    /usr/lib/x86_64-linux-gnu/libgmodule-2.0.so.0.5600.3
7fc15734e000-7fc15734f000 r--p 00002000 00:1a 5395993                    /usr/lib/x86_64-linux-gnu/libgmodule-2.0.so.0.5600.3
7fc15734f000-7fc157350000 rw-p 00003000 00:1a 5395993                    /usr/lib/x86_64-linux-gnu/libgmodule-2.0.so.0.5600.3
7fc157350000-7fc1573a2000 r-xp 00000000 00:1a 5395994                    /usr/lib/x86_64-linux-gnu/libgobject-2.0.so.0.5600.3
7fc1573a2000-7fc1575a2000 ---p 00052000 00:1a 5395994                    /usr/lib/x86_64-linux-gnu/libgobject-2.0.so.0.5600.3
7fc1575a2000-7fc1575a3000 r--p 00052000 00:1a 5395994                    /usr/lib/x86_64-linux-gnu/libgobject-2.0.so.0.5600.3
7fc1575a3000-7fc1575a4000 rw-p 00053000 00:1a 5395994                    /usr/lib/x86_64-linux-gnu/libgobject-2.0.so.0.5600.3
7fc1575a4000-7fc157739000 r-xp 00000000 00:1a 5395991                    /usr/lib/x86_64-linux-gnu/libgio-2.0.so.0.5600.3
7fc157739000-7fc157939000 ---p 00195000 00:1a 5395991                    /usr/lib/x86_64-linux-gnu/libgio-2.0.so.0.5600.3
7fc157939000-7fc157940000 r--p 00195000 00:1a 5395991                    /usr/lib/x86_64-linux-gnu/libgio-2.0.so.0.5600.3
7fc157940000-7fc157941000 rw-p 0019c000 00:1a 5395991                    /usr/lib/x86_64-linux-gnu/libgio-2.0.so.0.5600.3
7fc157941000-7fc157943000 rw-p 00000000 00:00 0 
7fc157943000-7fc15794d000 r-xp 00000000 00:1a 27200                      /usr/lib/x86_64-linux-gnu/libXrandr.so.2.2.0
7fc15794d000-7fc157b4c000 ---p 0000a000 00:1a 27200                      /usr/lib/x86_64-linux-gnu/libXrandr.so.2.2.0
7fc157b4c000-7fc157b4d000 r--p 00009000 00:1a 27200                      /usr/lib/x86_64-linux-gnu/libXrandr.so.2.2.0
7fc157b4d000-7fc157b4e000 rw-p 0000a000 00:1a 27200                      /usr/lib/x86_64-linux-gnu/libXrandr.so.2.2.0
7fc157b4e000-7fc157beb000 r-xp 00000000 00:1a 2082413                    /usr/lib/jvm/java-10-oracle/lib/libfontmanager.so
7fc157beb000-7fc157deb000 ---p 0009d000 00:1a 2082413                    /usr/lib/jvm/java-10-oracle/lib/libfontmanager.so
7fc157deb000-7fc157dee000 rw-p 0009d000 00:1a 2082413                    /usr/lib/jvm/java-10-oracle/lib/libfontmanager.so
7fc157dee000-7fc158000000 rw-p 00000000 00:00 0 
7fc158000000-7fc158021000 rw-p 00000000 00:00 0 
7fc158021000-7fc15c000000 ---p 00000000 00:00 0 
7fc15c000000-7fc15c021000 rw-p 00000000 00:00 0 
7fc15c021000-7fc160000000 ---p 00000000 00:00 0 
7fc160000000-7fc160021000 rw-p 00000000 00:00 0 
7fc160021000-7fc164000000 ---p 00000000 00:00 0 
7fc164000000-7fc164021000 rw-p 00000000 00:00 0 
7fc164021000-7fc168000000 ---p 00000000 00:00 0 
7fc168000000-7fc168078000 rw-p 00000000 00:00 0 
7fc168078000-7fc16c000000 ---p 00000000 00:00 0 
7fc16c000000-7fc16c021000 rw-p 00000000 00:00 0 
7fc16c021000-7fc170000000 ---p 00000000 00:00 0 
7fc170000000-7fc1702d0000 rw-p 00000000 00:00 0 
7fc1702d0000-7fc174000000 ---p 00000000 00:00 0 
7fc174000000-7fc174066000 rw-p 00000000 00:00 0 
7fc174066000-7fc178000000 ---p 00000000 00:00 0 
7fc178000000-7fc178021000 rw-p 00000000 00:00 0 
7fc178021000-7fc17c000000 ---p 00000000 00:00 0 
7fc17c000000-7fc17c066000 rw-p 00000000 00:00 0 
7fc17c066000-7fc180000000 ---p 00000000 00:00 0 
7fc180000000-7fc180076000 rw-p 00000000 00:00 0 
7fc180076000-7fc184000000 ---p 00000000 00:00 0 
7fc184000000-7fc184076000 rw-p 00000000 00:00 0 
7fc184076000-7fc188000000 ---p 00000000 00:00 0 
7fc188000000-7fc188051000 rw-p 00000000 00:00 0 
7fc188051000-7fc18c000000 ---p 00000000 00:00 0 
7fc18c000000-7fc18c070000 rw-p 00000000 00:00 0 
7fc18c070000-7fc190000000 ---p 00000000 00:00 0 
7fc190000000-7fc19007f000 rw-p 00000000 00:00 0 
7fc19007f000-7fc194000000 ---p 00000000 00:00 0 
7fc194000000-7fc194021000 rw-p 00000000 00:00 0 
7fc194021000-7fc198000000 ---p 00000000 00:00 0 
7fc198000000-7fc198062000 rw-p 00000000 00:00 0 
7fc198062000-7fc19c000000 ---p 00000000 00:00 0 
7fc19c000000-7fc19c021000 rw-p 00000000 00:00 0 
7fc19c021000-7fc1a0000000 ---p 00000000 00:00 0 
7fc1a0000000-7fc1a0081000 rw-p 00000000 00:00 0 
7fc1a0081000-7fc1a4000000 ---p 00000000 00:00 0 
7fc1a4000000-7fc1a4021000 rw-p 00000000 00:00 0 
7fc1a4021000-7fc1a8000000 ---p 00000000 00:00 0 
7fc1a8000000-7fc1a807a000 rw-p 00000000 00:00 0 
7fc1a807a000-7fc1ac000000 ---p 00000000 00:00 0 
7fc1ac000000-7fc1ac0b8000 rw-p 00000000 00:00 0 
7fc1ac0b8000-7fc1b0000000 ---p 00000000 00:00 0 
7fc1b0000000-7fc1b0021000 rw-p 00000000 00:00 0 
7fc1b0021000-7fc1b4000000 ---p 00000000 00:00 0 
7fc1b4000000-7fc1b4021000 rw-p 00000000 00:00 0 
7fc1b4021000-7fc1b8000000 ---p 00000000 00:00 0 
7fc1b8000000-7fc1b8041000 rw-p 00000000 00:00 0 
7fc1b8041000-7fc1bc000000 ---p 00000000 00:00 0 
7fc1bc000000-7fc1bc021000 rw-p 00000000 00:00 0 
7fc1bc021000-7fc1c0000000 ---p 00000000 00:00 0 
7fc1c0000000-7fc1c0eef000 rw-p 00000000 00:00 0 
7fc1c0eef000-7fc1c4000000 ---p 00000000 00:00 0 
7fc1c4000000-7fc1c44d9000 rw-p 00000000 00:00 0 
7fc1c44d9000-7fc1c8000000 ---p 00000000 00:00 0 
7fc1c8000000-7fc1c925f000 rw-p 00000000 00:00 0 
7fc1c925f000-7fc1cc000000 ---p 00000000 00:00 0 
7fc1cc000000-7fc1cc807000 rw-p 00000000 00:00 0 
7fc1cc807000-7fc1d0000000 ---p 00000000 00:00 0 
7fc1d0000000-7fc1d0021000 rw-p 00000000 00:00 0 
7fc1d0021000-7fc1d4000000 ---p 00000000 00:00 0 
7fc1d41b5000-7fc1d41c8000 r-xp 00000000 00:1a 11986                      /lib/x86_64-linux-gnu/libbsd.so.0.8.7
7fc1d41c8000-7fc1d43c7000 ---p 00013000 00:1a 11986                      /lib/x86_64-linux-gnu/libbsd.so.0.8.7
7fc1d43c7000-7fc1d43c8000 r--p 00012000 00:1a 11986                      /lib/x86_64-linux-gnu/libbsd.so.0.8.7
7fc1d43c8000-7fc1d43c9000 rw-p 00013000 00:1a 11986                      /lib/x86_64-linux-gnu/libbsd.so.0.8.7
7fc1d43c9000-7fc1d43ca000 rw-p 00000000 00:00 0 
7fc1d43ca000-7fc1d43cf000 r-xp 00000000 00:1a 27180                      /usr/lib/x86_64-linux-gnu/libXdmcp.so.6.0.0
7fc1d43cf000-7fc1d45ce000 ---p 00005000 00:1a 27180                      /usr/lib/x86_64-linux-gnu/libXdmcp.so.6.0.0
7fc1d45ce000-7fc1d45cf000 r--p 00004000 00:1a 27180                      /usr/lib/x86_64-linux-gnu/libXdmcp.so.6.0.0
7fc1d45cf000-7fc1d45d0000 rw-p 00005000 00:1a 27180                      /usr/lib/x86_64-linux-gnu/libXdmcp.so.6.0.0
7fc1d45d0000-7fc1d45d2000 r-xp 00000000 00:1a 27169                      /usr/lib/x86_64-linux-gnu/libXau.so.6.0.0
7fc1d45d2000-7fc1d47d2000 ---p 00002000 00:1a 27169                      /usr/lib/x86_64-linux-gnu/libXau.so.6.0.0
7fc1d47d2000-7fc1d47d3000 r--p 00002000 00:1a 27169                      /usr/lib/x86_64-linux-gnu/libXau.so.6.0.0
7fc1d47d3000-7fc1d47d4000 rw-p 00003000 00:1a 27169                      /usr/lib/x86_64-linux-gnu/libXau.so.6.0.0
7fc1d47d4000-7fc1d47fa000 r-xp 00000000 00:1a 28740                      /usr/lib/x86_64-linux-gnu/libxcb.so.1.1.0
7fc1d47fa000-7fc1d49fa000 ---p 00026000 00:1a 28740                      /usr/lib/x86_64-linux-gnu/libxcb.so.1.1.0
7fc1d49fa000-7fc1d49fb000 r--p 00026000 00:1a 28740                      /usr/lib/x86_64-linux-gnu/libxcb.so.1.1.0
7fc1d49fb000-7fc1d49fc000 rw-p 00027000 00:1a 28740                      /usr/lib/x86_64-linux-gnu/libxcb.so.1.1.0
7fc1d49fc000-7fc1d4a0b000 r-xp 00000000 00:1a 27190                      /usr/lib/x86_64-linux-gnu/libXi.so.6.1.0
7fc1d4a0b000-7fc1d4c0a000 ---p 0000f000 00:1a 27190                      /usr/lib/x86_64-linux-gnu/libXi.so.6.1.0
7fc1d4c0a000-7fc1d4c0b000 r--p 0000e000 00:1a 27190                      /usr/lib/x86_64-linux-gnu/libXi.so.6.1.0
7fc1d4c0b000-7fc1d4c0c000 rw-p 0000f000 00:1a 27190                      /usr/lib/x86_64-linux-gnu/libXi.so.6.1.0
7fc1d4c0c000-7fc1d4c11000 r-xp 00000000 00:1a 27208                      /usr/lib/x86_64-linux-gnu/libXtst.so.6.1.0
7fc1d4c11000-7fc1d4e10000 ---p 00005000 00:1a 27208                      /usr/lib/x86_64-linux-gnu/libXtst.so.6.1.0
7fc1d4e10000-7fc1d4e11000 r--p 00004000 00:1a 27208                      /usr/lib/x86_64-linux-gnu/libXtst.so.6.1.0
7fc1d4e11000-7fc1d4e12000 rw-p 00005000 00:1a 27208                      /usr/lib/x86_64-linux-gnu/libXtst.so.6.1.0
7fc1d4e12000-7fc1d4e1b000 r-xp 00000000 00:1a 27202                      /usr/lib/x86_64-linux-gnu/libXrender.so.1.3.0
7fc1d4e1b000-7fc1d501a000 ---p 00009000 00:1a 27202                      /usr/lib/x86_64-linux-gnu/libXrender.so.1.3.0
7fc1d501a000-7fc1d501b000 r--p 00008000 00:1a 27202                      /usr/lib/x86_64-linux-gnu/libXrender.so.1.3.0
7fc1d501b000-7fc1d501c000 rw-p 00009000 00:1a 27202                      /usr/lib/x86_64-linux-gnu/libXrender.so.1.3.0
7fc1d501c000-7fc1d514f000 r-xp 00000000 00:1a 3955457                    /usr/lib/x86_64-linux-gnu/libX11.so.6.3.0
7fc1d514f000-7fc1d534f000 ---p 00133000 00:1a 3955457                    /usr/lib/x86_64-linux-gnu/libX11.so.6.3.0
7fc1d534f000-7fc1d5350000 r--p 00133000 00:1a 3955457                    /usr/lib/x86_64-linux-gnu/libX11.so.6.3.0
7fc1d5350000-7fc1d5354000 rw-p 00134000 00:1a 3955457                    /usr/lib/x86_64-linux-gnu/libX11.so.6.3.0
7fc1d5354000-7fc1d5365000 r-xp 00000000 00:1a 27182                      /usr/lib/x86_64-linux-gnu/libXext.so.6.4.0
7fc1d5365000-7fc1d5564000 ---p 00011000 00:1a 27182                      /usr/lib/x86_64-linux-gnu/libXext.so.6.4.0
7fc1d5564000-7fc1d5565000 r--p 00010000 00:1a 27182                      /usr/lib/x86_64-linux-gnu/libXext.so.6.4.0
7fc1d5565000-7fc1d5566000 rw-p 00011000 00:1a 27182                      /usr/lib/x86_64-linux-gnu/libXext.so.6.4.0
7fc1d557c000-7fc1d5593000 r--p 00000000 00:1a 5432993                    /usr/share/glib-2.0/schemas/gschemas.compiled
7fc1d5593000-7fc1d55f0000 r-xp 00000000 00:1a 2083204                    /usr/lib/jvm/java-10-oracle/lib/libawt_xawt.so
7fc1d55f0000-7fc1d57f0000 ---p 0005d000 00:1a 2083204                    /usr/lib/jvm/java-10-oracle/lib/libawt_xawt.so
7fc1d57f0000-7fc1d57f3000 rw-p 0005d000 00:1a 2083204                    /usr/lib/jvm/java-10-oracle/lib/libawt_xawt.so
7fc1d57f3000-7fc1d57f5000 rw-p 00000000 00:00 0 
7fc1d57f5000-7fc1d5893000 r-xp 00000000 00:1a 2082409                    /usr/lib/jvm/java-10-oracle/lib/libawt.so
7fc1d5893000-7fc1d5a93000 ---p 0009e000 00:1a 2082409                    /usr/lib/jvm/java-10-oracle/lib/libawt.so
7fc1d5a93000-7fc1d5a9f000 rw-p 0009e000 00:1a 2082409                    /usr/lib/jvm/java-10-oracle/lib/libawt.so
7fc1d5a9f000-7fc1d5cc3000 rw-p 00000000 00:00 0 
7fc1d5cc3000-7fc1d5cc7000 ---p 00000000 00:00 0 
7fc1d5cc7000-7fc1d5ce5000 rw-p 00000000 00:00 0 
7fc1d5ce5000-7fc1d5ce9000 ---p 00000000 00:00 0 
7fc1d5ce9000-7fc1d5de6000 rw-p 00000000 00:00 0 
7fc1d5de6000-7fc1d5dea000 ---p 00000000 00:00 0 
7fc1d5dea000-7fc1d5ee7000 rw-p 00000000 00:00 0 
7fc1d5ee7000-7fc1d5eeb000 ---p 00000000 00:00 0 
7fc1d5eeb000-7fc1d5fe8000 rw-p 00000000 00:00 0 
7fc1d5fe8000-7fc1d5fec000 ---p 00000000 00:00 0 
7fc1d5fec000-7fc1d60e9000 rw-p 00000000 00:00 0 
7fc1d60e9000-7fc1d60ed000 ---p 00000000 00:00 0 
7fc1d60ed000-7fc1d61ea000 rw-p 00000000 00:00 0 
7fc1d61ea000-7fc1d61ee000 ---p 00000000 00:00 0 
7fc1d61ee000-7fc1d62eb000 rw-p 00000000 00:00 0 
7fc1d62eb000-7fc1d62ef000 ---p 00000000 00:00 0 
7fc1d62ef000-7fc1d63ec000 rw-p 00000000 00:00 0 
7fc1d63ec000-7fc1d63f0000 ---p 00000000 00:00 0 
7fc1d63f0000-7fc1d64ed000 rw-p 00000000 00:00 0 
7fc1d64ed000-7fc1d64f1000 ---p 00000000 00:00 0 
7fc1d64f1000-7fc1d65ee000 rw-p 00000000 00:00 0 
7fc1d65ee000-7fc1d65f2000 ---p 00000000 00:00 0 
7fc1d65f2000-7fc1d66ef000 rw-p 00000000 00:00 0 
7fc1d66ef000-7fc1d66f3000 ---p 00000000 00:00 0 
7fc1d66f3000-7fc1d67f0000 rw-p 00000000 00:00 0 
7fc1d67f0000-7fc1d67f4000 ---p 00000000 00:00 0 
7fc1d67f4000-7fc1d6af1000 rw-p 00000000 00:00 0 
7fc1d6af1000-7fc1d6cf1000 rw-p 00000000 00:00 0 
7fc1d6cf1000-7fc1d6ef1000 rw-p 00000000 00:00 0 
7fc1d6ef1000-7fc1d70f1000 rw-p 00000000 00:00 0 
7fc1d70f1000-7fc1d7107000 r-xp 00000000 00:1a 2083235                    /usr/lib/jvm/java-10-oracle/lib/libnet.so
7fc1d7107000-7fc1d7307000 ---p 00016000 00:1a 2083235                    /usr/lib/jvm/java-10-oracle/lib/libnet.so
7fc1d7307000-7fc1d7308000 rw-p 00016000 00:1a 2083235                    /usr/lib/jvm/java-10-oracle/lib/libnet.so
7fc1d7308000-7fc1d7318000 r-xp 00000000 00:1a 2082456                    /usr/lib/jvm/java-10-oracle/lib/libnio.so
7fc1d7318000-7fc1d7518000 ---p 00010000 00:1a 2082456                    /usr/lib/jvm/java-10-oracle/lib/libnio.so
7fc1d7518000-7fc1d7519000 rw-p 00010000 00:1a 2082456                    /usr/lib/jvm/java-10-oracle/lib/libnio.so
7fc1d7519000-7fc1d751a000 ---p 00000000 00:00 0 
7fc1d751a000-7fc1d761b000 rw-p 00000000 00:00 0 
7fc1d761b000-7fc1d761f000 ---p 00000000 00:00 0 
7fc1d761f000-7fc1d771c000 rw-p 00000000 00:00 0 
7fc1d771c000-7fc1d7720000 ---p 00000000 00:00 0 
7fc1d7720000-7fc1d781d000 rw-p 00000000 00:00 0 
7fc1d781d000-7fc1d7821000 ---p 00000000 00:00 0 
7fc1d7821000-7fc1d791e000 rw-p 00000000 00:00 0 
7fc1d791e000-7fc1d7922000 ---p 00000000 00:00 0 
7fc1d7922000-7fc1d7a1f000 rw-p 00000000 00:00 0 
7fc1d7a1f000-7fc1d7a23000 ---p 00000000 00:00 0 
7fc1d7a23000-7fc1d7b20000 rw-p 00000000 00:00 0 
7fc1d7b20000-7fc1d7b24000 ---p 00000000 00:00 0 
7fc1d7b24000-7fc1d7c21000 rw-p 00000000 00:00 0 
7fc1d7c21000-7fc1d7c25000 ---p 00000000 00:00 0 
7fc1d7c25000-7fc1d7d22000 rw-p 00000000 00:00 0 
7fc1d7d22000-7fc1d8000000 r--p 00000000 00:1a 20105                      /usr/lib/locale/locale-archive
7fc1d8000000-7fc1d8021000 rw-p 00000000 00:00 0 
7fc1d8021000-7fc1dc000000 ---p 00000000 00:00 0 
7fc1dc000000-7fc1dc021000 rw-p 00000000 00:00 0 
7fc1dc021000-7fc1e0000000 ---p 00000000 00:00 0 
7fc1e0000000-7fc1e0021000 rw-p 00000000 00:00 0 
7fc1e0021000-7fc1e4000000 ---p 00000000 00:00 0 
7fc1e4000000-7fc1e40b3000 rw-p 00000000 00:00 0 
7fc1e40b3000-7fc1e8000000 ---p 00000000 00:00 0 
7fc1e8000000-7fc1e8021000 rw-p 00000000 00:00 0 
7fc1e8021000-7fc1ec000000 ---p 00000000 00:00 0 
7fc1ec000000-7fc1ec021000 rw-p 00000000 00:00 0 
7fc1ec021000-7fc1f0000000 ---p 00000000 00:00 0 
7fc1f0000000-7fc1f0021000 rw-p 00000000 00:00 0 
7fc1f0021000-7fc1f4000000 ---p 00000000 00:00 0 
7fc1f4000000-7fc1f4021000 rw-p 00000000 00:00 0 
7fc1f4021000-7fc1f8000000 ---p 00000000 00:00 0 
7fc1f8000000-7fc1f8021000 rw-p 00000000 00:00 0 
7fc1f8021000-7fc1fc000000 ---p 00000000 00:00 0 
7fc1fc000000-7fc1fc021000 rw-p 00000000 00:00 0 
7fc1fc021000-7fc200000000 ---p 00000000 00:00 0 
7fc200000000-7fc200021000 rw-p 00000000 00:00 0 
7fc200021000-7fc204000000 ---p 00000000 00:00 0 
7fc204000000-7fc204021000 rw-p 00000000 00:00 0 
7fc204021000-7fc208000000 ---p 00000000 00:00 0 
7fc208000000-7fc208021000 rw-p 00000000 00:00 0 
7fc208021000-7fc20c000000 ---p 00000000 00:00 0 
7fc20c000000-7fc20c021000 rw-p 00000000 00:00 0 
7fc20c021000-7fc210000000 ---p 00000000 00:00 0 
7fc210000000-7fc210021000 rw-p 00000000 00:00 0 
7fc210021000-7fc214000000 ---p 00000000 00:00 0 
7fc214000000-7fc214021000 rw-p 00000000 00:00 0 
7fc214021000-7fc218000000 ---p 00000000 00:00 0 
7fc218007000-7fc21800b000 ---p 00000000 00:00 0 
7fc21800b000-7fc218029000 rw-p 00000000 00:00 0 
7fc218029000-7fc21802d000 ---p 00000000 00:00 0 
7fc21802d000-7fc21804b000 rw-p 00000000 00:00 0 
7fc21804b000-7fc21804f000 ---p 00000000 00:00 0 
7fc21804f000-7fc21806d000 rw-p 00000000 00:00 0 
7fc21806d000-7fc218071000 ---p 00000000 00:00 0 
7fc218071000-7fc21808f000 rw-p 00000000 00:00 0 
7fc21808f000-7fc218093000 ---p 00000000 00:00 0 
7fc218093000-7fc2180b1000 rw-p 00000000 00:00 0 
7fc2180b1000-7fc2180b5000 ---p 00000000 00:00 0 
7fc2180b5000-7fc2180d3000 rw-p 00000000 00:00 0 
7fc2180d3000-7fc2180d7000 ---p 00000000 00:00 0 
7fc2180d7000-7fc2180f5000 rw-p 00000000 00:00 0 
7fc2180f5000-7fc2180f9000 ---p 00000000 00:00 0 
7fc2180f9000-7fc2181f6000 rw-p 00000000 00:00 0 
7fc2181f6000-7fc2181fa000 ---p 00000000 00:00 0 
7fc2181fa000-7fc2182f7000 rw-p 00000000 00:00 0 
7fc2182f7000-7fc2182fb000 ---p 00000000 00:00 0 
7fc2182fb000-7fc2183f8000 rw-p 00000000 00:00 0 
7fc2183f8000-7fc2183f9000 ---p 00000000 00:00 0 
7fc2183f9000-7fc218cfa000 rw-p 00000000 00:00 0 
7fc218cfa000-7fc218cfb000 ---p 00000000 00:00 0 
7fc218cfb000-7fc218dfc000 rw-p 00000000 00:00 0 
7fc218dfc000-7fc218dfd000 ---p 00000000 00:00 0 
7fc218dfd000-7fc218efe000 rw-p 00000000 00:00 0 
7fc218efe000-7fc218eff000 ---p 00000000 00:00 0 
7fc218eff000-7fc21b3e8000 rw-p 00000000 00:00 0 
7fc21b3e8000-7fc21c000000 ---p 00000000 00:00 0 
7fc21c000000-7fc21c021000 rw-p 00000000 00:00 0 
7fc21c021000-7fc220000000 ---p 00000000 00:00 0 
7fc220000000-7fc220021000 rw-p 00000000 00:00 0 
7fc220021000-7fc224000000 ---p 00000000 00:00 0 
7fc224000000-7fc224021000 rw-p 00000000 00:00 0 
7fc224021000-7fc228000000 ---p 00000000 00:00 0 
7fc228000000-7fc228021000 rw-p 00000000 00:00 0 
7fc228021000-7fc22c000000 ---p 00000000 00:00 0 
7fc22c000000-7fc22c021000 rw-p 00000000 00:00 0 
7fc22c021000-7fc230000000 ---p 00000000 00:00 0 
7fc230000000-7fc230021000 rw-p 00000000 00:00 0 
7fc230021000-7fc234000000 ---p 00000000 00:00 0 
7fc234000000-7fc234021000 rw-p 00000000 00:00 0 
7fc234021000-7fc238000000 ---p 00000000 00:00 0 
7fc238006000-7fc23800a000 ---p 00000000 00:00 0 
7fc23800a000-7fc238028000 rw-p 00000000 00:00 0 
7fc238028000-7fc238029000 ---p 00000000 00:00 0 
7fc238029000-7fc23812a000 rw-p 00000000 00:00 0 
7fc23812a000-7fc23812b000 ---p 00000000 00:00 0 
7fc23812b000-7fc23822c000 rw-p 00000000 00:00 0 
7fc23822c000-7fc23822d000 ---p 00000000 00:00 0 
7fc23822d000-7fc23832e000 rw-p 00000000 00:00 0 
7fc23832e000-7fc23832f000 ---p 00000000 00:00 0 
7fc23832f000-7fc238430000 rw-p 00000000 00:00 0 
7fc238430000-7fc238431000 ---p 00000000 00:00 0 
7fc238431000-7fc238532000 rw-p 00000000 00:00 0 
7fc238532000-7fc238533000 ---p 00000000 00:00 0 
7fc238533000-7fc239022000 rw-p 00000000 00:00 0 
7fc239022000-7fc239c3a000 ---p 00000000 00:00 0 
7fc239c3a000-7fc239eaa000 rwxp 00000000 00:00 0 
7fc239eaa000-7fc23a1cb000 ---p 00000000 00:00 0 
7fc23a1cb000-7fc23a7eb000 rwxp 00000000 00:00 0 
7fc23a7eb000-7fc241702000 ---p 00000000 00:00 0 
7fc241702000-7fc241972000 rwxp 00000000 00:00 0 
7fc241972000-7fc248c3a000 ---p 00000000 00:00 0 
7fc248c3a000-7fc254000000 r--s 00000000 00:1a 2082439                    /usr/lib/jvm/java-10-oracle/lib/modules
7fc254000000-7fc2546cc000 rw-p 00000000 00:00 0 
7fc2546cc000-7fc258000000 ---p 00000000 00:00 0 
7fc25800d000-7fc258011000 ---p 00000000 00:00 0 
7fc258011000-7fc258302000 rw-p 00000000 00:00 0 
7fc258302000-7fc258303000 ---p 00000000 00:00 0 
7fc258303000-7fc258404000 rw-p 00000000 00:00 0 
7fc258404000-7fc258405000 ---p 00000000 00:00 0 
7fc258405000-7fc258506000 rw-p 00000000 00:00 0 
7fc258506000-7fc258507000 ---p 00000000 00:00 0 
7fc258507000-7fc258685000 rw-p 00000000 00:00 0 
7fc258685000-7fc258808000 ---p 00000000 00:00 0 
7fc258808000-7fc258885000 rw-p 00000000 00:00 0 
7fc258885000-7fc258a08000 ---p 00000000 00:00 0 
7fc258a08000-7fc258a85000 rw-p 00000000 00:00 0 
7fc258a85000-7fc258c08000 ---p 00000000 00:00 0 
7fc258c08000-7fc259410000 rw-p 00000000 00:00 0 
7fc259410000-7fc259411000 ---p 00000000 00:00 0 
7fc259411000-7fc259512000 rw-p 00000000 00:00 0 
7fc259512000-7fc259513000 ---p 00000000 00:00 0 
7fc259513000-7fc259614000 rw-p 00000000 00:00 0 
7fc259614000-7fc259615000 ---p 00000000 00:00 0 
7fc259615000-7fc259716000 rw-p 00000000 00:00 0 
7fc259716000-7fc259717000 ---p 00000000 00:00 0 
7fc259717000-7fc259818000 rw-p 00000000 00:00 0 
7fc259818000-7fc259819000 ---p 00000000 00:00 0 
7fc259819000-7fc25991a000 rw-p 00000000 00:00 0 
7fc25991a000-7fc25991b000 ---p 00000000 00:00 0 
7fc25991b000-7fc259a1c000 rw-p 00000000 00:00 0 
7fc259a1c000-7fc259a1d000 ---p 00000000 00:00 0 
7fc259a1d000-7fc259b1e000 rw-p 00000000 00:00 0 
7fc259b1e000-7fc259b1f000 ---p 00000000 00:00 0 
7fc259b1f000-7fc259c25000 rw-p 00000000 00:00 0 
7fc259c25000-7fc259d0b000 ---p 00000000 00:00 0 
7fc259d0b000-7fc259d18000 rw-p 00000000 00:00 0 
7fc259d18000-7fc259df6000 ---p 00000000 00:00 0 
7fc259df6000-7fc259e10000 r-xp 00000000 00:1a 2082437                    /usr/lib/jvm/java-10-oracle/lib/libjimage.so
7fc259e10000-7fc25a00f000 ---p 0001a000 00:1a 2082437                    /usr/lib/jvm/java-10-oracle/lib/libjimage.so
7fc25a00f000-7fc25a011000 rw-p 00019000 00:1a 2082437                    /usr/lib/jvm/java-10-oracle/lib/libjimage.so
7fc25a011000-7fc25a023000 rw-p 00000000 00:00 0 
7fc25a023000-7fc25a02a000 r-xp 00000000 00:1a 2082457                    /usr/lib/jvm/java-10-oracle/lib/libzip.so
7fc25a02a000-7fc25a229000 ---p 00007000 00:1a 2082457                    /usr/lib/jvm/java-10-oracle/lib/libzip.so
7fc25a229000-7fc25a22a000 rw-p 00006000 00:1a 2082457                    /usr/lib/jvm/java-10-oracle/lib/libzip.so
7fc25a22a000-7fc25a235000 r-xp 00000000 00:1a 12080                      /lib/x86_64-linux-gnu/libnss_files-2.27.so
7fc25a235000-7fc25a434000 ---p 0000b000 00:1a 12080                      /lib/x86_64-linux-gnu/libnss_files-2.27.so
7fc25a434000-7fc25a435000 r--p 0000a000 00:1a 12080                      /lib/x86_64-linux-gnu/libnss_files-2.27.so
7fc25a435000-7fc25a436000 rw-p 0000b000 00:1a 12080                      /lib/x86_64-linux-gnu/libnss_files-2.27.so
7fc25a436000-7fc25a43c000 rw-p 00000000 00:00 0 
7fc25a43c000-7fc25a453000 r-xp 00000000 00:1a 12074                      /lib/x86_64-linux-gnu/libnsl-2.27.so
7fc25a453000-7fc25a652000 ---p 00017000 00:1a 12074                      /lib/x86_64-linux-gnu/libnsl-2.27.so
7fc25a652000-7fc25a653000 r--p 00016000 00:1a 12074                      /lib/x86_64-linux-gnu/libnsl-2.27.so
7fc25a653000-7fc25a654000 rw-p 00017000 00:1a 12074                      /lib/x86_64-linux-gnu/libnsl-2.27.so
7fc25a654000-7fc25a656000 rw-p 00000000 00:00 0 
7fc25a656000-7fc25a661000 r-xp 00000000 00:1a 12090                      /lib/x86_64-linux-gnu/libnss_nis-2.27.so
7fc25a661000-7fc25a860000 ---p 0000b000 00:1a 12090                      /lib/x86_64-linux-gnu/libnss_nis-2.27.so
7fc25a860000-7fc25a861000 r--p 0000a000 00:1a 12090                      /lib/x86_64-linux-gnu/libnss_nis-2.27.so
7fc25a861000-7fc25a862000 rw-p 0000b000 00:1a 12090                      /lib/x86_64-linux-gnu/libnss_nis-2.27.so
7fc25a862000-7fc25a86a000 r-xp 00000000 00:1a 12076                      /lib/x86_64-linux-gnu/libnss_compat-2.27.so
7fc25a86a000-7fc25aa6a000 ---p 00008000 00:1a 12076                      /lib/x86_64-linux-gnu/libnss_compat-2.27.so
7fc25aa6a000-7fc25aa6b000 r--p 00008000 00:1a 12076                      /lib/x86_64-linux-gnu/libnss_compat-2.27.so
7fc25aa6b000-7fc25aa6c000 rw-p 00009000 00:1a 12076                      /lib/x86_64-linux-gnu/libnss_compat-2.27.so
7fc25aa6c000-7fc25aa96000 r-xp 00000000 00:1a 2082417                    /usr/lib/jvm/java-10-oracle/lib/libjava.so
7fc25aa96000-7fc25ac96000 ---p 0002a000 00:1a 2082417                    /usr/lib/jvm/java-10-oracle/lib/libjava.so
7fc25ac96000-7fc25ac98000 rw-p 0002a000 00:1a 2082417                    /usr/lib/jvm/java-10-oracle/lib/libjava.so
7fc25ac98000-7fc25aca5000 r-xp 00000000 00:1a 2082445                    /usr/lib/jvm/java-10-oracle/lib/libverify.so
7fc25aca5000-7fc25aea4000 ---p 0000d000 00:1a 2082445                    /usr/lib/jvm/java-10-oracle/lib/libverify.so
7fc25aea4000-7fc25aea6000 rw-p 0000c000 00:1a 2082445                    /usr/lib/jvm/java-10-oracle/lib/libverify.so
7fc25aea6000-7fc25aead000 r-xp 00000000 00:1a 12130                      /lib/x86_64-linux-gnu/librt-2.27.so
7fc25aead000-7fc25b0ac000 ---p 00007000 00:1a 12130                      /lib/x86_64-linux-gnu/librt-2.27.so
7fc25b0ac000-7fc25b0ad000 r--p 00006000 00:1a 12130                      /lib/x86_64-linux-gnu/librt-2.27.so
7fc25b0ad000-7fc25b0ae000 rw-p 00007000 00:1a 12130                      /lib/x86_64-linux-gnu/librt-2.27.so
7fc25b0ae000-7fc25b24b000 r-xp 00000000 00:1a 12053                      /lib/x86_64-linux-gnu/libm-2.27.so
7fc25b24b000-7fc25b44a000 ---p 0019d000 00:1a 12053                      /lib/x86_64-linux-gnu/libm-2.27.so
7fc25b44a000-7fc25b44b000 r--p 0019c000 00:1a 12053                      /lib/x86_64-linux-gnu/libm-2.27.so
7fc25b44b000-7fc25b44c000 rw-p 0019d000 00:1a 12053                      /lib/x86_64-linux-gnu/libm-2.27.so
7fc25b44c000-7fc25c537000 r-xp 00000000 00:1a 2082465                    /usr/lib/jvm/java-10-oracle/lib/server/libjvm.so
7fc25c537000-7fc25c736000 ---p 010eb000 00:1a 2082465                    /usr/lib/jvm/java-10-oracle/lib/server/libjvm.so
7fc25c736000-7fc25c816000 r--p 010ea000 00:1a 2082465                    /usr/lib/jvm/java-10-oracle/lib/server/libjvm.so
7fc25c816000-7fc25c850000 rw-p 011ca000 00:1a 2082465                    /usr/lib/jvm/java-10-oracle/lib/server/libjvm.so
7fc25c850000-7fc25c8ba000 rw-p 00000000 00:00 0 
7fc25c8ba000-7fc25caa1000 r-xp 00000000 00:1a 11990                      /lib/x86_64-linux-gnu/libc-2.27.so
7fc25caa1000-7fc25cca1000 ---p 001e7000 00:1a 11990                      /lib/x86_64-linux-gnu/libc-2.27.so
7fc25cca1000-7fc25cca5000 r--p 001e7000 00:1a 11990                      /lib/x86_64-linux-gnu/libc-2.27.so
7fc25cca5000-7fc25cca7000 rw-p 001eb000 00:1a 11990                      /lib/x86_64-linux-gnu/libc-2.27.so
7fc25cca7000-7fc25ccab000 rw-p 00000000 00:00 0 
7fc25ccab000-7fc25ccae000 r-xp 00000000 00:1a 12013                      /lib/x86_64-linux-gnu/libdl-2.27.so
7fc25ccae000-7fc25cead000 ---p 00003000 00:1a 12013                      /lib/x86_64-linux-gnu/libdl-2.27.so
7fc25cead000-7fc25ceae000 r--p 00002000 00:1a 12013                      /lib/x86_64-linux-gnu/libdl-2.27.so
7fc25ceae000-7fc25ceaf000 rw-p 00003000 00:1a 12013                      /lib/x86_64-linux-gnu/libdl-2.27.so
7fc25ceaf000-7fc25cebd000 r-xp 00000000 00:1a 2083139                    /usr/lib/jvm/java-10-oracle/lib/jli/libjli.so
7fc25cebd000-7fc25d0bd000 ---p 0000e000 00:1a 2083139                    /usr/lib/jvm/java-10-oracle/lib/jli/libjli.so
7fc25d0bd000-7fc25d0be000 rw-p 0000e000 00:1a 2083139                    /usr/lib/jvm/java-10-oracle/lib/jli/libjli.so
7fc25d0be000-7fc25d0d8000 r-xp 00000000 00:1a 12122                      /lib/x86_64-linux-gnu/libpthread-2.27.so
7fc25d0d8000-7fc25d2d7000 ---p 0001a000 00:1a 12122                      /lib/x86_64-linux-gnu/libpthread-2.27.so
7fc25d2d7000-7fc25d2d8000 r--p 00019000 00:1a 12122                      /lib/x86_64-linux-gnu/libpthread-2.27.so
7fc25d2d8000-7fc25d2d9000 rw-p 0001a000 00:1a 12122                      /lib/x86_64-linux-gnu/libpthread-2.27.so
7fc25d2d9000-7fc25d2dd000 rw-p 00000000 00:00 0 
7fc25d2dd000-7fc25d2f9000 r-xp 00000000 00:1a 12161                      /lib/x86_64-linux-gnu/libz.so.1.2.11
7fc25d2f9000-7fc25d4f8000 ---p 0001c000 00:1a 12161                      /lib/x86_64-linux-gnu/libz.so.1.2.11
7fc25d4f8000-7fc25d4f9000 r--p 0001b000 00:1a 12161                      /lib/x86_64-linux-gnu/libz.so.1.2.11
7fc25d4f9000-7fc25d4fa000 rw-p 0001c000 00:1a 12161                      /lib/x86_64-linux-gnu/libz.so.1.2.11
7fc25d4fa000-7fc25d521000 r-xp 00000000 00:1a 11962                      /lib/x86_64-linux-gnu/ld-2.27.so
7fc25d533000-7fc25d5ef000 rw-p 00000000 00:00 0 
7fc25d5ef000-7fc25d5f3000 ---p 00000000 00:00 0 
7fc25d5f3000-7fc25d6f4000 rw-p 00000000 00:00 0 
7fc25d705000-7fc25d706000 r--p 00000000 00:39 5088968                    /home/sarah/.config/dconf/user
7fc25d706000-7fc25d707000 r--s 00000000 00:39 5095521                    /home/sarah/.cache/dconf/user
7fc25d707000-7fc25d709000 r--p 00000000 00:1a 1700414                    /usr/share/locale-langpack/en_GB/LC_MESSAGES/glib20.mo
7fc25d709000-7fc25d70a000 r--p 00000000 00:1a 1699386                    /usr/share/locale-langpack/en_GB/LC_MESSAGES/libc.mo
7fc25d70a000-7fc25d710000 rw-p 00000000 00:00 0 
7fc25d710000-7fc25d717000 ---p 00000000 00:00 0 
7fc25d717000-7fc25d71f000 rw-s 00000000 00:1a 5922801                    /tmp/hsperfdata_root/8344
7fc25d71f000-7fc25d720000 ---p 00000000 00:00 0 
7fc25d720000-7fc25d721000 r--p 00000000 00:00 0 
7fc25d721000-7fc25d722000 r--p 00027000 00:1a 11962                      /lib/x86_64-linux-gnu/ld-2.27.so
7fc25d722000-7fc25d723000 rw-p 00028000 00:1a 11962                      /lib/x86_64-linux-gnu/ld-2.27.so
7fc25d723000-7fc25d724000 rw-p 00000000 00:00 0 
7ffc02dc5000-7ffc02de6000 rw-p 00000000 00:00 0                          [stack]
7ffc02dee000-7ffc02df1000 r--p 00000000 00:00 0                          [vvar]
7ffc02df1000-7ffc02df3000 r-xp 00000000 00:00 0                          [vdso]
ffffffffff600000-ffffffffff601000 r-xp 00000000 00:00 0                  [vsyscall]


VM Arguments:
jvm_args: -Xmx1G 
java_command: com.protonmail.sarahszabo.stellaropusconverter.Main Space-Bridge
java_class_path (initial): /home/sarah/NetBeansProjects/StellarOPUSConverter-master/target/classes:/root/.m2/repository/commons-io/commons-io/2.6/commons-io-2.6.jar:/root/.m2/repository/com/fasterxml/jackson/core/jackson-databind/2.9.5/jackson-databind-2.9.5.jar:/root/.m2/repository/com/fasterxml/jackson/core/jackson-annotations/2.9.0/jackson-annotations-2.9.0.jar:/root/.m2/repository/com/fasterxml/jackson/core/jackson-core/2.9.5/jackson-core-2.9.5.jar:/root/.m2/repository/org/controlsfx/controlsfx/8.40.14/controlsfx-8.40.14.jar:/root/.m2/repository/org/apache/commons/commons-lang3/3.7/commons-lang3-3.7.jar:/root/.m2/repository/com/fasterxml/jackson/dataformat/jackson-dataformat-yaml/2.9.0/jackson-dataformat-yaml-2.9.0.jar:/root/.m2/repository/org/yaml/snakeyaml/1.17/snakeyaml-1.17.jar:/root/.m2/repository/com/fasterxml/jackson/module/jackson-module-parameter-names/2.9.6/jackson-module-parameter-names-2.9.6.jar:/root/.m2/repository/com/fasterxml/jackson/datatype/jackson-datatype-jdk8/2.9.6/jackson-datatype-jdk8-2.9.6.jar:/root/.m2/repository/com/fasterxml/jackson/datatype/jackson-datatype-jsr310/2.9.6/jackson-datatype-jsr310-2.9.6.jar
Launcher Type: SUN_STANDARD

Logging:
Log output configuration:
#0: stdout all=warning uptime,level,tags
#1: stderr all=off uptime,level,tags

Environment Variables:
JAVA_HOME=/usr/lib/jvm/java-10-oracle
PATH=/usr/local/sbin:/usr/local/bin:/usr/sbin:/usr/bin:/sbin:/bin:/snap/bin
USERNAME=root
SHELL=/bin/bash
DISPLAY=:0

Signal Handlers:
SIGSEGV: [libjvm.so+0xdf6210], sa_mask[0]=11111111011111111101111111111110, sa_flags=SA_RESTART|SA_SIGINFO
SIGBUS: [libjvm.so+0xdf6210], sa_mask[0]=11111111011111111101111111111110, sa_flags=SA_RESTART|SA_SIGINFO
SIGFPE: [libjvm.so+0xdf6210], sa_mask[0]=11111111011111111101111111111110, sa_flags=SA_RESTART|SA_SIGINFO
SIGPIPE: SIG_IGN, sa_mask[0]=00000000000010000000000000000000, sa_flags=SA_RESTART
SIGXFSZ: [libjvm.so+0xbfbe70], sa_mask[0]=11111111011111111101111111111110, sa_flags=SA_RESTART|SA_SIGINFO
SIGILL: [libjvm.so+0xdf6210], sa_mask[0]=11111111011111111101111111111110, sa_flags=SA_RESTART|SA_SIGINFO
SIGUSR2: [libjvm.so+0xbfc200], sa_mask[0]=00100000000000000000000000000000, sa_flags=SA_RESTART|SA_SIGINFO
SIGHUP: [libjvm.so+0xbfc190], sa_mask[0]=11111111011111111101111111111110, sa_flags=SA_RESTART|SA_SIGINFO
SIGINT: SIG_IGN, sa_mask[0]=00000000000000000000000000000000, sa_flags=none
SIGTERM: [libjvm.so+0xbfc190], sa_mask[0]=11111111011111111101111111111110, sa_flags=SA_RESTART|SA_SIGINFO
SIGQUIT: [libjvm.so+0xbfc190], sa_mask[0]=11111111011111111101111111111110, sa_flags=SA_RESTART|SA_SIGINFO


---------------  S Y S T E M  ---------------

OS:DISTRIB_ID=Ubuntu
DISTRIB_RELEASE=18.04
DISTRIB_CODENAME=bionic
DISTRIB_DESCRIPTION="Ubuntu 18.04.1 LTS"
uname:Linux 4.15.0-42-generic #45-Ubuntu SMP Thu Nov 15 19:32:57 UTC 2018 x86_64
libc:glibc 2.27 NPTL 2.27 
rlimit: STACK 8192k, CORE 0k, NPROC 63284, NOFILE 1048576, AS infinity, DATA infinity, FSIZE infinity
load average:7.57 13.16 11.75

/proc/meminfo:
MemTotal:       16356072 kB
MemFree:          173140 kB
MemAvailable:    1789152 kB
Buffers:              12 kB
Cached:          2399624 kB
SwapCached:            0 kB
Active:         13415532 kB
Inactive:        1832344 kB
Active(anon):   12876456 kB
Inactive(anon):   551268 kB
Active(file):     539076 kB
Inactive(file):  1281076 kB
Unevictable:       13584 kB
Mlocked:           13584 kB
SwapTotal:             0 kB
SwapFree:              0 kB
Dirty:              2812 kB
Writeback:             0 kB
AnonPages:      12861964 kB
Mapped:           930764 kB
Shmem:            565884 kB
Slab:             295940 kB
SReclaimable:     103024 kB
SUnreclaim:       192916 kB
KernelStack:       39872 kB
PageTables:       233924 kB
NFS_Unstable:          0 kB
Bounce:                0 kB
WritebackTmp:          0 kB
CommitLimit:     8178036 kB
Committed_AS:   48868488 kB
VmallocTotal:   34359738367 kB
VmallocUsed:           0 kB
VmallocChunk:          0 kB
HardwareCorrupted:     0 kB
AnonHugePages:         0 kB
ShmemHugePages:        0 kB
ShmemPmdMapped:        0 kB
CmaTotal:              0 kB
CmaFree:               0 kB
HugePages_Total:       0
HugePages_Free:        0
HugePages_Rsvd:        0
HugePages_Surp:        0
Hugepagesize:       2048 kB
DirectMap4k:     2152960 kB
DirectMap2M:    14555136 kB
DirectMap1G:     1048576 kB

container (cgroup) information:
container_type: cgroupv1
cpu_cpuset_cpus: 0-7
cpu_memory_nodes: 0
active_processor_count: 8
cpu_quota: -1
cpu_period: 100000
cpu_shares: -1
memory_limit_in_bytes: -1
memory_and_swap_limit_in_bytes: -2
memory_soft_limit_in_bytes: -1
memory_usage_in_bytes: 15628066816
memory_max_usage_in_bytes: 9908224


CPU:total 8 (initial active 8) (4 cores per cpu, 2 threads per core) family 6 model 60 stepping 3, cmov, cx8, fxsr, mmx, sse, sse2, sse3, ssse3, sse4.1, sse4.2, popcnt, avx, avx2, aes, clmul, erms, lzcnt, ht, tsc, tscinvbit, bmi1, bmi2, fma
CPU Model and flags from /proc/cpuinfo:
model name	: Intel(R) Core(TM) i7-4702MQ CPU @ 2.20GHz
flags		: fpu vme de pse tsc msr pae mce cx8 apic sep mtrr pge mca cmov pat pse36 clflush dts acpi mmx fxsr sse sse2 ss ht tm pbe syscall nx pdpe1gb rdtscp lm constant_tsc arch_perfmon pebs bts rep_good nopl xtopology nonstop_tsc cpuid aperfmperf pni pclmulqdq dtes64 monitor ds_cpl vmx est tm2 ssse3 sdbg fma cx16 xtpr pdcm pcid sse4_1 sse4_2 movbe popcnt tsc_deadline_timer aes xsave avx f16c rdrand lahf_lm abm cpuid_fault epb invpcid_single pti ssbd ibrs ibpb stibp tpr_shadow vnmi flexpriority ept vpid fsgsbase tsc_adjust bmi1 avx2 smep bmi2 erms invpcid xsaveopt dtherm ida arat pln pts flush_l1d

Memory: 4k page, physical 16356072k(173140k free), swap 0k(0k free)

vm_info: Java HotSpot(TM) 64-Bit Server VM (10.0.2+13) for linux-amd64 JRE (10.0.2+13), built on Jun 27 2018 17:51:35 by "mach5one" with gcc 4.9.2

END.
