#
# A fatal error has been detected by the Java Runtime Environment:
#
#  SIGSEGV (0xb) at pc=0x00007effd39bdfb2, pid=32097, tid=32126
#
# JRE version: Java(TM) SE Runtime Environment (10.0.2+13) (build 10.0.2+13)
# Java VM: Java HotSpot(TM) 64-Bit Server VM (10.0.2+13, mixed mode, tiered, compressed oops, g1 gc, linux-amd64)
# Problematic frame:
# C  [libjimage.so+0x3fb2]  ImageStrings::find(Endian*, char const*, int*, unsigned int)+0x42
#
# Core dump will be written. Default location: Core dumps may be processed with "/usr/share/apport/apport %p %s %c %d %P" (or dumping to /home/sarah/NetBeansProjects/StellarOPUSConverter-master/core.32097)
#
# If you would like to submit a bug report, please visit:
#   http://bugreport.java.com/bugreport/crash.jsp
#

---------------  S U M M A R Y ------------

Command Line: -agentpath:/home/sarah/Custom Programs/NetBeans 9/profiler/lib/deployed/jdk16/linux-amd64/libprofilerinterface.so=/home/sarah/Custom Programs/NetBeans 9/profiler/lib,5140,10 -XX:+HeapDumpOnOutOfMemoryError -XX:HeapDumpPath=/tmp -Xmx1G com.protonmail.sarahszabo.stellaropusconverter.Main Space-Bridge

Host: Intel(R) Core(TM) i7-4702MQ CPU @ 2.20GHz, 8 cores, 15G, Ubuntu 18.04.1 LTS
Time: Fri Aug 17 16:33:06 2018 EDT elapsed time: 101751 seconds (1d 4h 15m 51s)

---------------  T H R E A D  ---------------

Current thread (0x00007effd41ae800):  JavaThread "Signal Dispatcher" daemon [_thread_in_vm, id=32126, stack(0x00007eff85a1f000,0x00007eff85b20000)]

Stack: [0x00007eff85a1f000,0x00007eff85b20000],  sp=0x00007eff85b1d1c0,  free space=1016k
Native frames: (J=compiled Java code, A=aot compiled Java code, j=interpreted, Vv=VM code, C=native code)
C  [libjimage.so+0x3fb2]  ImageStrings::find(Endian*, char const*, int*, unsigned int)+0x42
C  [libjimage.so+0x4b8c]  ImageFileReader::find_location_index(char const*, unsigned long long*) const+0x3c
C  [libjimage.so+0x505a]  JIMAGE_FindResource+0xba
V  [libjvm.so+0x5f853e]