#
# A fatal error has been detected by the Java Runtime Environment:
#
#  SIGSEGV (0xb) at pc=0x00007fbf1fddf2dc, pid=7101, tid=0x00007fbf01103700
#
# JRE version: Java(TM) SE Runtime Environment (8.0_181-b13) (build 1.8.0_181-b13)
# Java VM: Java HotSpot(TM) 64-Bit Server VM (25.181-b13 mixed mode linux-amd64 compressed oops)
# Problematic frame:
# V  [libjvm.so+0x8b72dc]  Method::checked_resolve_jmethod_id(_jmethodID*)+0x2c
#
# Failed to write core dump. Core dumps have been disabled. To enable core dumping, try "ulimit -c unlimited" before starting Java again
#
# If you would like to submit a bug report, please visit:
#   http://bugreport.java.com/bugreport/crash.jsp
#

---------------  T H R E A D  ---------------

Current thread (0x00007fbf1828c800):  JavaThread "*** Profiler Agent Communication Thread" daemon [_thread_in_vm, id=7150, stack(0x00007fbf01003000,0x00007fbf01104000)]

siginfo: si_signo: 11 (SIGSEGV), si_code: 1 (SEGV_MAPERR), si_addr: 0x0000000000000008

Registers:
RAX=0x0000000000000000, RBX=0x00007fbec0000020, RCX=0x00007fbf20f4e320, RDX=0x00007fbf204fce00
RSP=0x00007fbf011025c0, RBP=0x00007fbf011025d0, RSI=0x00007fbf1828c800, RDI=0x00007fbec0000000
R8 =0x0000000000000000, R9 =0x0000000000000000, R10=0x00007fbec00008d0, R11=0x0000000000000001
R12=0x00007fbf180057c0, R13=0x00007fbf1828c800, R14=0x0000000000000017, R15=0x00007fbf011026a0
RIP=0x00007fbf1fddf2dc, EFLAGS=0x0000000000010202, CSGSFS=0x002b000000000033, ERR=0x0000000000000004
  TRAPNO=0x000000000000000e

Top of Stack: (sp=0x00007fbf011025c0)
0x00007fbf011025c0:   00007fbf180057c0 00007fbec0000000
0x00007fbf011025d0:   00007fbf01102640 00007fbf1fc6bb3e
0x00007fbf011025e0:   00007fbf01102658 00007fbf011025f0
0x00007fbf011025f0:   00007fbf1828c800 0000000000000000
0x00007fbf01102600:   00007fbf00000000 0000000000000000
0x00007fbf01102610:   0000000000000000 00007fbec0000000
0x00007fbf01102620:   00007fbf204be720 00007fbf01102768
0x00007fbf01102630:   00000000000001af 0000000000000000
0x00007fbf01102640:   0000000000001af0 00007fbf1ea42c8b
0x00007fbf01102650:   00007fbf01102670 00007fbec02481f0
0x00007fbf01102660:   00007fbf01102760 00007fbf1828c9f8
0x00007fbf01102670:   0000000000000008 00007fbf01102678
0x00007fbf01102680:   00007fbf1caa68e0 0000000100000b68
0x00007fbf01102690:   00007fbf00000360 0000000000000000
0x00007fbf011026a0:   00007fbf1caa6930 00007fbf1cc60ee0
0x00007fbf011026b0:   00007fbf01102740 0000000000000000
0x00007fbf011026c0:   00007fbf1cc60ee0 00007fbf01102770
0x00007fbf011026d0:   00007fbf1828c800 00007fbf090186c7
0x00007fbf011026e0:   00007fbf1caa7658 00000000ef0292b8
0x00007fbf011026f0:   00000000ef02a458 00007fbf1828c800
0x00007fbf01102700:   00007fbf01102700 0000000000000000
0x00007fbf01102710:   00007fbf01102770 00007fbf1cc611a0
0x00007fbf01102720:   0000000000000000 00007fbf1cc60ee0
0x00007fbf01102730:   0000000000000000 00007fbf01102760
0x00007fbf01102740:   00007fbf011027b8 00007fbf09008040
0x00007fbf01102750:   00000000c00045b8 00007fbf09011d1b
0x00007fbf01102760:   00000000eb01b608 00000000eb01af20
0x00007fbf01102770:   00000000000001af 00007fbf01102778
0x00007fbf01102780:   00007fbf1c921ab4 00007fbf011027f0
0x00007fbf01102790:   00007fbf1c926618 0000000000000000
0x00007fbf011027a0:   00007fbf1c921b20 00007fbf01102760
0x00007fbf011027b0:   00007fbf011027f0 00007fbf01102840 

Instructions: (pc=0x00007fbf1fddf2dc)
0x00007fbf1fddf2bc:   75 12 31 db 48 89 d8 48 83 c4 08 5b c9 c3 66 0f
0x00007fbf1fddf2cc:   1f 44 00 00 48 8b 1f 48 85 db 74 e8 48 8b 43 08
0x00007fbf1fddf2dc:   48 8b 40 08 48 8b 40 18 48 85 c0 74 d5 48 8b 80
0x00007fbf1fddf2ec:   90 00 00 00 48 8b 50 38 48 85 d2 74 c5 48 39 d7 

Register to memory mapping:

RAX=0x0000000000000000 is an unknown value
RBX=0x00007fbec0000020 is an unknown value
RCX=0x00007fbf20f4e320: <offset 0x21a320> in /lib/x86_64-linux-gnu/libpthread.so.0 at 0x00007fbf20d34000
RDX=0x00007fbf204fce00: <offset 0xfd4e00> in /usr/lib/jvm/java-8-oracle/jre/lib/amd64/server/libjvm.so at 0x00007fbf1f528000
RSP=0x00007fbf011025c0 is pointing into the stack for thread: 0x00007fbf1828c800
RBP=0x00007fbf011025d0 is pointing into the stack for thread: 0x00007fbf1828c800
RSI=0x00007fbf1828c800 is a thread
RDI=0x00007fbec0000000 is an unknown value
R8 =0x0000000000000000 is an unknown value
R9 =0x0000000000000000 is an unknown value
R10=0x00007fbec00008d0 is an unknown value
R11=0x0000000000000001 is an unknown value
R12=0x00007fbf180057c0 is an unknown value
R13=0x00007fbf1828c800 is a thread
R14=0x0000000000000017 is an unknown value
R15=0x00007fbf011026a0 is pointing into the stack for thread: 0x00007fbf1828c800


Stack: [0x00007fbf01003000,0x00007fbf01104000],  sp=0x00007fbf011025c0,  free space=1021k
Native frames: (J=compiled Java code, j=interpreted, Vv=VM code, C=native code)
V  [libjvm.so+0x8b72dc]  Method::checked_resolve_jmethod_id(_jmethodID*)+0x2c
V  [libjvm.so+0x743b3e]  jvmti_GetMethodDeclaringClass+0x20e
C  [libprofilerinterface.so+0x5c8b]  Java_org_netbeans_lib_profiler_server_system_Stacks_getMethodNamesForJMethodIds+0xeb

Java frames: (J=compiled Java code, j=interpreted, Vv=VM code)
j  org.netbeans.lib.profiler.server.system.Stacks.getMethodNamesForJMethodIds(I[I[I)[B+0
j  org.netbeans.lib.profiler.server.ProfilerInterface.getMethodNamesForJMethodIds([I)Lorg/netbeans/lib/profiler/wireprotocol/MethodNamesResponse;+20
j  org.netbeans.lib.profiler.server.ProfilerServer.handleClientCommand(Lorg/netbeans/lib/profiler/wireprotocol/Command;)V+691
j  org.netbeans.lib.profiler.server.ProfilerServer.listenToClient()V+48
j  org.netbeans.lib.profiler.server.ProfilerServer.run()V+22
v  ~StubRoutines::call_stub

---------------  P R O C E S S  ---------------

Java Threads: ( => current thread )
  0x00007fbe642d9000 JavaThread "QuantumRenderer-0" daemon [_thread_blocked, id=9437, stack(0x00007fbef1511000,0x00007fbef1612000)]
  0x00007fbe6423c000 JavaThread "AWT-XAWT" daemon [_thread_in_native, id=9334, stack(0x00007fbef1612000,0x00007fbef1713000)]
  0x00007fbe641f4800 JavaThread "Java2D Disposer" daemon [_thread_blocked, id=9332, stack(0x00007fbef1b23000,0x00007fbef1c24000)]
  0x00007fbe88015800 JavaThread "process reaper" daemon [_thread_in_native, id=9251, stack(0x00007fbef3c52000,0x00007fbef3c8b000)]
  0x00007fbe7c00b000 JavaThread "process reaper" daemon [_thread_in_native, id=9250, stack(0x00007fbef3c8b000,0x00007fbef3cc4000)]
  0x00007fbe8400b000 JavaThread "process reaper" daemon [_thread_in_native, id=9249, stack(0x00007fbef3cc4000,0x00007fbef3cfd000)]
  0x00007fbe80002000 JavaThread "process reaper" daemon [_thread_in_native, id=9248, stack(0x00007fbef8012000,0x00007fbef804b000)]
  0x00007fbe78002000 JavaThread "process reaper" daemon [_thread_in_native, id=9246, stack(0x00007fbef804b000,0x00007fbef8084000)]
  0x00007fbe74003000 JavaThread "process reaper" daemon [_thread_in_native, id=9243, stack(0x00007fbef8084000,0x00007fbef80bd000)]
  0x00007fbe7c002000 JavaThread "process reaper" daemon [_thread_in_native, id=9198, stack(0x00007fbef80bd000,0x00007fbef80f6000)]
  0x00007fbe88002000 JavaThread "process reaper" daemon [_thread_in_native, id=9179, stack(0x00007fbf00017000,0x00007fbf00050000)]
  0x00007fbe8c06a800 JavaThread "Stellar Hyperspace Thread 8" daemon [_thread_blocked, id=9125, stack(0x00007fbef3cfd000,0x00007fbef3dfe000)]
  0x00007fbe8c068800 JavaThread "Stellar Hyperspace Thread 7" daemon [_thread_blocked, id=9124, stack(0x00007fbef3dfe000,0x00007fbef3eff000)]
  0x00007fbe8c067000 JavaThread "Stellar Hyperspace Thread 6" daemon [_thread_blocked, id=9123, stack(0x00007fbef3eff000,0x00007fbef4000000)]
  0x00007fbe8c065000 JavaThread "Stellar Hyperspace Thread 5" daemon [_thread_blocked, id=9122, stack(0x00007fbef80f6000,0x00007fbef81f7000)]
  0x00007fbe8c063800 JavaThread "Stellar Hyperspace Thread 4" daemon [_thread_blocked, id=9121, stack(0x00007fbef81f7000,0x00007fbef82f8000)]
  0x00007fbe8c062000 JavaThread "Stellar Hyperspace Thread 3" daemon [_thread_blocked, id=9120, stack(0x00007fbef82f8000,0x00007fbef83f9000)]
  0x00007fbe8c04e800 JavaThread "Stellar Hyperspace Thread 2" daemon [_thread_blocked, id=9119, stack(0x00007fbef83f9000,0x00007fbef84fa000)]
  0x00007fbe8c04c000 JavaThread "Stellar Hyperspace Thread 1" daemon [_thread_blocked, id=9118, stack(0x00007fbef84fa000,0x00007fbef85fb000)]
  0x00007fbe8c04a800 JavaThread "Stellar Hyperspace Thread 0" daemon [_thread_blocked, id=9117, stack(0x00007fbef85fb000,0x00007fbef86fc000)]
  0x00007fbf18465000 JavaThread "ForkJoinPool.commonPool-worker-2" daemon [_thread_blocked, id=9116, stack(0x00007fbef88fc000,0x00007fbef89fd000)]
  0x00007fbf1843e800 JavaThread "ForkJoinPool.commonPool-worker-1" daemon [_thread_blocked, id=8880, stack(0x00007fbef89fd000,0x00007fbef8afe000)]
  0x00007fbf18462000 JavaThread "Service Thread" daemon [_thread_blocked, id=7272, stack(0x00007fbf0006c000,0x00007fbf0016d000)]
  0x00007fbf18460000 JavaThread "C1 CompilerThread3" daemon [_thread_blocked, id=7271, stack(0x00007fbf0016e000,0x00007fbf0026e000)]
  0x00007fbf1845e000 JavaThread "C2 CompilerThread2" daemon [_thread_blocked, id=7269, stack(0x00007fbf0026f000,0x00007fbf0036f000)]
  0x00007fbf1845c000 JavaThread "C2 CompilerThread1" daemon [_thread_blocked, id=7268, stack(0x00007fbf00370000,0x00007fbf00470000)]
  0x00007fbf1845b000 JavaThread "C2 CompilerThread0" daemon [_thread_blocked, id=7267, stack(0x00007fbf006d0000,0x00007fbf007d0000)]
  0x00007fbeb0003000 JavaThread "*** Profiler Agent Special Execution Thread 10" daemon [_thread_blocked, id=7266, stack(0x00007fbf00470000,0x00007fbf00571000)]
  0x00007fbec0224000 JavaThread "process reaper" daemon [_thread_blocked, id=7264, stack(0x00007fbf00696000,0x00007fbf006cf000)]
  0x00007fbf18298000 JavaThread "*** Profiler Agent Special Execution Thread 6" daemon [_thread_blocked, id=7157, stack(0x00007fbf00bea000,0x00007fbf00ceb000)]
  0x00007fbf18295800 JavaThread "*** JFluid Monitor thread ***" daemon [_thread_blocked, id=7156, stack(0x00007fbf00ceb000,0x00007fbf00dec000)]
=>0x00007fbf1828c800 JavaThread "*** Profiler Agent Communication Thread" daemon [_thread_in_vm, id=7150, stack(0x00007fbf01003000,0x00007fbf01104000)]
  0x00007fbf1818d000 JavaThread "Signal Dispatcher" daemon [_thread_blocked, id=7133, stack(0x00007fbf01116000,0x00007fbf01217000)]
  0x00007fbf180c5000 JavaThread "Finalizer" daemon [_thread_blocked, id=7132, stack(0x00007fbf014f5000,0x00007fbf015f6000)]
  0x00007fbf180b4800 JavaThread "Reference Handler" daemon [_thread_blocked, id=7131, stack(0x00007fbf015f6000,0x00007fbf016f7000)]
  0x00007fbf1800d800 JavaThread "main" [_thread_blocked, id=7105, stack(0x00007fbf2104b000,0x00007fbf2114b000)]

Other Threads:
  0x00007fbf18084000 VMThread [stack: 0x00007fbf016f8000,0x00007fbf017f8000] [id=7130]
  0x00007fbf18473800 WatcherThread [stack: 0x00007fbef8eff000,0x00007fbef8fff000] [id=7273]

VM state:synchronizing (normal execution)

VM Mutex/Monitor currently owned by a thread:  ([mutex/lock_event])
[0x00007fbf18009d00] Threads_lock - owner thread: 0x00007fbf18084000

Heap:
 PSYoungGen      total 66560K, used 10263K [0x00000000eab00000, 0x00000000ef500000, 0x0000000100000000)
  eden space 61440K, 8% used [0x00000000eab00000,0x00000000eb050ca0,0x00000000ee700000)
  from space 5120K, 94% used [0x00000000ef000000,0x00000000ef4b4fe0,0x00000000ef500000)
  to   space 7168K, 0% used [0x00000000ee700000,0x00000000ee700000,0x00000000eee00000)
 ParOldGen       total 171008K, used 56K [0x00000000c0000000, 0x00000000ca700000, 0x00000000eab00000)
  object space 171008K, 0% used [0x00000000c0000000,0x00000000c000e000,0x00000000ca700000)
 Metaspace       used 17275K, capacity 17738K, committed 18048K, reserved 1064960K
  class space    used 1910K, capacity 2075K, committed 2176K, reserved 1048576K

Card table byte_map: [0x00007fbf1da1e000,0x00007fbf1dc1f000] byte_map_base: 0x00007fbf1d41e000

Marking Bits: (ParMarkBitMap*) 0x00007fbf204fc0a0
 Begin Bits: [0x00007fbf02000000, 0x00007fbf03000000)
 End Bits:   [0x00007fbf03000000, 0x00007fbf04000000)

Polling page: 0x00007fbf21177000

CodeCache: size=245760Kb used=4336Kb max_used=4340Kb free=241423Kb
 bounds [0x00007fbf09000000, 0x00007fbf09450000, 0x00007fbf18000000]
 total_blobs=1860 nmethods=1313 adapters=460
 compilation: enabled

Compilation events (10 events):
Event: 33.433 Thread 0x00007fbf18460000 nmethod 1495 0x00007fbf0943f350 code [0x00007fbf0943f4c0, 0x00007fbf0943f648]
Event: 34.184 Thread 0x00007fbf18460000 1496       3       java.lang.System::checkKey (34 bytes)
Event: 34.184 Thread 0x00007fbf18460000 nmethod 1496 0x00007fbf0943f6d0 code [0x00007fbf0943f880, 0x00007fbf0943fc68]
Event: 34.185 Thread 0x00007fbf18460000 1497       3       java.lang.reflect.Modifier::isProtected (12 bytes)
Event: 35.544 Thread 0x00007fbf18460000 nmethod 1497 0x00007fbf0943fdd0 code [0x00007fbf0943ff40, 0x00007fbf094400d0]
Event: 35.555 Thread 0x00007fbf18460000 1498       3       java.lang.invoke.LambdaForm$BMH/1890216171::reinvoke (25 bytes)
Event: 35.556 Thread 0x00007fbf18460000 nmethod 1498 0x00007fbf094404d0 code [0x00007fbf09440660, 0x00007fbf09440c58]
Event: 35.556 Thread 0x00007fbf18460000 1499       3       java.lang.invoke.MethodHandleImpl::castReference (20 bytes)
Event: 35.556 Thread 0x00007fbf18460000 nmethod 1499 0x00007fbf09440d90 code [0x00007fbf09440f00, 0x00007fbf094411a8]
Event: 35.594 Thread 0x00007fbf18460000 1501       3       java.io.ObjectInputStream$BlockDataInputStream::read (62 bytes)

GC Heap History (10 events):
Event: 12.236 GC heap before
{Heap before GC invocations=2 (full 0):
 PSYoungGen      total 74752K, used 71803K [0x00000000eab00000, 0x00000000efe00000, 0x0000000100000000)
  eden space 64512K, 100% used [0x00000000eab00000,0x00000000eea00000,0x00000000eea00000)
  from space 10240K, 71% used [0x00000000eea00000,0x00000000ef11ecf0,0x00000000ef400000)
  to   space 10240K, 0% used [0x00000000ef400000,0x00000000ef400000,0x00000000efe00000)
 ParOldGen       total 171008K, used 16K [0x00000000c0000000, 0x00000000ca700000, 0x00000000eab00000)
  object space 171008K, 0% used [0x00000000c0000000,0x00000000c0004000,0x00000000ca700000)
 Metaspace       used 13306K, capacity 13488K, committed 13696K, reserved 1060864K
  class space    used 1510K, capacity 1575K, committed 1664K, reserved 1048576K
Event: 12.248 GC heap after
Heap after GC invocations=2 (full 0):
 PSYoungGen      total 74752K, used 4951K [0x00000000eab00000, 0x00000000efe00000, 0x0000000100000000)
  eden space 64512K, 0% used [0x00000000eab00000,0x00000000eab00000,0x00000000eea00000)
  from space 10240K, 48% used [0x00000000ef400000,0x00000000ef8d5f30,0x00000000efe00000)
  to   space 10240K, 0% used [0x00000000eea00000,0x00000000eea00000,0x00000000ef400000)
 ParOldGen       total 171008K, used 24K [0x00000000c0000000, 0x00000000ca700000, 0x00000000eab00000)
  object space 171008K, 0% used [0x00000000c0000000,0x00000000c0006000,0x00000000ca700000)
 Metaspace       used 13306K, capacity 13488K, committed 13696K, reserved 1060864K
  class space    used 1510K, capacity 1575K, committed 1664K, reserved 1048576K
}
Event: 19.420 GC heap before
{Heap before GC invocations=3 (full 0):
 PSYoungGen      total 74752K, used 69463K [0x00000000eab00000, 0x00000000efe00000, 0x0000000100000000)
  eden space 64512K, 100% used [0x00000000eab00000,0x00000000eea00000,0x00000000eea00000)
  from space 10240K, 48% used [0x00000000ef400000,0x00000000ef8d5f30,0x00000000efe00000)
  to   space 10240K, 0% used [0x00000000eea00000,0x00000000eea00000,0x00000000ef400000)
 ParOldGen       total 171008K, used 24K [0x00000000c0000000, 0x00000000ca700000, 0x00000000eab00000)
  object space 171008K, 0% used [0x00000000c0000000,0x00000000c0006000,0x00000000ca700000)
 Metaspace       used 13357K, capacity 13552K, committed 13696K, reserved 1060864K
  class space    used 1510K, capacity 1575K, committed 1664K, reserved 1048576K
Event: 19.423 GC heap after
Heap after GC invocations=3 (full 0):
 PSYoungGen      total 74752K, used 3891K [0x00000000eab00000, 0x00000000efe00000, 0x0000000100000000)
  eden space 64512K, 0% used [0x00000000eab00000,0x00000000eab00000,0x00000000eea00000)
  from space 10240K, 38% used [0x00000000eea00000,0x00000000eedccf90,0x00000000ef400000)
  to   space 10240K, 0% used [0x00000000ef400000,0x00000000ef400000,0x00000000efe00000)
 ParOldGen       total 171008K, used 32K [0x00000000c0000000, 0x00000000ca700000, 0x00000000eab00000)
  object space 171008K, 0% used [0x00000000c0000000,0x00000000c0008000,0x00000000ca700000)
 Metaspace       used 13357K, capacity 13552K, committed 13696K, reserved 1060864K
  class space    used 1510K, capacity 1575K, committed 1664K, reserved 1048576K
}
Event: 26.543 GC heap before
{Heap before GC invocations=4 (full 0):
 PSYoungGen      total 74752K, used 68403K [0x00000000eab00000, 0x00000000efe00000, 0x0000000100000000)
  eden space 64512K, 100% used [0x00000000eab00000,0x00000000eea00000,0x00000000eea00000)
  from space 10240K, 38% used [0x00000000eea00000,0x00000000eedccf90,0x00000000ef400000)
  to   space 10240K, 0% used [0x00000000ef400000,0x00000000ef400000,0x00000000efe00000)
 ParOldGen       total 171008K, used 32K [0x00000000c0000000, 0x00000000ca700000, 0x00000000eab00000)
  object space 171008K, 0% used [0x00000000c0000000,0x00000000c0008000,0x00000000ca700000)
 Metaspace       used 13513K, capacity 13748K, committed 13952K, reserved 1060864K
  class space    used 1526K, capacity 1613K, committed 1664K, reserved 1048576K
Event: 26.545 GC heap after
Heap after GC invocations=4 (full 0):
 PSYoungGen      total 74752K, used 4067K [0x00000000eab00000, 0x00000000efe00000, 0x0000000100000000)
  eden space 64512K, 0% used [0x00000000eab00000,0x00000000eab00000,0x00000000eea00000)
  from space 10240K, 39% used [0x00000000ef400000,0x00000000ef7f8fc0,0x00000000efe00000)
  to   space 10240K, 0% used [0x00000000eea00000,0x00000000eea00000,0x00000000ef400000)
 ParOldGen       total 171008K, used 40K [0x00000000c0000000, 0x00000000ca700000, 0x00000000eab00000)
  object space 171008K, 0% used [0x00000000c0000000,0x00000000c000a000,0x00000000ca700000)
 Metaspace       used 13513K, capacity 13748K, committed 13952K, reserved 1060864K
  class space    used 1526K, capacity 1613K, committed 1664K, reserved 1048576K
}
Event: 30.251 GC heap before
{Heap before GC invocations=5 (full 0):
 PSYoungGen      total 74752K, used 68579K [0x00000000eab00000, 0x00000000efe00000, 0x0000000100000000)
  eden space 64512K, 100% used [0x00000000eab00000,0x00000000eea00000,0x00000000eea00000)
  from space 10240K, 39% used [0x00000000ef400000,0x00000000ef7f8fc0,0x00000000efe00000)
  to   space 10240K, 0% used [0x00000000eea00000,0x00000000eea00000,0x00000000ef400000)
 ParOldGen       total 171008K, used 40K [0x00000000c0000000, 0x00000000ca700000, 0x00000000eab00000)
  object space 171008K, 0% used [0x00000000c0000000,0x00000000c000a000,0x00000000ca700000)
 Metaspace       used 14170K, capacity 14482K, committed 14592K, reserved 1062912K
  class space    used 1596K, capacity 1712K, committed 1792K, reserved 1048576K
Event: 30.256 GC heap after
Heap after GC invocations=5 (full 0):
 PSYoungGen      total 67584K, used 4307K [0x00000000eab00000, 0x00000000ef780000, 0x0000000100000000)
  eden space 62976K, 0% used [0x00000000eab00000,0x00000000eab00000,0x00000000ee880000)
  from space 4608K, 93% used [0x00000000eea00000,0x00000000eee34fe0,0x00000000eee80000)
  to   space 7680K, 0% used [0x00000000ef000000,0x00000000ef000000,0x00000000ef780000)
 ParOldGen       total 171008K, used 48K [0x00000000c0000000, 0x00000000ca700000, 0x00000000eab00000)
  object space 171008K, 0% used [0x00000000c0000000,0x00000000c000c000,0x00000000ca700000)
 Metaspace       used 14170K, capacity 14482K, committed 14592K, reserved 1062912K
  class space    used 1596K, capacity 1712K, committed 1792K, reserved 1048576K
}
Event: 33.428 GC heap before
{Heap before GC invocations=6 (full 0):
 PSYoungGen      total 67584K, used 67283K [0x00000000eab00000, 0x00000000ef780000, 0x0000000100000000)
  eden space 62976K, 100% used [0x00000000eab00000,0x00000000ee880000,0x00000000ee880000)
  from space 4608K, 93% used [0x00000000eea00000,0x00000000eee34fe0,0x00000000eee80000)
  to   space 7680K, 0% used [0x00000000ef000000,0x00000000ef000000,0x00000000ef780000)
 ParOldGen       total 171008K, used 48K [0x00000000c0000000, 0x00000000ca700000, 0x00000000eab00000)
  object space 171008K, 0% used [0x00000000c0000000,0x00000000c000c000,0x00000000ca700000)
 Metaspace       used 17233K, capacity 17728K, committed 18048K, reserved 1064960K
  class space    used 1904K, capacity 2072K, committed 2176K, reserved 1048576K
Event: 33.432 GC heap after
Heap after GC invocations=6 (full 0):
 PSYoungGen      total 66560K, used 4819K [0x00000000eab00000, 0x00000000ef500000, 0x0000000100000000)
  eden space 61440K, 0% used [0x00000000eab00000,0x00000000eab00000,0x00000000ee700000)
  from space 5120K, 94% used [0x00000000ef000000,0x00000000ef4b4fe0,0x00000000ef500000)
  to   space 7168K, 0% used [0x00000000ee700000,0x00000000ee700000,0x00000000eee00000)
 ParOldGen       total 171008K, used 56K [0x00000000c0000000, 0x00000000ca700000, 0x00000000eab00000)
  object space 171008K, 0% used [0x00000000c0000000,0x00000000c000e000,0x00000000ca700000)
 Metaspace       used 17233K, capacity 17728K, committed 18048K, reserved 1064960K
  class space    used 1904K, capacity 2072K, committed 2176K, reserved 1048576K
}

Deoptimization events (10 events):
Event: 30.528 Thread 0x00007fbe8c04c000 Uncommon trap: reason=class_check action=maybe_recompile pc=0x00007fbf093a730c method=java.util.regex.Pattern$Node.study(Ljava/util/regex/Pattern$TreeInfo;)Z @ 12
Event: 30.528 Thread 0x00007fbe8c04c000 Uncommon trap: reason=class_check action=maybe_recompile pc=0x00007fbf093a730c method=java.util.regex.Pattern$Node.study(Ljava/util/regex/Pattern$TreeInfo;)Z @ 12
Event: 30.528 Thread 0x00007fbe8c04c000 Uncommon trap: reason=class_check action=maybe_recompile pc=0x00007fbf093a730c method=java.util.regex.Pattern$Node.study(Ljava/util/regex/Pattern$TreeInfo;)Z @ 12
Event: 30.528 Thread 0x00007fbe8c04c000 Uncommon trap: reason=class_check action=maybe_recompile pc=0x00007fbf093a730c method=java.util.regex.Pattern$Node.study(Ljava/util/regex/Pattern$TreeInfo;)Z @ 12
Event: 30.532 Thread 0x00007fbe8c04c000 Uncommon trap: reason=bimorphic action=maybe_recompile pc=0x00007fbf093d7bb8 method=java.util.regex.Pattern$Start.match(Ljava/util/regex/Matcher;ILjava/lang/CharSequence;)Z @ 44
Event: 30.532 Thread 0x00007fbe8c04c000 Uncommon trap: reason=bimorphic action=maybe_recompile pc=0x00007fbf093d7bb8 method=java.util.regex.Pattern$Start.match(Ljava/util/regex/Matcher;ILjava/lang/CharSequence;)Z @ 44
Event: 30.532 Thread 0x00007fbe8c04c000 Uncommon trap: reason=bimorphic action=maybe_recompile pc=0x00007fbf093d7bb8 method=java.util.regex.Pattern$Start.match(Ljava/util/regex/Matcher;ILjava/lang/CharSequence;)Z @ 44
Event: 30.532 Thread 0x00007fbe8c04c000 Uncommon trap: reason=bimorphic action=maybe_recompile pc=0x00007fbf093d7bb8 method=java.util.regex.Pattern$Start.match(Ljava/util/regex/Matcher;ILjava/lang/CharSequence;)Z @ 44
Event: 31.139 Thread 0x00007fbe8c06a800 Uncommon trap: reason=unstable_if action=reinterpret pc=0x00007fbf0919310c method=java.lang.String.startsWith(Ljava/lang/String;I)Z @ 25
Event: 31.247 Thread 0x00007fbe8c06a800 Uncommon trap: reason=unstable_if action=reinterpret pc=0x00007fbf092563ec method=sun.net.www.ParseUtil.encodePath(Ljava/lang/String;Z)Ljava/lang/String; @ 109

Classes redefined (0 events):
No events

Internal exceptions (10 events):
Event: 30.532 Thread 0x00007fbe8c04c000 Exception <a 'sun/nio/fs/UnixException'> (0x00000000eb112480) thrown at [/HUDSON/workspace/8-2-build-linux-amd64/jdk8u181/11358/hotspot/src/share/vm/prims/jni.cpp, line 709]
Event: 30.550 Thread 0x00007fbe8c04e800 Exception <a 'sun/nio/fs/UnixException'> (0x00000000eb132eb0) thrown at [/HUDSON/workspace/8-2-build-linux-amd64/jdk8u181/11358/hotspot/src/share/vm/prims/jni.cpp, line 709]
Event: 30.573 Thread 0x00007fbe8c04a800 Exception <a 'sun/nio/fs/UnixException'> (0x00000000eb1505d8) thrown at [/HUDSON/workspace/8-2-build-linux-amd64/jdk8u181/11358/hotspot/src/share/vm/prims/jni.cpp, line 709]
Event: 31.002 Thread 0x00007fbe8c068800 Exception <a 'sun/nio/fs/UnixException'> (0x00000000eb5f9450) thrown at [/HUDSON/workspace/8-2-build-linux-amd64/jdk8u181/11358/hotspot/src/share/vm/prims/jni.cpp, line 709]
Event: 31.130 Thread 0x00007fbe8c067000 Exception <a 'sun/nio/fs/UnixException'> (0x00000000eb7ae6f8) thrown at [/HUDSON/workspace/8-2-build-linux-amd64/jdk8u181/11358/hotspot/src/share/vm/prims/jni.cpp, line 709]
Event: 31.264 Thread 0x00007fbe8c062000 Exception <a 'sun/nio/fs/UnixException'> (0x00000000eba1ca10) thrown at [/HUDSON/workspace/8-2-build-linux-amd64/jdk8u181/11358/hotspot/src/share/vm/prims/jni.cpp, line 709]
Event: 31.292 Thread 0x00007fbe8c063800 Exception <a 'sun/nio/fs/UnixException'> (0x00000000ebdbed78) thrown at [/HUDSON/workspace/8-2-build-linux-amd64/jdk8u181/11358/hotspot/src/share/vm/prims/jni.cpp, line 709]
Event: 31.333 Thread 0x00007fbe8c065000 Exception <a 'sun/nio/fs/UnixException'> (0x00000000ebddf6f0) thrown at [/HUDSON/workspace/8-2-build-linux-amd64/jdk8u181/11358/hotspot/src/share/vm/prims/jni.cpp, line 709]
Event: 31.356 Thread 0x00007fbe8c06a800 Exception <a 'java/io/FileNotFoundException'> (0x00000000eba95b88) thrown at [/HUDSON/workspace/8-2-build-linux-amd64/jdk8u181/11358/hotspot/src/share/vm/prims/jni.cpp, line 709]
Event: 31.356 Thread 0x00007fbe8c06a800 Exception <a 'java/io/FileNotFoundException'> (0x00000000eba96538) thrown at [/HUDSON/workspace/8-2-build-linux-amd64/jdk8u181/11358/hotspot/src/share/vm/prims/jni.cpp, line 709]

Events (10 events):
Event: 35.592 Executing VM operation: GetAllStackTraces
Event: 35.592 Executing VM operation: GetAllStackTraces done
Event: 35.593 Executing VM operation: GetAllStackTraces
Event: 35.593 Executing VM operation: GetAllStackTraces done
Event: 35.593 Executing VM operation: GetAllStackTraces
Event: 35.593 Executing VM operation: GetAllStackTraces done
Event: 35.593 Executing VM operation: GetAllStackTraces
Event: 35.593 Executing VM operation: GetAllStackTraces done
Event: 35.593 Executing VM operation: GetAllStackTraces
Event: 35.594 Executing VM operation: GetAllStackTraces done


Dynamic libraries:
00400000-00401000 r-xp 00000000 00:1a 1676807                            /usr/lib/jvm/java-8-oracle/bin/java
00600000-00601000 rw-p 00000000 00:1a 1676807                            /usr/lib/jvm/java-8-oracle/bin/java
01bc7000-01be8000 rw-p 00000000 00:00 0                                  [heap]
c0000000-ca700000 rw-p 00000000 00:00 0 
ca700000-eab00000 ---p 00000000 00:00 0 
eab00000-ef500000 rw-p 00000000 00:00 0 
ef500000-100000000 ---p 00000000 00:00 0 
100000000-100220000 rw-p 00000000 00:00 0 
100220000-140000000 ---p 00000000 00:00 0 
7fbe3c000000-7fbe3c021000 rw-p 00000000 00:00 0 
7fbe3c021000-7fbe40000000 ---p 00000000 00:00 0 
7fbe40000000-7fbe40048000 rw-p 00000000 00:00 0 
7fbe40048000-7fbe44000000 ---p 00000000 00:00 0 
7fbe44000000-7fbe44021000 rw-p 00000000 00:00 0 
7fbe44021000-7fbe48000000 ---p 00000000 00:00 0 
7fbe48000000-7fbe48021000 rw-p 00000000 00:00 0 
7fbe48021000-7fbe4c000000 ---p 00000000 00:00 0 
7fbe4c000000-7fbe4c021000 rw-p 00000000 00:00 0 
7fbe4c021000-7fbe50000000 ---p 00000000 00:00 0 
7fbe50000000-7fbe50021000 rw-p 00000000 00:00 0 
7fbe50021000-7fbe54000000 ---p 00000000 00:00 0 
7fbe54000000-7fbe54021000 rw-p 00000000 00:00 0 
7fbe54021000-7fbe58000000 ---p 00000000 00:00 0 
7fbe58000000-7fbe58021000 rw-p 00000000 00:00 0 
7fbe58021000-7fbe5c000000 ---p 00000000 00:00 0 
7fbe5c000000-7fbe5c021000 rw-p 00000000 00:00 0 
7fbe5c021000-7fbe60000000 ---p 00000000 00:00 0 
7fbe60000000-7fbe60021000 rw-p 00000000 00:00 0 
7fbe60021000-7fbe64000000 ---p 00000000 00:00 0 
7fbe64000000-7fbe642da000 rw-p 00000000 00:00 0 
7fbe642da000-7fbe68000000 ---p 00000000 00:00 0 
7fbe68000000-7fbe68021000 rw-p 00000000 00:00 0 
7fbe68021000-7fbe6c000000 ---p 00000000 00:00 0 
7fbe6c000000-7fbe6c021000 rw-p 00000000 00:00 0 
7fbe6c021000-7fbe70000000 ---p 00000000 00:00 0 
7fbe70000000-7fbe70021000 rw-p 00000000 00:00 0 
7fbe70021000-7fbe74000000 ---p 00000000 00:00 0 
7fbe74000000-7fbe74021000 rw-p 00000000 00:00 0 
7fbe74021000-7fbe78000000 ---p 00000000 00:00 0 
7fbe78000000-7fbe78021000 rw-p 00000000 00:00 0 
7fbe78021000-7fbe7c000000 ---p 00000000 00:00 0 
7fbe7c000000-7fbe7c021000 rw-p 00000000 00:00 0 
7fbe7c021000-7fbe80000000 ---p 00000000 00:00 0 
7fbe80000000-7fbe80021000 rw-p 00000000 00:00 0 
7fbe80021000-7fbe84000000 ---p 00000000 00:00 0 
7fbe84000000-7fbe84021000 rw-p 00000000 00:00 0 
7fbe84021000-7fbe88000000 ---p 00000000 00:00 0 
7fbe88000000-7fbe88021000 rw-p 00000000 00:00 0 
7fbe88021000-7fbe8c000000 ---p 00000000 00:00 0 
7fbe8c000000-7fbe8c06e000 rw-p 00000000 00:00 0 
7fbe8c06e000-7fbe90000000 ---p 00000000 00:00 0 
7fbe90000000-7fbe90021000 rw-p 00000000 00:00 0 
7fbe90021000-7fbe94000000 ---p 00000000 00:00 0 
7fbe94000000-7fbe94021000 rw-p 00000000 00:00 0 
7fbe94021000-7fbe98000000 ---p 00000000 00:00 0 
7fbe98000000-7fbe98021000 rw-p 00000000 00:00 0 
7fbe98021000-7fbe9c000000 ---p 00000000 00:00 0 
7fbe9c000000-7fbe9c1f3000 rw-p 00000000 00:00 0 
7fbe9c1f3000-7fbea0000000 ---p 00000000 00:00 0 
7fbea0000000-7fbea00d6000 rw-p 00000000 00:00 0 
7fbea00d6000-7fbea4000000 ---p 00000000 00:00 0 
7fbea4000000-7fbea429d000 rw-p 00000000 00:00 0 
7fbea429d000-7fbea8000000 ---p 00000000 00:00 0 
7fbea8000000-7fbea8213000 rw-p 00000000 00:00 0 
7fbea8213000-7fbeac000000 ---p 00000000 00:00 0 
7fbeac000000-7fbeac04d000 rw-p 00000000 00:00 0 
7fbeac04d000-7fbeb0000000 ---p 00000000 00:00 0 
7fbeb0000000-7fbeb0143000 rw-p 00000000 00:00 0 
7fbeb0143000-7fbeb4000000 ---p 00000000 00:00 0 
7fbeb4000000-7fbeb4292000 rw-p 00000000 00:00 0 
7fbeb4292000-7fbeb8000000 ---p 00000000 00:00 0 
7fbeb8000000-7fbeb8021000 rw-p 00000000 00:00 0 
7fbeb8021000-7fbebc000000 ---p 00000000 00:00 0 
7fbebc000000-7fbebc021000 rw-p 00000000 00:00 0 
7fbebc021000-7fbec0000000 ---p 00000000 00:00 0 
7fbec0000000-7fbec04e1000 rw-p 00000000 00:00 0 
7fbec04e1000-7fbec4000000 ---p 00000000 00:00 0 
7fbec4000000-7fbec4021000 rw-p 00000000 00:00 0 
7fbec4021000-7fbec8000000 ---p 00000000 00:00 0 
7fbec8000000-7fbec8021000 rw-p 00000000 00:00 0 
7fbec8021000-7fbecc000000 ---p 00000000 00:00 0 
7fbecc000000-7fbecc021000 rw-p 00000000 00:00 0 
7fbecc021000-7fbed0000000 ---p 00000000 00:00 0 
7fbed0000000-7fbed0cbf000 rw-p 00000000 00:00 0 
7fbed0cbf000-7fbed4000000 ---p 00000000 00:00 0 
7fbed4000000-7fbed4021000 rw-p 00000000 00:00 0 
7fbed4021000-7fbed8000000 ---p 00000000 00:00 0 
7fbedc000000-7fbedc021000 rw-p 00000000 00:00 0 
7fbedc021000-7fbee0000000 ---p 00000000 00:00 0 
7fbee2e17000-7fbee2e1d000 r-xp 00000000 00:1a 280875                     /lib/x86_64-linux-gnu/libuuid.so.1.3.0
7fbee2e1d000-7fbee301c000 ---p 00006000 00:1a 280875                     /lib/x86_64-linux-gnu/libuuid.so.1.3.0
7fbee301c000-7fbee301d000 r--p 00005000 00:1a 280875                     /lib/x86_64-linux-gnu/libuuid.so.1.3.0
7fbee301d000-7fbee301e000 rw-p 00006000 00:1a 280875                     /lib/x86_64-linux-gnu/libuuid.so.1.3.0
7fbee301e000-7fbee3024000 r-xp 00000000 00:1a 27445                      /usr/lib/x86_64-linux-gnu/libdatrie.so.1.3.3
7fbee3024000-7fbee3223000 ---p 00006000 00:1a 27445                      /usr/lib/x86_64-linux-gnu/libdatrie.so.1.3.3
7fbee3223000-7fbee3224000 r--p 00005000 00:1a 27445                      /usr/lib/x86_64-linux-gnu/libdatrie.so.1.3.3
7fbee3224000-7fbee3225000 rw-p 00006000 00:1a 27445                      /usr/lib/x86_64-linux-gnu/libdatrie.so.1.3.3
7fbee3225000-7fbee3250000 r-xp 00000000 00:1a 27724                      /usr/lib/x86_64-linux-gnu/libgraphite2.so.3.0.1
7fbee3250000-7fbee344f000 ---p 0002b000 00:1a 27724                      /usr/lib/x86_64-linux-gnu/libgraphite2.so.3.0.1
7fbee344f000-7fbee3451000 r--p 0002a000 00:1a 27724                      /usr/lib/x86_64-linux-gnu/libgraphite2.so.3.0.1
7fbee3451000-7fbee3452000 rw-p 0002c000 00:1a 27724                      /usr/lib/x86_64-linux-gnu/libgraphite2.so.3.0.1
7fbee3452000-7fbee3499000 r-xp 00000000 00:1a 280900                     /lib/x86_64-linux-gnu/libblkid.so.1.1.0
7fbee3499000-7fbee3699000 ---p 00047000 00:1a 280900                     /lib/x86_64-linux-gnu/libblkid.so.1.1.0
7fbee3699000-7fbee369d000 r--p 00047000 00:1a 280900                     /lib/x86_64-linux-gnu/libblkid.so.1.1.0
7fbee369d000-7fbee369e000 rw-p 0004b000 00:1a 280900                     /lib/x86_64-linux-gnu/libblkid.so.1.1.0
7fbee369e000-7fbee369f000 rw-p 00000000 00:00 0 
7fbee369f000-7fbee370d000 r-xp 00000000 00:1a 1484556                    /usr/lib/x86_64-linux-gnu/libGLdispatch.so.0.0.0
7fbee370d000-7fbee390c000 ---p 0006e000 00:1a 1484556                    /usr/lib/x86_64-linux-gnu/libGLdispatch.so.0.0.0
7fbee390c000-7fbee3934000 r--p 0006d000 00:1a 1484556                    /usr/lib/x86_64-linux-gnu/libGLdispatch.so.0.0.0
7fbee3934000-7fbee3935000 rw-p 00095000 00:1a 1484556                    /usr/lib/x86_64-linux-gnu/libGLdispatch.so.0.0.0
7fbee3935000-7fbee3955000 rw-p 00000000 00:00 0 
7fbee3955000-7fbee3965000 r-xp 00000000 00:1a 1484498                    /usr/lib/x86_64-linux-gnu/libGLX.so.0.0.0
7fbee3965000-7fbee3b64000 ---p 00010000 00:1a 1484498                    /usr/lib/x86_64-linux-gnu/libGLX.so.0.0.0
7fbee3b64000-7fbee3b65000 r--p 0000f000 00:1a 1484498                    /usr/lib/x86_64-linux-gnu/libGLX.so.0.0.0
7fbee3b65000-7fbee3b66000 rw-p 00010000 00:1a 1484498                    /usr/lib/x86_64-linux-gnu/libGLX.so.0.0.0
7fbee3b66000-7fbee3b86000 rw-p 00000000 00:00 0 
7fbee3b86000-7fbee3bf6000 r-xp 00000000 00:1a 12111                      /lib/x86_64-linux-gnu/libpcre.so.3.13.3
7fbee3bf6000-7fbee3df6000 ---p 00070000 00:1a 12111                      /lib/x86_64-linux-gnu/libpcre.so.3.13.3
7fbee3df6000-7fbee3df7000 r--p 00070000 00:1a 12111                      /lib/x86_64-linux-gnu/libpcre.so.3.13.3
7fbee3df7000-7fbee3df8000 rw-p 00071000 00:1a 12111                      /lib/x86_64-linux-gnu/libpcre.so.3.13.3
7fbee3df8000-7fbee3dff000 r-xp 00000000 00:1a 27570                      /usr/lib/x86_64-linux-gnu/libffi.so.6.0.4
7fbee3dff000-7fbee3ffe000 ---p 00007000 00:1a 27570                      /usr/lib/x86_64-linux-gnu/libffi.so.6.0.4
7fbee3ffe000-7fbee3fff000 r--p 00006000 00:1a 27570                      /usr/lib/x86_64-linux-gnu/libffi.so.6.0.4
7fbee3fff000-7fbee4000000 rw-p 00007000 00:1a 27570                      /usr/lib/x86_64-linux-gnu/libffi.so.6.0.4
7fbee4000000-7fbee4021000 rw-p 00000000 00:00 0 
7fbee4021000-7fbee8000000 ---p 00000000 00:00 0 
7fbee8178000-7fbee81a7000 r-xp 00000000 00:1a 12020                      /lib/x86_64-linux-gnu/libexpat.so.1.6.7
7fbee81a7000-7fbee83a7000 ---p 0002f000 00:1a 12020                      /lib/x86_64-linux-gnu/libexpat.so.1.6.7
7fbee83a7000-7fbee83a9000 r--p 0002f000 00:1a 12020                      /lib/x86_64-linux-gnu/libexpat.so.1.6.7
7fbee83a9000-7fbee83aa000 rw-p 00031000 00:1a 12020                      /lib/x86_64-linux-gnu/libexpat.so.1.6.7
7fbee83aa000-7fbee83b2000 r-xp 00000000 00:1a 28518                      /usr/lib/x86_64-linux-gnu/libthai.so.0.3.0
7fbee83b2000-7fbee85b1000 ---p 00008000 00:1a 28518                      /usr/lib/x86_64-linux-gnu/libthai.so.0.3.0
7fbee85b1000-7fbee85b2000 r--p 00007000 00:1a 28518                      /usr/lib/x86_64-linux-gnu/libthai.so.0.3.0
7fbee85b2000-7fbee85b3000 rw-p 00008000 00:1a 28518                      /usr/lib/x86_64-linux-gnu/libthai.so.0.3.0
7fbee85b3000-7fbee85bf000 r-xp 00000000 00:1a 28722                      /usr/lib/x86_64-linux-gnu/libxcb-render.so.0.0.0
7fbee85bf000-7fbee87be000 ---p 0000c000 00:1a 28722                      /usr/lib/x86_64-linux-gnu/libxcb-render.so.0.0.0
7fbee87be000-7fbee87bf000 r--p 0000b000 00:1a 28722                      /usr/lib/x86_64-linux-gnu/libxcb-render.so.0.0.0
7fbee87bf000-7fbee87c0000 rw-p 0000c000 00:1a 28722                      /usr/lib/x86_64-linux-gnu/libxcb-render.so.0.0.0
7fbee87c0000-7fbee87c2000 r-xp 00000000 00:1a 28726                      /usr/lib/x86_64-linux-gnu/libxcb-shm.so.0.0.0
7fbee87c2000-7fbee89c1000 ---p 00002000 00:1a 28726                      /usr/lib/x86_64-linux-gnu/libxcb-shm.so.0.0.0
7fbee89c1000-7fbee89c2000 r--p 00001000 00:1a 28726                      /usr/lib/x86_64-linux-gnu/libxcb-shm.so.0.0.0
7fbee89c2000-7fbee89c3000 rw-p 00002000 00:1a 28726                      /usr/lib/x86_64-linux-gnu/libxcb-shm.so.0.0.0
7fbee89c3000-7fbee89f4000 r-xp 00000000 00:1a 1527948                    /usr/lib/x86_64-linux-gnu/libpng16.so.16.34.0
7fbee89f4000-7fbee8bf3000 ---p 00031000 00:1a 1527948                    /usr/lib/x86_64-linux-gnu/libpng16.so.16.34.0
7fbee8bf3000-7fbee8bf4000 r--p 00030000 00:1a 1527948                    /usr/lib/x86_64-linux-gnu/libpng16.so.16.34.0
7fbee8bf4000-7fbee8bf5000 rw-p 00031000 00:1a 1527948                    /usr/lib/x86_64-linux-gnu/libpng16.so.16.34.0
7fbee8bf5000-7fbee8c92000 r-xp 00000000 00:1a 28242                      /usr/lib/x86_64-linux-gnu/libpixman-1.so.0.34.0
7fbee8c92000-7fbee8e91000 ---p 0009d000 00:1a 28242                      /usr/lib/x86_64-linux-gnu/libpixman-1.so.0.34.0
7fbee8e91000-7fbee8e99000 r--p 0009c000 00:1a 28242                      /usr/lib/x86_64-linux-gnu/libpixman-1.so.0.34.0
7fbee8e99000-7fbee8e9a000 rw-p 000a4000 00:1a 28242                      /usr/lib/x86_64-linux-gnu/libpixman-1.so.0.34.0
7fbee8e9a000-7fbee8f36000 r-xp 00000000 00:1a 27788                      /usr/lib/x86_64-linux-gnu/libharfbuzz.so.0.10702.0
7fbee8f36000-7fbee9136000 ---p 0009c000 00:1a 27788                      /usr/lib/x86_64-linux-gnu/libharfbuzz.so.0.10702.0
7fbee9136000-7fbee9137000 r--p 0009c000 00:1a 27788                      /usr/lib/x86_64-linux-gnu/libharfbuzz.so.0.10702.0
7fbee9137000-7fbee9138000 rw-p 0009d000 00:1a 27788                      /usr/lib/x86_64-linux-gnu/libharfbuzz.so.0.10702.0
7fbee9138000-7fbee9189000 r-xp 00000000 00:1a 280952                     /lib/x86_64-linux-gnu/libmount.so.1.1.0
7fbee9189000-7fbee9388000 ---p 00051000 00:1a 280952                     /lib/x86_64-linux-gnu/libmount.so.1.1.0
7fbee9388000-7fbee938a000 r--p 00050000 00:1a 280952                     /lib/x86_64-linux-gnu/libmount.so.1.1.0
7fbee938a000-7fbee938b000 rw-p 00052000 00:1a 280952                     /lib/x86_64-linux-gnu/libmount.so.1.1.0
7fbee938b000-7fbee938c000 rw-p 00000000 00:00 0 
7fbee938c000-7fbee93a3000 r-xp 00000000 00:1a 12128                      /lib/x86_64-linux-gnu/libresolv-2.27.so
7fbee93a3000-7fbee95a3000 ---p 00017000 00:1a 12128                      /lib/x86_64-linux-gnu/libresolv-2.27.so
7fbee95a3000-7fbee95a4000 r--p 00017000 00:1a 12128                      /lib/x86_64-linux-gnu/libresolv-2.27.so
7fbee95a4000-7fbee95a5000 rw-p 00018000 00:1a 12128                      /lib/x86_64-linux-gnu/libresolv-2.27.so
7fbee95a5000-7fbee95a7000 rw-p 00000000 00:00 0 
7fbee95a7000-7fbee95cc000 r-xp 00000000 00:1a 12134                      /lib/x86_64-linux-gnu/libselinux.so.1
7fbee95cc000-7fbee97cb000 ---p 00025000 00:1a 12134                      /lib/x86_64-linux-gnu/libselinux.so.1
7fbee97cb000-7fbee97cc000 r--p 00024000 00:1a 12134                      /lib/x86_64-linux-gnu/libselinux.so.1
7fbee97cc000-7fbee97cd000 rw-p 00025000 00:1a 12134                      /lib/x86_64-linux-gnu/libselinux.so.1
7fbee97cd000-7fbee97cf000 rw-p 00000000 00:00 0 
7fbee97cf000-7fbee97eb000 r-xp 00000000 00:1a 12161                      /lib/x86_64-linux-gnu/libz.so.1.2.11
7fbee97eb000-7fbee99ea000 ---p 0001c000 00:1a 12161                      /lib/x86_64-linux-gnu/libz.so.1.2.11
7fbee99ea000-7fbee99eb000 r--p 0001b000 00:1a 12161                      /lib/x86_64-linux-gnu/libz.so.1.2.11
7fbee99eb000-7fbee99ec000 rw-p 0001c000 00:1a 12161                      /lib/x86_64-linux-gnu/libz.so.1.2.11
7fbee99ec000-7fbee99ee000 r-xp 00000000 00:1a 27178                      /usr/lib/x86_64-linux-gnu/libXdamage.so.1.1.0
7fbee99ee000-7fbee9bed000 ---p 00002000 00:1a 27178                      /usr/lib/x86_64-linux-gnu/libXdamage.so.1.1.0
7fbee9bed000-7fbee9bee000 r--p 00001000 00:1a 27178                      /usr/lib/x86_64-linux-gnu/libXdamage.so.1.1.0
7fbee9bee000-7fbee9bef000 rw-p 00002000 00:1a 27178                      /usr/lib/x86_64-linux-gnu/libXdamage.so.1.1.0
7fbee9bef000-7fbee9bf1000 r-xp 00000000 00:1a 27174                      /usr/lib/x86_64-linux-gnu/libXcomposite.so.1.0.0
7fbee9bf1000-7fbee9df0000 ---p 00002000 00:1a 27174                      /usr/lib/x86_64-linux-gnu/libXcomposite.so.1.0.0
7fbee9df0000-7fbee9df1000 r--p 00001000 00:1a 27174                      /usr/lib/x86_64-linux-gnu/libXcomposite.so.1.0.0
7fbee9df1000-7fbee9df2000 rw-p 00002000 00:1a 27174                      /usr/lib/x86_64-linux-gnu/libXcomposite.so.1.0.0
7fbee9df2000-7fbee9dfc000 r-xp 00000000 00:1a 27200                      /usr/lib/x86_64-linux-gnu/libXrandr.so.2.2.0
7fbee9dfc000-7fbee9ffb000 ---p 0000a000 00:1a 27200                      /usr/lib/x86_64-linux-gnu/libXrandr.so.2.2.0
7fbee9ffb000-7fbee9ffc000 r--p 00009000 00:1a 27200                      /usr/lib/x86_64-linux-gnu/libXrandr.so.2.2.0
7fbee9ffc000-7fbee9ffd000 rw-p 0000a000 00:1a 27200                      /usr/lib/x86_64-linux-gnu/libXrandr.so.2.2.0
7fbee9ffd000-7fbee9fff000 r-xp 00000000 00:1a 27192                      /usr/lib/x86_64-linux-gnu/libXinerama.so.1.0.0
7fbee9fff000-7fbeea1fe000 ---p 00002000 00:1a 27192                      /usr/lib/x86_64-linux-gnu/libXinerama.so.1.0.0
7fbeea1fe000-7fbeea1ff000 r--p 00001000 00:1a 27192                      /usr/lib/x86_64-linux-gnu/libXinerama.so.1.0.0
7fbeea1ff000-7fbeea200000 rw-p 00002000 00:1a 27192                      /usr/lib/x86_64-linux-gnu/libXinerama.so.1.0.0
7fbeea200000-7fbeea37e000 r-xp 00000000 00:1a 28487                      /usr/lib/x86_64-linux-gnu/libstdc++.so.6.0.25
7fbeea37e000-7fbeea57e000 ---p 0017e000 00:1a 28487                      /usr/lib/x86_64-linux-gnu/libstdc++.so.6.0.25
7fbeea57e000-7fbeea588000 r--p 0017e000 00:1a 28487                      /usr/lib/x86_64-linux-gnu/libstdc++.so.6.0.25
7fbeea588000-7fbeea58a000 rw-p 00188000 00:1a 28487                      /usr/lib/x86_64-linux-gnu/libstdc++.so.6.0.25
7fbeea58a000-7fbeea58e000 rw-p 00000000 00:00 0 
7fbeea58e000-7fbeea5ff000 r-xp 00000000 00:1a 1484461                    /usr/lib/x86_64-linux-gnu/libGL.so.1.0.0
7fbeea5ff000-7fbeea7fe000 ---p 00071000 00:1a 1484461                    /usr/lib/x86_64-linux-gnu/libGL.so.1.0.0
7fbeea7fe000-7fbeea818000 r--p 00070000 00:1a 1484461                    /usr/lib/x86_64-linux-gnu/libGL.so.1.0.0
7fbeea818000-7fbeea819000 rw-p 0008a000 00:1a 1484461                    /usr/lib/x86_64-linux-gnu/libGL.so.1.0.0
7fbeea819000-7fbeea81a000 rw-p 00000000 00:00 0 
7fbeea81a000-7fbeea81f000 r-xp 00000000 00:1a 27218                      /usr/lib/x86_64-linux-gnu/libXxf86vm.so.1.0.0
7fbeea81f000-7fbeeaa1e000 ---p 00005000 00:1a 27218                      /usr/lib/x86_64-linux-gnu/libXxf86vm.so.1.0.0
7fbeeaa1e000-7fbeeaa1f000 r--p 00004000 00:1a 27218                      /usr/lib/x86_64-linux-gnu/libXxf86vm.so.1.0.0
7fbeeaa1f000-7fbeeaa20000 rw-p 00005000 00:1a 27218                      /usr/lib/x86_64-linux-gnu/libXxf86vm.so.1.0.0
7fbeeaa20000-7fbeeab33000 r-xp 00000000 00:1a 27694                      /usr/lib/x86_64-linux-gnu/libglib-2.0.so.0.5600.1
7fbeeab33000-7fbeead33000 ---p 00113000 00:1a 27694                      /usr/lib/x86_64-linux-gnu/libglib-2.0.so.0.5600.1
7fbeead33000-7fbeead34000 r--p 00113000 00:1a 27694                      /usr/lib/x86_64-linux-gnu/libglib-2.0.so.0.5600.1
7fbeead34000-7fbeead35000 rw-p 00114000 00:1a 27694                      /usr/lib/x86_64-linux-gnu/libglib-2.0.so.0.5600.1
7fbeead35000-7fbeead36000 rw-p 00000000 00:00 0 
7fbeead36000-7fbeead37000 r-xp 00000000 00:1a 27772                      /usr/lib/x86_64-linux-gnu/libgthread-2.0.so.0.5600.1
7fbeead37000-7fbeeaf36000 ---p 00001000 00:1a 27772                      /usr/lib/x86_64-linux-gnu/libgthread-2.0.so.0.5600.1
7fbeeaf36000-7fbeeaf37000 r--p 00000000 00:1a 27772                      /usr/lib/x86_64-linux-gnu/libgthread-2.0.so.0.5600.1
7fbeeaf37000-7fbeeaf38000 rw-p 00001000 00:1a 27772                      /usr/lib/x86_64-linux-gnu/libgthread-2.0.so.0.5600.1
7fbeeaf38000-7fbeeaf3b000 r-xp 00000000 00:1a 27698                      /usr/lib/x86_64-linux-gnu/libgmodule-2.0.so.0.5600.1
7fbeeaf3b000-7fbeeb13a000 ---p 00003000 00:1a 27698                      /usr/lib/x86_64-linux-gnu/libgmodule-2.0.so.0.5600.1
7fbeeb13a000-7fbeeb13b000 r--p 00002000 00:1a 27698                      /usr/lib/x86_64-linux-gnu/libgmodule-2.0.so.0.5600.1
7fbeeb13b000-7fbeeb13c000 rw-p 00003000 00:1a 27698                      /usr/lib/x86_64-linux-gnu/libgmodule-2.0.so.0.5600.1
7fbeeb13c000-7fbeeb18e000 r-xp 00000000 00:1a 27704                      /usr/lib/x86_64-linux-gnu/libgobject-2.0.so.0.5600.1
7fbeeb18e000-7fbeeb38e000 ---p 00052000 00:1a 27704                      /usr/lib/x86_64-linux-gnu/libgobject-2.0.so.0.5600.1
7fbeeb38e000-7fbeeb38f000 r--p 00052000 00:1a 27704                      /usr/lib/x86_64-linux-gnu/libgobject-2.0.so.0.5600.1
7fbeeb38f000-7fbeeb390000 rw-p 00053000 00:1a 27704                      /usr/lib/x86_64-linux-gnu/libgobject-2.0.so.0.5600.1
7fbeeb390000-7fbeeb3ce000 r-xp 00000000 00:1a 27614                      /usr/lib/x86_64-linux-gnu/libfontconfig.so.1.10.1
7fbeeb3ce000-7fbeeb5ce000 ---p 0003e000 00:1a 27614                      /usr/lib/x86_64-linux-gnu/libfontconfig.so.1.10.1
7fbeeb5ce000-7fbeeb5d0000 r--p 0003e000 00:1a 27614                      /usr/lib/x86_64-linux-gnu/libfontconfig.so.1.10.1
7fbeeb5d0000-7fbeeb5d5000 rw-p 00040000 00:1a 27614                      /usr/lib/x86_64-linux-gnu/libfontconfig.so.1.10.1
7fbeeb5d5000-7fbeeb682000 r-xp 00000000 00:1a 27650                      /usr/lib/x86_64-linux-gnu/libfreetype.so.6.15.0
7fbeeb682000-7fbeeb881000 ---p 000ad000 00:1a 27650                      /usr/lib/x86_64-linux-gnu/libfreetype.so.6.15.0
7fbeeb881000-7fbeeb888000 r--p 000ac000 00:1a 27650                      /usr/lib/x86_64-linux-gnu/libfreetype.so.6.15.0
7fbeeb888000-7fbeeb889000 rw-p 000b3000 00:1a 27650                      /usr/lib/x86_64-linux-gnu/libfreetype.so.6.15.0
7fbeeb889000-7fbeeb8d3000 r-xp 00000000 00:1a 28212                      /usr/lib/x86_64-linux-gnu/libpango-1.0.so.0.4000.14
7fbeeb8d3000-7fbeebad2000 ---p 0004a000 00:1a 28212                      /usr/lib/x86_64-linux-gnu/libpango-1.0.so.0.4000.14
7fbeebad2000-7fbeebad5000 r--p 00049000 00:1a 28212                      /usr/lib/x86_64-linux-gnu/libpango-1.0.so.0.4000.14
7fbeebad5000-7fbeebad6000 rw-p 0004c000 00:1a 28212                      /usr/lib/x86_64-linux-gnu/libpango-1.0.so.0.4000.14
7fbeebad6000-7fbeebbee000 r-xp 00000000 00:1a 27374                      /usr/lib/x86_64-linux-gnu/libcairo.so.2.11510.0
7fbeebbee000-7fbeebded000 ---p 00118000 00:1a 27374                      /usr/lib/x86_64-linux-gnu/libcairo.so.2.11510.0
7fbeebded000-7fbeebdf0000 r--p 00117000 00:1a 27374                      /usr/lib/x86_64-linux-gnu/libcairo.so.2.11510.0
7fbeebdf0000-7fbeebdf2000 rw-p 0011a000 00:1a 27374                      /usr/lib/x86_64-linux-gnu/libcairo.so.2.11510.0
7fbeebdf2000-7fbeebdf3000 rw-p 00000000 00:00 0 
7fbeebdf3000-7fbeebdff000 r-xp 00000000 00:1a 28214                      /usr/lib/x86_64-linux-gnu/libpangocairo-1.0.so.0.4000.14
7fbeebdff000-7fbeebffe000 ---p 0000c000 00:1a 28214                      /usr/lib/x86_64-linux-gnu/libpangocairo-1.0.so.0.4000.14
7fbeebffe000-7fbeebfff000 r--p 0000b000 00:1a 28214                      /usr/lib/x86_64-linux-gnu/libpangocairo-1.0.so.0.4000.14
7fbeebfff000-7fbeec000000 rw-p 0000c000 00:1a 28214                      /usr/lib/x86_64-linux-gnu/libpangocairo-1.0.so.0.4000.14
7fbeec000000-7fbeec021000 rw-p 00000000 00:00 0 
7fbeec021000-7fbef0000000 ---p 00000000 00:00 0 
7fbef0010000-7fbef0032000 r-xp 00000000 00:1a 27676                      /usr/lib/x86_64-linux-gnu/libgdk_pixbuf-2.0.so.0.3611.0
7fbef0032000-7fbef0232000 ---p 00022000 00:1a 27676                      /usr/lib/x86_64-linux-gnu/libgdk_pixbuf-2.0.so.0.3611.0
7fbef0232000-7fbef0233000 r--p 00022000 00:1a 27676                      /usr/lib/x86_64-linux-gnu/libgdk_pixbuf-2.0.so.0.3611.0
7fbef0233000-7fbef0234000 rw-p 00023000 00:1a 27676                      /usr/lib/x86_64-linux-gnu/libgdk_pixbuf-2.0.so.0.3611.0
7fbef0234000-7fbef0248000 r-xp 00000000 00:1a 28216                      /usr/lib/x86_64-linux-gnu/libpangoft2-1.0.so.0.4000.14
7fbef0248000-7fbef0448000 ---p 00014000 00:1a 28216                      /usr/lib/x86_64-linux-gnu/libpangoft2-1.0.so.0.4000.14
7fbef0448000-7fbef0449000 r--p 00014000 00:1a 28216                      /usr/lib/x86_64-linux-gnu/libpangoft2-1.0.so.0.4000.14
7fbef0449000-7fbef044a000 rw-p 00015000 00:1a 28216                      /usr/lib/x86_64-linux-gnu/libpangoft2-1.0.so.0.4000.14
7fbef044a000-7fbef05de000 r-xp 00000000 00:1a 27686                      /usr/lib/x86_64-linux-gnu/libgio-2.0.so.0.5600.1
7fbef05de000-7fbef07de000 ---p 00194000 00:1a 27686                      /usr/lib/x86_64-linux-gnu/libgio-2.0.so.0.5600.1
7fbef07de000-7fbef07e5000 r--p 00194000 00:1a 27686                      /usr/lib/x86_64-linux-gnu/libgio-2.0.so.0.5600.1
7fbef07e5000-7fbef07e6000 rw-p 0019b000 00:1a 27686                      /usr/lib/x86_64-linux-gnu/libgio-2.0.so.0.5600.1
7fbef07e6000-7fbef07e8000 rw-p 00000000 00:00 0 
7fbef07e8000-7fbef080a000 r-xp 00000000 00:1a 27276                      /usr/lib/x86_64-linux-gnu/libatk-1.0.so.0.22810.1
7fbef080a000-7fbef0a0a000 ---p 00022000 00:1a 27276                      /usr/lib/x86_64-linux-gnu/libatk-1.0.so.0.22810.1
7fbef0a0a000-7fbef0a0d000 r--p 00022000 00:1a 27276                      /usr/lib/x86_64-linux-gnu/libatk-1.0.so.0.22810.1
7fbef0a0d000-7fbef0a0e000 rw-p 00025000 00:1a 27276                      /usr/lib/x86_64-linux-gnu/libatk-1.0.so.0.22810.1
7fbef0a0e000-7fbef0abe000 r-xp 00000000 00:1a 27674                      /usr/lib/x86_64-linux-gnu/libgdk-x11-2.0.so.0.2400.32
7fbef0abe000-7fbef0cbd000 ---p 000b0000 00:1a 27674                      /usr/lib/x86_64-linux-gnu/libgdk-x11-2.0.so.0.2400.32
7fbef0cbd000-7fbef0cc1000 r--p 000af000 00:1a 27674                      /usr/lib/x86_64-linux-gnu/libgdk-x11-2.0.so.0.2400.32
7fbef0cc1000-7fbef0cc3000 rw-p 000b3000 00:1a 27674                      /usr/lib/x86_64-linux-gnu/libgdk-x11-2.0.so.0.2400.32
7fbef0cc3000-7fbef10f8000 r-xp 00000000 00:1a 27776                      /usr/lib/x86_64-linux-gnu/libgtk-x11-2.0.so.0.2400.32
7fbef10f8000-7fbef12f7000 ---p 00435000 00:1a 27776                      /usr/lib/x86_64-linux-gnu/libgtk-x11-2.0.so.0.2400.32
7fbef12f7000-7fbef12fe000 r--p 00434000 00:1a 27776                      /usr/lib/x86_64-linux-gnu/libgtk-x11-2.0.so.0.2400.32
7fbef12fe000-7fbef1302000 rw-p 0043b000 00:1a 27776                      /usr/lib/x86_64-linux-gnu/libgtk-x11-2.0.so.0.2400.32
7fbef1302000-7fbef1305000 rw-p 00000000 00:00 0 
7fbef1305000-7fbef1311000 r-xp 00000000 00:1a 1678527                    /usr/lib/jvm/java-8-oracle/jre/lib/amd64/libprism_es2.so
7fbef1311000-7fbef1510000 ---p 0000c000 00:1a 1678527                    /usr/lib/jvm/java-8-oracle/jre/lib/amd64/libprism_es2.so
7fbef1510000-7fbef1511000 rw-p 0000b000 00:1a 1678527                    /usr/lib/jvm/java-8-oracle/jre/lib/amd64/libprism_es2.so
7fbef1511000-7fbef1514000 ---p 00000000 00:00 0 
7fbef1514000-7fbef1612000 rw-p 00000000 00:00 0 
7fbef1612000-7fbef1615000 ---p 00000000 00:00 0 
7fbef1615000-7fbef1713000 rw-p 00000000 00:00 0 
7fbef1713000-7fbef1718000 r-xp 00000000 00:1a 27184                      /usr/lib/x86_64-linux-gnu/libXfixes.so.3.1.0
7fbef1718000-7fbef1917000 ---p 00005000 00:1a 27184                      /usr/lib/x86_64-linux-gnu/libXfixes.so.3.1.0
7fbef1917000-7fbef1918000 r--p 00004000 00:1a 27184                      /usr/lib/x86_64-linux-gnu/libXfixes.so.3.1.0
7fbef1918000-7fbef1919000 rw-p 00005000 00:1a 27184                      /usr/lib/x86_64-linux-gnu/libXfixes.so.3.1.0
7fbef1919000-7fbef1922000 r-xp 00000000 00:1a 27176                      /usr/lib/x86_64-linux-gnu/libXcursor.so.1.0.2
7fbef1922000-7fbef1b21000 ---p 00009000 00:1a 27176                      /usr/lib/x86_64-linux-gnu/libXcursor.so.1.0.2
7fbef1b21000-7fbef1b22000 r--p 00008000 00:1a 27176                      /usr/lib/x86_64-linux-gnu/libXcursor.so.1.0.2
7fbef1b22000-7fbef1b23000 rw-p 00009000 00:1a 27176                      /usr/lib/x86_64-linux-gnu/libXcursor.so.1.0.2
7fbef1b23000-7fbef1b26000 ---p 00000000 00:00 0 
7fbef1b26000-7fbef1da4000 rw-p 00000000 00:00 0 
7fbef1da4000-7fbef1e24000 ---p 00000000 00:00 0 
7fbef1e24000-7fbef1e3b000 r-xp 00000000 00:1a 12027                      /lib/x86_64-linux-gnu/libgcc_s.so.1
7fbef1e3b000-7fbef203a000 ---p 00017000 00:1a 12027                      /lib/x86_64-linux-gnu/libgcc_s.so.1
7fbef203a000-7fbef203b000 r--p 00016000 00:1a 12027                      /lib/x86_64-linux-gnu/libgcc_s.so.1
7fbef203b000-7fbef203c000 rw-p 00017000 00:1a 12027                      /lib/x86_64-linux-gnu/libgcc_s.so.1
7fbef203c000-7fbef20a1000 r-xp 00000000 00:1a 1678503                    /usr/lib/jvm/java-8-oracle/jre/lib/amd64/libfontmanager.so
7fbef20a1000-7fbef22a0000 ---p 00065000 00:1a 1678503                    /usr/lib/jvm/java-8-oracle/jre/lib/amd64/libfontmanager.so
7fbef22a0000-7fbef22a5000 rw-p 00064000 00:1a 1678503                    /usr/lib/jvm/java-8-oracle/jre/lib/amd64/libfontmanager.so
7fbef22a5000-7fbef22b5000 rw-p 00000000 00:00 0 
7fbef22b5000-7fbef22c8000 r-xp 00000000 00:1a 11986                      /lib/x86_64-linux-gnu/libbsd.so.0.8.7
7fbef22c8000-7fbef24c7000 ---p 00013000 00:1a 11986                      /lib/x86_64-linux-gnu/libbsd.so.0.8.7
7fbef24c7000-7fbef24c8000 r--p 00012000 00:1a 11986                      /lib/x86_64-linux-gnu/libbsd.so.0.8.7
7fbef24c8000-7fbef24c9000 rw-p 00013000 00:1a 11986                      /lib/x86_64-linux-gnu/libbsd.so.0.8.7
7fbef24c9000-7fbef24ca000 rw-p 00000000 00:00 0 
7fbef24ca000-7fbef24cf000 r-xp 00000000 00:1a 27180                      /usr/lib/x86_64-linux-gnu/libXdmcp.so.6.0.0
7fbef24cf000-7fbef26ce000 ---p 00005000 00:1a 27180                      /usr/lib/x86_64-linux-gnu/libXdmcp.so.6.0.0
7fbef26ce000-7fbef26cf000 r--p 00004000 00:1a 27180                      /usr/lib/x86_64-linux-gnu/libXdmcp.so.6.0.0
7fbef26cf000-7fbef26d0000 rw-p 00005000 00:1a 27180                      /usr/lib/x86_64-linux-gnu/libXdmcp.so.6.0.0
7fbef26d0000-7fbef26d2000 r-xp 00000000 00:1a 27169                      /usr/lib/x86_64-linux-gnu/libXau.so.6.0.0
7fbef26d2000-7fbef28d2000 ---p 00002000 00:1a 27169                      /usr/lib/x86_64-linux-gnu/libXau.so.6.0.0
7fbef28d2000-7fbef28d3000 r--p 00002000 00:1a 27169                      /usr/lib/x86_64-linux-gnu/libXau.so.6.0.0
7fbef28d3000-7fbef28d4000 rw-p 00003000 00:1a 27169                      /usr/lib/x86_64-linux-gnu/libXau.so.6.0.0
7fbef28d4000-7fbef28fa000 r-xp 00000000 00:1a 28740                      /usr/lib/x86_64-linux-gnu/libxcb.so.1.1.0
7fbef28fa000-7fbef2afa000 ---p 00026000 00:1a 28740                      /usr/lib/x86_64-linux-gnu/libxcb.so.1.1.0
7fbef2afa000-7fbef2afb000 r--p 00026000 00:1a 28740                      /usr/lib/x86_64-linux-gnu/libxcb.so.1.1.0
7fbef2afb000-7fbef2afc000 rw-p 00027000 00:1a 28740                      /usr/lib/x86_64-linux-gnu/libxcb.so.1.1.0
7fbef2afc000-7fbef2b0b000 r-xp 00000000 00:1a 27190                      /usr/lib/x86_64-linux-gnu/libXi.so.6.1.0
7fbef2b0b000-7fbef2d0a000 ---p 0000f000 00:1a 27190                      /usr/lib/x86_64-linux-gnu/libXi.so.6.1.0
7fbef2d0a000-7fbef2d0b000 r--p 0000e000 00:1a 27190                      /usr/lib/x86_64-linux-gnu/libXi.so.6.1.0
7fbef2d0b000-7fbef2d0c000 rw-p 0000f000 00:1a 27190                      /usr/lib/x86_64-linux-gnu/libXi.so.6.1.0
7fbef2d0c000-7fbef2d11000 r-xp 00000000 00:1a 27208                      /usr/lib/x86_64-linux-gnu/libXtst.so.6.1.0
7fbef2d11000-7fbef2f10000 ---p 00005000 00:1a 27208                      /usr/lib/x86_64-linux-gnu/libXtst.so.6.1.0
7fbef2f10000-7fbef2f11000 r--p 00004000 00:1a 27208                      /usr/lib/x86_64-linux-gnu/libXtst.so.6.1.0
7fbef2f11000-7fbef2f12000 rw-p 00005000 00:1a 27208                      /usr/lib/x86_64-linux-gnu/libXtst.so.6.1.0
7fbef2f12000-7fbef2f1b000 r-xp 00000000 00:1a 27202                      /usr/lib/x86_64-linux-gnu/libXrender.so.1.3.0
7fbef2f1b000-7fbef311a000 ---p 00009000 00:1a 27202                      /usr/lib/x86_64-linux-gnu/libXrender.so.1.3.0
7fbef311a000-7fbef311b000 r--p 00008000 00:1a 27202                      /usr/lib/x86_64-linux-gnu/libXrender.so.1.3.0
7fbef311b000-7fbef311c000 rw-p 00009000 00:1a 27202                      /usr/lib/x86_64-linux-gnu/libXrender.so.1.3.0
7fbef311c000-7fbef3250000 r-xp 00000000 00:1a 27167                      /usr/lib/x86_64-linux-gnu/libX11.so.6.3.0
7fbef3250000-7fbef3450000 ---p 00134000 00:1a 27167                      /usr/lib/x86_64-linux-gnu/libX11.so.6.3.0
7fbef3450000-7fbef3451000 r--p 00134000 00:1a 27167                      /usr/lib/x86_64-linux-gnu/libX11.so.6.3.0
7fbef3451000-7fbef3455000 rw-p 00135000 00:1a 27167                      /usr/lib/x86_64-linux-gnu/libX11.so.6.3.0
7fbef3455000-7fbef3466000 r-xp 00000000 00:1a 27182                      /usr/lib/x86_64-linux-gnu/libXext.so.6.4.0
7fbef3466000-7fbef3665000 ---p 00011000 00:1a 27182                      /usr/lib/x86_64-linux-gnu/libXext.so.6.4.0
7fbef3665000-7fbef3666000 r--p 00010000 00:1a 27182                      /usr/lib/x86_64-linux-gnu/libXext.so.6.4.0
7fbef3666000-7fbef3667000 rw-p 00011000 00:1a 27182                      /usr/lib/x86_64-linux-gnu/libXext.so.6.4.0
7fbef3692000-7fbef36e6000 r-xp 00000000 00:1a 1678530                    /usr/lib/jvm/java-8-oracle/jre/lib/amd64/libawt_xawt.so
7fbef36e6000-7fbef38e6000 ---p 00054000 00:1a 1678530                    /usr/lib/jvm/java-8-oracle/jre/lib/amd64/libawt_xawt.so
7fbef38e6000-7fbef38ea000 rw-p 00054000 00:1a 1678530                    /usr/lib/jvm/java-8-oracle/jre/lib/amd64/libawt_xawt.so
7fbef38ea000-7fbef38eb000 rw-p 00000000 00:00 0 
7fbef38eb000-7fbef398d000 r-xp 00000000 00:1a 1678516                    /usr/lib/jvm/java-8-oracle/jre/lib/amd64/libawt.so
7fbef398d000-7fbef3b8d000 ---p 000a2000 00:1a 1678516                    /usr/lib/jvm/java-8-oracle/jre/lib/amd64/libawt.so
7fbef3b8d000-7fbef3b99000 rw-p 000a2000 00:1a 1678516                    /usr/lib/jvm/java-8-oracle/jre/lib/amd64/libawt.so
7fbef3b99000-7fbef3bbd000 rw-p 00000000 00:00 0 
7fbef3bbd000-7fbef3c52000 r--s 0110e000 00:1a 1678369                    /usr/lib/jvm/java-8-oracle/jre/lib/ext/jfxrt.jar
7fbef3c52000-7fbef3c55000 ---p 00000000 00:00 0 
7fbef3c55000-7fbef3c8b000 rw-p 00000000 00:00 0 
7fbef3c8b000-7fbef3c8e000 ---p 00000000 00:00 0 
7fbef3c8e000-7fbef3cc4000 rw-p 00000000 00:00 0 
7fbef3cc4000-7fbef3cc7000 ---p 00000000 00:00 0 
7fbef3cc7000-7fbef3cfd000 rw-p 00000000 00:00 0 
7fbef3cfd000-7fbef3d00000 ---p 00000000 00:00 0 
7fbef3d00000-7fbef3dfe000 rw-p 00000000 00:00 0 
7fbef3dfe000-7fbef3e01000 ---p 00000000 00:00 0 
7fbef3e01000-7fbef3eff000 rw-p 00000000 00:00 0 
7fbef3eff000-7fbef3f02000 ---p 00000000 00:00 0 
7fbef3f02000-7fbef4000000 rw-p 00000000 00:00 0 
7fbef4000000-7fbef4021000 rw-p 00000000 00:00 0 
7fbef4021000-7fbef8000000 ---p 00000000 00:00 0 
7fbef8012000-7fbef8015000 ---p 00000000 00:00 0 
7fbef8015000-7fbef804b000 rw-p 00000000 00:00 0 
7fbef804b000-7fbef804e000 ---p 00000000 00:00 0 
7fbef804e000-7fbef8084000 rw-p 00000000 00:00 0 
7fbef8084000-7fbef8087000 ---p 00000000 00:00 0 
7fbef8087000-7fbef80bd000 rw-p 00000000 00:00 0 
7fbef80bd000-7fbef80c0000 ---p 00000000 00:00 0 
7fbef80c0000-7fbef80f6000 rw-p 00000000 00:00 0 
7fbef80f6000-7fbef80f9000 ---p 00000000 00:00 0 
7fbef80f9000-7fbef81f7000 rw-p 00000000 00:00 0 
7fbef81f7000-7fbef81fa000 ---p 00000000 00:00 0 
7fbef81fa000-7fbef82f8000 rw-p 00000000 00:00 0 
7fbef82f8000-7fbef82fb000 ---p 00000000 00:00 0 
7fbef82fb000-7fbef83f9000 rw-p 00000000 00:00 0 
7fbef83f9000-7fbef83fc000 ---p 00000000 00:00 0 
7fbef83fc000-7fbef84fa000 rw-p 00000000 00:00 0 
7fbef84fa000-7fbef84fd000 ---p 00000000 00:00 0 
7fbef84fd000-7fbef85fb000 rw-p 00000000 00:00 0 
7fbef85fb000-7fbef85fe000 ---p 00000000 00:00 0 
7fbef85fe000-7fbef88fc000 rw-p 00000000 00:00 0 
7fbef88fc000-7fbef88ff000 ---p 00000000 00:00 0 
7fbef88ff000-7fbef89fd000 rw-p 00000000 00:00 0 
7fbef89fd000-7fbef8a00000 ---p 00000000 00:00 0 
7fbef8a00000-7fbef8cfe000 rw-p 00000000 00:00 0 
7fbef8cfe000-7fbef8efe000 rw-p 00000000 00:00 0 
7fbef8efe000-7fbef8eff000 ---p 00000000 00:00 0 
7fbef8eff000-7fbefc000000 rw-p 00000000 00:00 0 
7fbefc000000-7fbefc021000 rw-p 00000000 00:00 0 
7fbefc021000-7fbf00000000 ---p 00000000 00:00 0 
7fbf00012000-7fbf00017000 r--s 002f9000 00:1a 1678305                    /usr/lib/jvm/java-8-oracle/jre/lib/charsets.jar
7fbf00017000-7fbf0001a000 ---p 00000000 00:00 0 
7fbf0001a000-7fbf00050000 rw-p 00000000 00:00 0 
7fbf00050000-7fbf0006c000 r--s 00393000 00:1a 1678368                    /usr/lib/jvm/java-8-oracle/jre/lib/ext/cldrdata.jar
7fbf0006c000-7fbf0006f000 ---p 00000000 00:00 0 
7fbf0006f000-7fbf0016d000 rw-p 00000000 00:00 0 
7fbf0016d000-7fbf0016e000 ---p 00000000 00:00 0 
7fbf0016e000-7fbf00171000 ---p 00000000 00:00 0 
7fbf00171000-7fbf0026e000 rw-p 00000000 00:00 0 
7fbf0026e000-7fbf0026f000 ---p 00000000 00:00 0 
7fbf0026f000-7fbf00272000 ---p 00000000 00:00 0 
7fbf00272000-7fbf0036f000 rw-p 00000000 00:00 0 
7fbf0036f000-7fbf00370000 ---p 00000000 00:00 0 
7fbf00370000-7fbf00373000 ---p 00000000 00:00 0 
7fbf00373000-7fbf00470000 rw-p 00000000 00:00 0 
7fbf00470000-7fbf00473000 ---p 00000000 00:00 0 
7fbf00473000-7fbf00571000 rw-p 00000000 00:00 0 
7fbf00571000-7fbf00696000 rw-s 00000000 00:1a 1899450                    /tmp/jfluidbuf9009509955621655396.tmp
7fbf00696000-7fbf00699000 ---p 00000000 00:00 0 
7fbf00699000-7fbf006cf000 rw-p 00000000 00:00 0 
7fbf006cf000-7fbf006d0000 ---p 00000000 00:00 0 
7fbf006d0000-7fbf006d3000 ---p 00000000 00:00 0 
7fbf006d3000-7fbf007d0000 rw-p 00000000 00:00 0 
7fbf007d0000-7fbf007e1000 r-xp 00000000 00:1a 1678526                    /usr/lib/jvm/java-8-oracle/jre/lib/amd64/libnio.so
7fbf007e1000-7fbf009e0000 ---p 00011000 00:1a 1678526                    /usr/lib/jvm/java-8-oracle/jre/lib/amd64/libnio.so
7fbf009e0000-7fbf009e1000 rw-p 00010000 00:1a 1678526                    /usr/lib/jvm/java-8-oracle/jre/lib/amd64/libnio.so
7fbf009e1000-7fbf009ea000 r-xp 00000000 00:1a 1678531                    /usr/lib/jvm/java-8-oracle/jre/lib/amd64/libmanagement.so
7fbf009ea000-7fbf00be9000 ---p 00009000 00:1a 1678531                    /usr/lib/jvm/java-8-oracle/jre/lib/amd64/libmanagement.so
7fbf00be9000-7fbf00bea000 rw-p 00008000 00:1a 1678531                    /usr/lib/jvm/java-8-oracle/jre/lib/amd64/libmanagement.so
7fbf00bea000-7fbf00bed000 ---p 00000000 00:00 0 
7fbf00bed000-7fbf00ceb000 rw-p 00000000 00:00 0 
7fbf00ceb000-7fbf00cee000 ---p 00000000 00:00 0 
7fbf00cee000-7fbf00dec000 rw-p 00000000 00:00 0 
7fbf00dec000-7fbf00e02000 r-xp 00000000 00:1a 1678523                    /usr/lib/jvm/java-8-oracle/jre/lib/amd64/libnet.so
7fbf00e02000-7fbf01002000 ---p 00016000 00:1a 1678523                    /usr/lib/jvm/java-8-oracle/jre/lib/amd64/libnet.so
7fbf01002000-7fbf01003000 rw-p 00016000 00:1a 1678523                    /usr/lib/jvm/java-8-oracle/jre/lib/amd64/libnet.so
7fbf01003000-7fbf01006000 ---p 00000000 00:00 0 
7fbf01006000-7fbf01104000 rw-p 00000000 00:00 0 
7fbf01104000-7fbf01116000 r--s 00117000 00:3a 133299                     /home/sarah/.m2/repository/org/controlsfx/controlsfx/8.40.14/controlsfx-8.40.14.jar
7fbf01116000-7fbf01119000 ---p 00000000 00:00 0 
7fbf01119000-7fbf01217000 rw-p 00000000 00:00 0 
7fbf01217000-7fbf014f5000 r--p 00000000 00:1a 20105                      /usr/lib/locale/locale-archive
7fbf014f5000-7fbf014f8000 ---p 00000000 00:00 0 
7fbf014f8000-7fbf015f6000 rw-p 00000000 00:00 0 
7fbf015f6000-7fbf015f9000 ---p 00000000 00:00 0 
7fbf015f9000-7fbf016f7000 rw-p 00000000 00:00 0 
7fbf016f7000-7fbf016f8000 ---p 00000000 00:00 0 
7fbf016f8000-7fbf04000000 rw-p 00000000 00:00 0 
7fbf04000000-7fbf04021000 rw-p 00000000 00:00 0 
7fbf04021000-7fbf08000000 ---p 00000000 00:00 0 
7fbf08000000-7fbf0800a000 r--s 00116000 00:1a 1678375                    /usr/lib/jvm/java-8-oracle/jre/lib/ext/localedata.jar
7fbf0800a000-7fbf09000000 rw-p 00000000 00:00 0 
7fbf09000000-7fbf09450000 rwxp 00000000 00:00 0 
7fbf09450000-7fbf18000000 ---p 00000000 00:00 0 
7fbf18000000-7fbf18aa7000 rw-p 00000000 00:00 0 
7fbf18aa7000-7fbf1c000000 ---p 00000000 00:00 0 
7fbf1c002000-7fbf1c00a000 r--s 00072000 00:3a 1198976                    /home/sarah/.m2/repository/org/apache/commons/commons-lang3/3.7/commons-lang3-3.7.jar
7fbf1c00a000-7fbf1c01d000 r--s 00135000 00:3a 133293                     /home/sarah/.m2/repository/com/fasterxml/jackson/core/jackson-databind/2.9.5/jackson-databind-2.9.5.jar
7fbf1c01d000-7fbf1c470000 rw-p 00000000 00:00 0 
7fbf1c470000-7fbf1c64a000 r--s 03d6b000 00:1a 1678307                    /usr/lib/jvm/java-8-oracle/jre/lib/rt.jar
7fbf1c64a000-7fbf1d0c0000 rw-p 00000000 00:00 0 
7fbf1d0c0000-7fbf1d0c1000 ---p 00000000 00:00 0 
7fbf1d0c1000-7fbf1d1c1000 rw-p 00000000 00:00 0 
7fbf1d1c1000-7fbf1d1c2000 ---p 00000000 00:00 0 
7fbf1d1c2000-7fbf1d2c2000 rw-p 00000000 00:00 0 
7fbf1d2c2000-7fbf1d2c3000 ---p 00000000 00:00 0 
7fbf1d2c3000-7fbf1d3c3000 rw-p 00000000 00:00 0 
7fbf1d3c3000-7fbf1d3c4000 ---p 00000000 00:00 0 
7fbf1d3c4000-7fbf1d4c4000 rw-p 00000000 00:00 0 
7fbf1d4c4000-7fbf1d4c5000 ---p 00000000 00:00 0 
7fbf1d4c5000-7fbf1d5c5000 rw-p 00000000 00:00 0 
7fbf1d5c5000-7fbf1d5c6000 ---p 00000000 00:00 0 
7fbf1d5c6000-7fbf1d6c6000 rw-p 00000000 00:00 0 
7fbf1d6c6000-7fbf1d6c7000 ---p 00000000 00:00 0 
7fbf1d6c7000-7fbf1d7c7000 rw-p 00000000 00:00 0 
7fbf1d7c7000-7fbf1d7c8000 ---p 00000000 00:00 0 
7fbf1d7c8000-7fbf1d91c000 rw-p 00000000 00:00 0 
7fbf1d91c000-7fbf1da1e000 ---p 00000000 00:00 0 
7fbf1da1e000-7fbf1da72000 rw-p 00000000 00:00 0 
7fbf1da72000-7fbf1db73000 ---p 00000000 00:00 0 
7fbf1db73000-7fbf1db99000 rw-p 00000000 00:00 0 
7fbf1db99000-7fbf1dc1e000 ---p 00000000 00:00 0 
7fbf1dc1e000-7fbf1dc31000 rw-p 00000000 00:00 0 
7fbf1dc31000-7fbf1dfdf000 ---p 00000000 00:00 0 
7fbf1dfdf000-7fbf1dffa000 r-xp 00000000 00:1a 1678519                    /usr/lib/jvm/java-8-oracle/jre/lib/amd64/libzip.so
7fbf1dffa000-7fbf1e1fa000 ---p 0001b000 00:1a 1678519                    /usr/lib/jvm/java-8-oracle/jre/lib/amd64/libzip.so
7fbf1e1fa000-7fbf1e1fb000 rw-p 0001b000 00:1a 1678519                    /usr/lib/jvm/java-8-oracle/jre/lib/amd64/libzip.so
7fbf1e1fb000-7fbf1e206000 r-xp 00000000 00:1a 12080                      /lib/x86_64-linux-gnu/libnss_files-2.27.so
7fbf1e206000-7fbf1e405000 ---p 0000b000 00:1a 12080                      /lib/x86_64-linux-gnu/libnss_files-2.27.so
7fbf1e405000-7fbf1e406000 r--p 0000a000 00:1a 12080                      /lib/x86_64-linux-gnu/libnss_files-2.27.so
7fbf1e406000-7fbf1e407000 rw-p 0000b000 00:1a 12080                      /lib/x86_64-linux-gnu/libnss_files-2.27.so
7fbf1e407000-7fbf1e40d000 rw-p 00000000 00:00 0 
7fbf1e40d000-7fbf1e424000 r-xp 00000000 00:1a 12074                      /lib/x86_64-linux-gnu/libnsl-2.27.so
7fbf1e424000-7fbf1e623000 ---p 00017000 00:1a 12074                      /lib/x86_64-linux-gnu/libnsl-2.27.so
7fbf1e623000-7fbf1e624000 r--p 00016000 00:1a 12074                      /lib/x86_64-linux-gnu/libnsl-2.27.so
7fbf1e624000-7fbf1e625000 rw-p 00017000 00:1a 12074                      /lib/x86_64-linux-gnu/libnsl-2.27.so
7fbf1e625000-7fbf1e627000 rw-p 00000000 00:00 0 
7fbf1e627000-7fbf1e632000 r-xp 00000000 00:1a 12090                      /lib/x86_64-linux-gnu/libnss_nis-2.27.so
7fbf1e632000-7fbf1e831000 ---p 0000b000 00:1a 12090                      /lib/x86_64-linux-gnu/libnss_nis-2.27.so
7fbf1e831000-7fbf1e832000 r--p 0000a000 00:1a 12090                      /lib/x86_64-linux-gnu/libnss_nis-2.27.so
7fbf1e832000-7fbf1e833000 rw-p 0000b000 00:1a 12090                      /lib/x86_64-linux-gnu/libnss_nis-2.27.so
7fbf1e833000-7fbf1e83b000 r-xp 00000000 00:1a 12076                      /lib/x86_64-linux-gnu/libnss_compat-2.27.so
7fbf1e83b000-7fbf1ea3b000 ---p 00008000 00:1a 12076                      /lib/x86_64-linux-gnu/libnss_compat-2.27.so
7fbf1ea3b000-7fbf1ea3c000 r--p 00008000 00:1a 12076                      /lib/x86_64-linux-gnu/libnss_compat-2.27.so
7fbf1ea3c000-7fbf1ea3d000 rw-p 00009000 00:1a 12076                      /lib/x86_64-linux-gnu/libnss_compat-2.27.so
7fbf1ea3d000-7fbf1ea46000 r-xp 00000000 00:1a 940334                     /usr/local/netbeans-8.2/profiler/lib/deployed/jdk16/linux-amd64/libprofilerinterface.so
7fbf1ea46000-7fbf1eb46000 ---p 00009000 00:1a 940334                     /usr/local/netbeans-8.2/profiler/lib/deployed/jdk16/linux-amd64/libprofilerinterface.so
7fbf1eb46000-7fbf1eb47000 rw-p 00009000 00:1a 940334                     /usr/local/netbeans-8.2/profiler/lib/deployed/jdk16/linux-amd64/libprofilerinterface.so
7fbf1eb47000-7fbf1eb72000 r-xp 00000000 00:1a 1678513                    /usr/lib/jvm/java-8-oracle/jre/lib/amd64/libjava.so
7fbf1eb72000-7fbf1ed71000 ---p 0002b000 00:1a 1678513                    /usr/lib/jvm/java-8-oracle/jre/lib/amd64/libjava.so
7fbf1ed71000-7fbf1ed73000 rw-p 0002a000 00:1a 1678513                    /usr/lib/jvm/java-8-oracle/jre/lib/amd64/libjava.so
7fbf1ed73000-7fbf1ed80000 r-xp 00000000 00:1a 1678518                    /usr/lib/jvm/java-8-oracle/jre/lib/amd64/libverify.so
7fbf1ed80000-7fbf1ef80000 ---p 0000d000 00:1a 1678518                    /usr/lib/jvm/java-8-oracle/jre/lib/amd64/libverify.so
7fbf1ef80000-7fbf1ef82000 rw-p 0000d000 00:1a 1678518                    /usr/lib/jvm/java-8-oracle/jre/lib/amd64/libverify.so
7fbf1ef82000-7fbf1ef89000 r-xp 00000000 00:1a 12130                      /lib/x86_64-linux-gnu/librt-2.27.so
7fbf1ef89000-7fbf1f188000 ---p 00007000 00:1a 12130                      /lib/x86_64-linux-gnu/librt-2.27.so
7fbf1f188000-7fbf1f189000 r--p 00006000 00:1a 12130                      /lib/x86_64-linux-gnu/librt-2.27.so
7fbf1f189000-7fbf1f18a000 rw-p 00007000 00:1a 12130                      /lib/x86_64-linux-gnu/librt-2.27.so
7fbf1f18a000-7fbf1f327000 r-xp 00000000 00:1a 12053                      /lib/x86_64-linux-gnu/libm-2.27.so
7fbf1f327000-7fbf1f526000 ---p 0019d000 00:1a 12053                      /lib/x86_64-linux-gnu/libm-2.27.so
7fbf1f526000-7fbf1f527000 r--p 0019c000 00:1a 12053                      /lib/x86_64-linux-gnu/libm-2.27.so
7fbf1f527000-7fbf1f528000 rw-p 0019d000 00:1a 12053                      /lib/x86_64-linux-gnu/libm-2.27.so
7fbf1f528000-7fbf20204000 r-xp 00000000 00:1a 1678494                    /usr/lib/jvm/java-8-oracle/jre/lib/amd64/server/libjvm.so
7fbf20204000-7fbf20404000 ---p 00cdc000 00:1a 1678494                    /usr/lib/jvm/java-8-oracle/jre/lib/amd64/server/libjvm.so
7fbf20404000-7fbf204de000 rw-p 00cdc000 00:1a 1678494                    /usr/lib/jvm/java-8-oracle/jre/lib/amd64/server/libjvm.so
7fbf204de000-7fbf20529000 rw-p 00000000 00:00 0 
7fbf20529000-7fbf20710000 r-xp 00000000 00:1a 11990                      /lib/x86_64-linux-gnu/libc-2.27.so
7fbf20710000-7fbf20910000 ---p 001e7000 00:1a 11990                      /lib/x86_64-linux-gnu/libc-2.27.so
7fbf20910000-7fbf20914000 r--p 001e7000 00:1a 11990                      /lib/x86_64-linux-gnu/libc-2.27.so
7fbf20914000-7fbf20916000 rw-p 001eb000 00:1a 11990                      /lib/x86_64-linux-gnu/libc-2.27.so
7fbf20916000-7fbf2091a000 rw-p 00000000 00:00 0 
7fbf2091a000-7fbf2091d000 r-xp 00000000 00:1a 12013                      /lib/x86_64-linux-gnu/libdl-2.27.so
7fbf2091d000-7fbf20b1c000 ---p 00003000 00:1a 12013                      /lib/x86_64-linux-gnu/libdl-2.27.so
7fbf20b1c000-7fbf20b1d000 r--p 00002000 00:1a 12013                      /lib/x86_64-linux-gnu/libdl-2.27.so
7fbf20b1d000-7fbf20b1e000 rw-p 00003000 00:1a 12013                      /lib/x86_64-linux-gnu/libdl-2.27.so
7fbf20b1e000-7fbf20b34000 r-xp 00000000 00:1a 1678169                    /usr/lib/jvm/java-8-oracle/lib/amd64/jli/libjli.so
7fbf20b34000-7fbf20d33000 ---p 00016000 00:1a 1678169                    /usr/lib/jvm/java-8-oracle/lib/amd64/jli/libjli.so
7fbf20d33000-7fbf20d34000 rw-p 00015000 00:1a 1678169                    /usr/lib/jvm/java-8-oracle/lib/amd64/jli/libjli.so
7fbf20d34000-7fbf20d4e000 r-xp 00000000 00:1a 12122                      /lib/x86_64-linux-gnu/libpthread-2.27.so
7fbf20d4e000-7fbf20f4d000 ---p 0001a000 00:1a 12122                      /lib/x86_64-linux-gnu/libpthread-2.27.so
7fbf20f4d000-7fbf20f4e000 r--p 00019000 00:1a 12122                      /lib/x86_64-linux-gnu/libpthread-2.27.so
7fbf20f4e000-7fbf20f4f000 rw-p 0001a000 00:1a 12122                      /lib/x86_64-linux-gnu/libpthread-2.27.so
7fbf20f4f000-7fbf20f53000 rw-p 00000000 00:00 0 
7fbf20f53000-7fbf20f7a000 r-xp 00000000 00:1a 11962                      /lib/x86_64-linux-gnu/ld-2.27.so
7fbf20f7b000-7fbf20f7c000 r--p 00000000 00:1a 1699386                    /usr/share/locale-langpack/en_GB/LC_MESSAGES/libc.mo
7fbf20f7c000-7fbf20f81000 r--s 0009d000 00:1a 1678364                    /usr/lib/jvm/java-8-oracle/jre/lib/jsse.jar
7fbf20f81000-7fbf20f85000 r--s 0004b000 00:3a 133294                     /home/sarah/.m2/repository/com/fasterxml/jackson/core/jackson-core/2.9.5/jackson-core-2.9.5.jar
7fbf20f85000-7fbf2104a000 rw-p 00000000 00:00 0 
7fbf2104a000-7fbf2104b000 ---p 00000000 00:00 0 
7fbf2104b000-7fbf2104e000 ---p 00000000 00:00 0 
7fbf2104e000-7fbf2114d000 rw-p 00000000 00:00 0 
7fbf2114d000-7fbf21150000 r--s 0000e000 00:3a 133291                     /home/sarah/.m2/repository/com/fasterxml/jackson/core/jackson-annotations/2.9.0/jackson-annotations-2.9.0.jar
7fbf21150000-7fbf21154000 r--s 00031000 00:3a 133290                     /home/sarah/.m2/repository/commons-io/commons-io/2.6/commons-io-2.6.jar
7fbf21154000-7fbf21155000 r--s 00006000 00:1a 930698                     /usr/local/netbeans-8.2/profiler/lib/jfluid-server-15.jar
7fbf21155000-7fbf21156000 r--s 00006000 00:1a 930698                     /usr/local/netbeans-8.2/profiler/lib/jfluid-server-15.jar
7fbf21156000-7fbf2115a000 r--s 00066000 00:1a 930702                     /usr/local/netbeans-8.2/profiler/lib/jfluid-server.jar
7fbf2115a000-7fbf2116e000 rw-p 00000000 00:00 0 
7fbf2116e000-7fbf21176000 rw-s 00000000 00:1a 1899449                    /tmp/hsperfdata_sarah/7101
7fbf21176000-7fbf21177000 rw-p 00000000 00:00 0 
7fbf21177000-7fbf21178000 ---p 00000000 00:00 0 
7fbf21178000-7fbf2117a000 rw-p 00000000 00:00 0 
7fbf2117a000-7fbf2117b000 r--p 00027000 00:1a 11962                      /lib/x86_64-linux-gnu/ld-2.27.so
7fbf2117b000-7fbf2117c000 rw-p 00028000 00:1a 11962                      /lib/x86_64-linux-gnu/ld-2.27.so
7fbf2117c000-7fbf2117d000 rw-p 00000000 00:00 0 
7ffcebf51000-7ffcebf73000 rw-p 00000000 00:00 0                          [stack]
7ffcebf9d000-7ffcebfa0000 r--p 00000000 00:00 0                          [vvar]
7ffcebfa0000-7ffcebfa2000 r-xp 00000000 00:00 0                          [vdso]
ffffffffff600000-ffffffffff601000 r-xp 00000000 00:00 0                  [vsyscall]

VM Arguments:
jvm_args: -agentpath:/usr/local/netbeans-8.2/profiler/lib/deployed/jdk16/linux-amd64/libprofilerinterface.so=/usr/local/netbeans-8.2/profiler/lib,5140,10 -XX:+HeapDumpOnOutOfMemoryError -XX:HeapDumpPath=/tmp -Xmx1G 
java_command: com.protonmail.sarahszabo.stellaropusconverter.Main Space-Bridge ReIndex 320
java_class_path (initial): /home/sarah/NetBeansProjects/StellarOPUSConverter-master/target/classes:/home/sarah/.m2/repository/commons-io/commons-io/2.6/commons-io-2.6.jar:/home/sarah/.m2/repository/com/fasterxml/jackson/core/jackson-databind/2.9.5/jackson-databind-2.9.5.jar:/home/sarah/.m2/repository/com/fasterxml/jackson/core/jackson-annotations/2.9.0/jackson-annotations-2.9.0.jar:/home/sarah/.m2/repository/com/fasterxml/jackson/core/jackson-core/2.9.5/jackson-core-2.9.5.jar:/home/sarah/.m2/repository/org/controlsfx/controlsfx/8.40.14/controlsfx-8.40.14.jar:/home/sarah/.m2/repository/org/apache/commons/commons-lang3/3.7/commons-lang3-3.7.jar
Launcher Type: SUN_STANDARD

Environment Variables:
JAVA_HOME=/usr/lib/jvm/java-8-oracle
PATH=/home/sarah/bin:/usr/local/sbin:/usr/local/bin:/usr/sbin:/usr/bin:/sbin:/bin:/usr/games:/usr/local/games:/snap/bin:/usr/lib/jvm/java-8-oracle/bin:/usr/lib/jvm/java-8-oracle/db/bin:/usr/lib/jvm/java-8-oracle/jre/bin
LD_LIBRARY_PATH=/usr/lib/jvm/java-8-oracle/jre/lib/amd64:/usr/lib/jvm/java-8-oracle/jre/lib/i386:
SHELL=/bin/bash
DISPLAY=:0

Signal Handlers:
SIGSEGV: [libjvm.so+0xad2a40], sa_mask[0]=11111111011111111101111111111110, sa_flags=SA_RESTART|SA_SIGINFO
SIGBUS: [libjvm.so+0xad2a40], sa_mask[0]=11111111011111111101111111111110, sa_flags=SA_RESTART|SA_SIGINFO
SIGFPE: [libjvm.so+0x92a610], sa_mask[0]=11111111011111111101111111111110, sa_flags=SA_RESTART|SA_SIGINFO
SIGPIPE: [libjvm.so+0x92a610], sa_mask[0]=11111111011111111101111111111110, sa_flags=SA_RESTART|SA_SIGINFO
SIGXFSZ: [libjvm.so+0x92a610], sa_mask[0]=11111111011111111101111111111110, sa_flags=SA_RESTART|SA_SIGINFO
SIGILL: [libjvm.so+0x92a610], sa_mask[0]=11111111011111111101111111111110, sa_flags=SA_RESTART|SA_SIGINFO
SIGUSR1: SIG_DFL, sa_mask[0]=00000000000000000000000000000000, sa_flags=none
SIGUSR2: [libjvm.so+0x92be70], sa_mask[0]=00100000000000000000000000000000, sa_flags=SA_RESTART|SA_SIGINFO
SIGHUP: [libjvm.so+0x92d270], sa_mask[0]=11111111011111111101111111111110, sa_flags=SA_RESTART|SA_SIGINFO
SIGINT: SIG_IGN, sa_mask[0]=00000000000000000000000000000000, sa_flags=none
SIGTERM: [libjvm.so+0x92d270], sa_mask[0]=11111111011111111101111111111110, sa_flags=SA_RESTART|SA_SIGINFO
SIGQUIT: [libjvm.so+0x92d270], sa_mask[0]=11111111011111111101111111111110, sa_flags=SA_RESTART|SA_SIGINFO


---------------  S Y S T E M  ---------------

OS:DISTRIB_ID=Ubuntu
DISTRIB_RELEASE=18.04
DISTRIB_CODENAME=bionic
DISTRIB_DESCRIPTION="Ubuntu 18.04 LTS"

uname:Linux 4.15.0-29-generic #31-Ubuntu SMP Tue Jul 17 15:39:52 UTC 2018 x86_64
libc:glibc 2.27 NPTL 2.27 
rlimit: STACK 8192k, CORE 0k, NPROC 63284, NOFILE 1048576, AS infinity
load average:4.69 6.40 11.71

/proc/meminfo:
MemTotal:       16356084 kB
MemFree:          165180 kB
MemAvailable:    3699700 kB
Buffers:              32 kB
Cached:          3985808 kB
SwapCached:            0 kB
Active:         13138148 kB
Inactive:        2092948 kB
Active(anon):   11267104 kB
Inactive(anon):   234192 kB
Active(file):    1871044 kB
Inactive(file):  1858756 kB
Unevictable:       13664 kB
Mlocked:           13664 kB
SwapTotal:             0 kB
SwapFree:              0 kB
Dirty:            275852 kB
Writeback:            64 kB
AnonPages:      11260128 kB
Mapped:           641692 kB
Shmem:            241152 kB
Slab:             308096 kB
SReclaimable:     120760 kB
SUnreclaim:       187336 kB
KernelStack:       38624 kB
PageTables:       226464 kB
NFS_Unstable:          0 kB
Bounce:                0 kB
WritebackTmp:          0 kB
CommitLimit:     8178040 kB
Committed_AS:   44562444 kB
VmallocTotal:   34359738367 kB
VmallocUsed:           0 kB
VmallocChunk:          0 kB
HardwareCorrupted:     0 kB
AnonHugePages:         0 kB
ShmemHugePages:        0 kB
ShmemPmdMapped:        0 kB
CmaTotal:              0 kB
CmaFree:               0 kB
HugePages_Total:       0
HugePages_Free:        0
HugePages_Rsvd:        0
HugePages_Surp:        0
Hugepagesize:       2048 kB
DirectMap4k:    14084608 kB
DirectMap2M:     2623488 kB
DirectMap1G:     1048576 kB


CPU:total 8 (initial active 8) (4 cores per cpu, 2 threads per core) family 6 model 60 stepping 3, cmov, cx8, fxsr, mmx, sse, sse2, sse3, ssse3, sse4.1, sse4.2, popcnt, avx, avx2, aes, clmul, erms, lzcnt, ht, tsc, tscinvbit, bmi1, bmi2

/proc/cpuinfo:
processor	: 0
vendor_id	: GenuineIntel
cpu family	: 6
model		: 60
model name	: Intel(R) Core(TM) i7-4702MQ CPU @ 2.20GHz
stepping	: 3
microcode	: 0x24
cpu MHz		: 2676.382
cache size	: 6144 KB
physical id	: 0
siblings	: 8
core id		: 0
cpu cores	: 4
apicid		: 0
initial apicid	: 0
fpu		: yes
fpu_exception	: yes
cpuid level	: 13
wp		: yes
flags		: fpu vme de pse tsc msr pae mce cx8 apic sep mtrr pge mca cmov pat pse36 clflush dts acpi mmx fxsr sse sse2 ss ht tm pbe syscall nx pdpe1gb rdtscp lm constant_tsc arch_perfmon pebs bts rep_good nopl xtopology nonstop_tsc cpuid aperfmperf pni pclmulqdq dtes64 monitor ds_cpl vmx est tm2 ssse3 sdbg fma cx16 xtpr pdcm pcid sse4_1 sse4_2 movbe popcnt tsc_deadline_timer aes xsave avx f16c rdrand lahf_lm abm cpuid_fault epb invpcid_single pti ibrs ibpb stibp tpr_shadow vnmi flexpriority ept vpid fsgsbase tsc_adjust bmi1 avx2 smep bmi2 erms invpcid xsaveopt dtherm ida arat pln pts
bugs		: cpu_meltdown spectre_v1 spectre_v2 spec_store_bypass
bogomips	: 4390.09
clflush size	: 64
cache_alignment	: 64
address sizes	: 39 bits physical, 48 bits virtual
power management:

processor	: 1
vendor_id	: GenuineIntel
cpu family	: 6
model		: 60
model name	: Intel(R) Core(TM) i7-4702MQ CPU @ 2.20GHz
stepping	: 3
microcode	: 0x24
cpu MHz		: 2676.381
cache size	: 6144 KB
physical id	: 0
siblings	: 8
core id		: 0
cpu cores	: 16
apicid		: 1
initial apicid	: 1
fpu		: yes
fpu_exception	: yes
cpuid level	: 13
wp		: yes
flags		: fpu vme de pse tsc msr pae mce cx8 apic sep mtrr pge mca cmov pat pse36 clflush dts acpi mmx fxsr sse sse2 ss ht tm pbe syscall nx pdpe1gb rdtscp lm constant_tsc arch_perfmon pebs bts rep_good nopl xtopology nonstop_tsc cpuid aperfmperf pni pclmulqdq dtes64 monitor ds_cpl vmx est tm2 ssse3 sdbg fma cx16 xtpr pdcm pcid sse4_1 sse4_2 movbe popcnt tsc_deadline_timer aes xsave avx f16c rdrand lahf_lm abm cpuid_fault epb invpcid_single pti ibrs ibpb stibp tpr_shadow vnmi flexpriority ept vpid fsgsbase tsc_adjust bmi1 avx2 smep bmi2 erms invpcid xsaveopt dtherm ida arat pln pts
bugs		: cpu_meltdown spectre_v1 spectre_v2 spec_store_bypass
bogomips	: 4390.09
clflush size	: 64
cache_alignment	: 64
address sizes	: 39 bits physical, 48 bits virtual
power management:

processor	: 2
vendor_id	: GenuineIntel
cpu family	: 6
model		: 60
model name	: Intel(R) Core(TM) i7-4702MQ CPU @ 2.20GHz
stepping	: 3
microcode	: 0x24
cpu MHz		: 2676.380
cache size	: 6144 KB
physical id	: 0
siblings	: 8
core id		: 1
cpu cores	: 20
apicid		: 2
initial apicid	: 2
fpu		: yes
fpu_exception	: yes
cpuid level	: 13
wp		: yes
flags		: fpu vme de pse tsc msr pae mce cx8 apic sep mtrr pge mca cmov pat pse36 clflush dts acpi mmx fxsr sse sse2 ss ht tm pbe syscall nx pdpe1gb rdtscp lm constant_tsc arch_perfmon pebs bts rep_good nopl xtopology nonstop_tsc cpuid aperfmperf pni pclmulqdq dtes64 monitor ds_cpl vmx est tm2 ssse3 sdbg fma cx16 xtpr pdcm pcid sse4_1 sse4_2 movbe popcnt tsc_deadline_timer aes xsave avx f16c rdrand lahf_lm abm cpuid_fault epb invpcid_single pti ibrs ibpb stibp tpr_shadow vnmi flexpriority ept vpid fsgsbase tsc_adjust bmi1 avx2 smep bmi2 erms invpcid xsaveopt dtherm ida arat pln pts
bugs		: cpu_meltdown spectre_v1 spectre_v2 spec_store_bypass
bogomips	: 4390.09
clflush size	: 64
cache_alignment	: 64
address sizes	: 39 bits physical, 48 bits virtual
power management:

processor	: 3
vendor_id	: GenuineIntel
cpu family	: 6
model		: 60
model name	: Intel(R) Core(TM) i7-4702MQ CPU @ 2.20GHz
stepping	: 3
microcode	: 0x24
cpu MHz		: 2676.378
cache size	: 6144 KB
physical id	: 0
siblings	: 8
core id		: 1
cpu cores	: 8
apicid		: 3
initial apicid	: 3
fpu		: yes
fpu_exception	: yes
cpuid level	: 13
wp		: yes
flags		: fpu vme de pse tsc msr pae mce cx8 apic sep mtrr pge mca cmov pat pse36 clflush dts acpi mmx fxsr sse sse2 ss ht tm pbe syscall nx pdpe1gb rdtscp lm constant_tsc arch_perfmon pebs bts rep_good nopl xtopology nonstop_tsc cpuid aperfmperf pni pclmulqdq dtes64 monitor ds_cpl vmx est tm2 ssse3 sdbg fma cx16 xtpr pdcm pcid sse4_1 sse4_2 movbe popcnt tsc_deadline_timer aes xsave avx f16c rdrand lahf_lm abm cpuid_fault epb invpcid_single pti ibrs ibpb stibp tpr_shadow vnmi flexpriority ept vpid fsgsbase tsc_adjust bmi1 avx2 smep bmi2 erms invpcid xsaveopt dtherm ida arat pln pts
bugs		: cpu_meltdown spectre_v1 spectre_v2 spec_store_bypass
bogomips	: 4390.09
clflush size	: 64
cache_alignment	: 64
address sizes	: 39 bits physical, 48 bits virtual
power management:

processor	: 4
vendor_id	: GenuineIntel
cpu family	: 6
model		: 60
model name	: Intel(R) Core(TM) i7-4702MQ CPU @ 2.20GHz
stepping	: 3
microcode	: 0x24
cpu MHz		: 2676.379
cache size	: 6144 KB
physical id	: 0
siblings	: 8
core id		: 2
cpu cores	: 16
apicid		: 4
initial apicid	: 4
fpu		: yes
fpu_exception	: yes
cpuid level	: 13
wp		: yes
flags		: fpu vme de pse tsc msr pae mce cx8 apic sep mtrr pge mca cmov pat pse36 clflush dts acpi mmx fxsr sse sse2 ss ht tm pbe syscall nx pdpe1gb rdtscp lm constant_tsc arch_perfmon pebs bts rep_good nopl xtopology nonstop_tsc cpuid aperfmperf pni pclmulqdq dtes64 monitor ds_cpl vmx est tm2 ssse3 sdbg fma cx16 xtpr pdcm pcid sse4_1 sse4_2 movbe popcnt tsc_deadline_timer aes xsave avx f16c rdrand lahf_lm abm cpuid_fault epb invpcid_single pti ibrs ibpb stibp tpr_shadow vnmi flexpriority ept vpid fsgsbase tsc_adjust bmi1 avx2 smep bmi2 erms invpcid xsaveopt dtherm ida arat pln pts
bugs		: cpu_meltdown spectre_v1 spectre_v2 spec_store_bypass
bogomips	: 4390.09
clflush size	: 64
cache_alignment	: 64
address sizes	: 39 bits physical, 48 bits virtual
power management:

processor	: 5
vendor_id	: GenuineIntel
cpu family	: 6
model		: 60
model name	: Intel(R) Core(TM) i7-4702MQ CPU @ 2.20GHz
stepping	: 3
microcode	: 0x24
cpu MHz		: 2694.354
cache size	: 6144 KB
physical id	: 0
siblings	: 8
core id		: 2
cpu cores	: 3
apicid		: 5
initial apicid	: 5
fpu		: yes
fpu_exception	: yes
cpuid level	: 13
wp		: yes
flags		: fpu vme de pse tsc msr pae mce cx8 apic sep mtrr pge mca cmov pat pse36 clflush dts acpi mmx fxsr sse sse2 ss ht tm pbe syscall nx pdpe1gb rdtscp lm constant_tsc arch_perfmon pebs bts rep_good nopl xtopology nonstop_tsc cpuid aperfmperf pni pclmulqdq dtes64 monitor ds_cpl vmx est tm2 ssse3 sdbg fma cx16 xtpr pdcm pcid sse4_1 sse4_2 movbe popcnt tsc_deadline_timer aes xsave avx f16c rdrand lahf_lm abm cpuid_fault epb invpcid_single pti ibrs ibpb stibp tpr_shadow vnmi flexpriority ept vpid fsgsbase tsc_adjust bmi1 avx2 smep bmi2 erms invpcid xsaveopt dtherm ida arat pln pts
bugs		: cpu_meltdown spectre_v1 spectre_v2 spec_store_bypass
bogomips	: 4390.09
clflush size	: 64
cache_alignment	: 64
address sizes	: 39 bits physical, 48 bits virtual
power management:

processor	: 6
vendor_id	: GenuineIntel
cpu family	: 6
model		: 60
model name	: Intel(R) Core(TM) i7-4702MQ CPU @ 2.20GHz
stepping	: 3
microcode	: 0x24
cpu MHz		: 2694.356
cache size	: 6144 KB
physical id	: 0
siblings	: 8
core id		: 3
cpu cores	: 12
apicid		: 6
initial apicid	: 6
fpu		: yes
fpu_exception	: yes
cpuid level	: 13
wp		: yes
flags		: fpu vme de pse tsc msr pae mce cx8 apic sep mtrr pge mca cmov pat pse36 clflush dts acpi mmx fxsr sse sse2 ss ht tm pbe syscall nx pdpe1gb rdtscp lm constant_tsc arch_perfmon pebs bts rep_good nopl xtopology nonstop_tsc cpuid aperfmperf pni pclmulqdq dtes64 monitor ds_cpl vmx est tm2 ssse3 sdbg fma cx16 xtpr pdcm pcid sse4_1 sse4_2 movbe popcnt tsc_deadline_timer aes xsave avx f16c rdrand lahf_lm abm cpuid_fault epb invpcid_single pti ibrs ibpb stibp tpr_shadow vnmi flexpriority ept vpid fsgsbase tsc_adjust bmi1 avx2 smep bmi2 erms invpcid xsaveopt dtherm ida arat pln pts
bugs		: cpu_meltdown spectre_v1 spectre_v2 spec_store_bypass
bogomips	: 4390.09
clflush size	: 64
cache_alignment	: 64
address sizes	: 39 bits physical, 48 bits virtual
power management:

processor	: 7
vendor_id	: GenuineIntel
cpu family	: 6
model		: 60
model name	: Intel(R) Core(TM) i7-4702MQ CPU @ 2.20GHz
stepping	: 3
microcode	: 0x24
cpu MHz		: 2694.362
cache size	: 6144 KB
physical id	: 0
siblings	: 8
core id		: 3
cpu cores	: 65528
apicid		: 7
initial apicid	: 7
fpu		: yes
fpu_exception	: yes
cpuid level	: 13
wp		: yes
flags		: fpu vme de pse tsc msr pae mce cx8 apic sep mtrr pge mca cmov pat pse36 clflush dts acpi mmx fxsr sse sse2 ss ht tm pbe syscall nx pdpe1gb rdtscp lm constant_tsc arch_perfmon pebs bts rep_good nopl xtopology nonstop_tsc cpuid aperfmperf pni pclmulqdq dtes64 monitor ds_cpl vmx est tm2 ssse3 sdbg fma cx16 xtpr pdcm pcid sse4_1 sse4_2 movbe popcnt tsc_deadline_timer aes xsave avx f16c rdrand lahf_lm abm cpuid_fault epb invpcid_single pti ibrs ibpb stibp tpr_shadow vnmi flexpriority ept vpid fsgsbase tsc_adjust bmi1 avx2 smep bmi2 erms invpcid xsaveopt dtherm ida arat pln pts
bugs		: cpu_meltdown spectre_v1 spectre_v2 spec_store_bypass
bogomips	: 4390.09
clflush size	: 64
cache_alignment	: 64
address sizes	: 39 bits physical, 48 bits virtual
power management:



Memory: 4k page, physical 16356084k(157652k free), swap 0k(0k free)

vm_info: Java HotSpot(TM) 64-Bit Server VM (25.181-b13) for linux-amd64 JRE (1.8.0_181-b13), built on Jul  7 2018 00:56:38 by "java_re" with gcc 4.3.0 20080428 (Red Hat 4.3.0-8)

time: Mon Jul 23 23:43:15 2018
elapsed time: 36 seconds (0d 0h 0m 36s)

